2026-03-23 21:16:10.658025 (3267687) main____ INFO    ----------------------------------------
2026-03-23 21:16:10.658060 (3267687) main____ INFO    Jasper version info
2026-03-23 21:16:10.658066 (3267687) main____ INFO      tool      : Jasper 2025.06
2026-03-23 21:16:10.658070 (3267687) main____ INFO      version   : 2025.06 FCS 64 bits
2026-03-23 21:16:10.658072 (3267687) main____ INFO      build date: 2025.06.25 13:01:28 UTC
2026-03-23 21:16:10.658075 (3267687) main____ INFO    ----------------------------------------
2026-03-23 21:16:10.658076 (3267687) main____ INFO    Runtime info:
2026-03-23 21:16:10.658079 (3267687) main____ INFO      platform  : Linux 4.18.0-477.15.1.el8_8.x86_64 x86_64
2026-03-23 21:16:10.658083 (3267687) main____ INFO      hostname  : everest3.comp.nus.edu.sg
2026-03-23 21:16:10.658086 (3267687) main____ INFO      pid       : 3267687
2026-03-23 21:16:10.658089 (3267687) main____ INFO      arguments : '-style' 'windows' '-batch' '-proj' 'results/my_proj_nofwd_ct_obsv0_ptci_c2' 'results/veri_nofwd_ct_obsv0_ptci_c2.tcl'
2026-03-23 21:16:10.658093 (3267687) main____ INFO      locale    : UTF-8
2026-03-23 21:16:10.658095 (3267687) main____ INFO    ----------------------------------------
2026-03-23 21:16:10.658097 (3267687) main____ INFO    System resource limits info:
2026-03-23 21:16:10.658100 (3267687) main____ INFO      virtual memory: unlimited
2026-03-23 21:16:10.658102 (3267687) main____ INFO      cpu time      : unlimited
2026-03-23 21:16:10.658107 (3267687) main____ INFO      processes     : 3088331
2026-03-23 21:16:10.658114 (3267687) main____ INFO      stack size    : 12800000 B
2026-03-23 21:16:10.658118 (3267687) main____ INFO      core file size: 0 B
2026-03-23 21:16:10.658120 (3267687) main____ INFO      open files    : 262144
2026-03-23 21:16:10.658123 (3267687) main____ INFO      file size     : unlimited
2026-03-23 21:16:10.658125 (3267687) main____ INFO    ----------------------------------------
2026-03-23 21:16:10.658127 (3267687) main____ INFO    Memory statistics:
2026-03-23 21:16:10.658131 (3267687) main____ INFO      total physical memory  : 790648116 kB
2026-03-23 21:16:10.658133 (3267687) main____ INFO      free physical memory   : 763789268 kB
2026-03-23 21:16:10.658136 (3267687) main____ INFO      committed address space: 3457424 kB
2026-03-23 21:16:10.658138 (3267687) main____ INFO    ----------------------------------------
2026-03-23 21:16:10.658678 (3267687) main____ INFO    Important environment variables:
2026-03-23 21:16:10.658688 (3267687) main____ INFO      CDS_LIC_FILE       : '/opt/cadence/licenses/license.dat'
2026-03-23 21:16:10.658692 (3267687) main____ INFO      DISPLAY            : 'localhost:10.0'
2026-03-23 21:16:10.658694 (3267687) main____ INFO      JASPER_CPU_CHECK   : '1'
2026-03-23 21:16:10.658697 (3267687) main____ INFO      JASPER_INSTALL_DIR : '/opt/cadence/jasper_2025.06'
2026-03-23 21:16:10.658699 (3267687) main____ INFO      JASPER_KERNEL_CHECK: '1'
2026-03-23 21:16:10.658701 (3267687) main____ INFO      JASPER_OS_CHECK    : '1'
2026-03-23 21:16:10.658703 (3267687) main____ INFO      JASPER_PLATFORM    : 'Linux64'
2026-03-23 21:16:10.658706 (3267687) main____ INFO      LANG               : 'C.UTF-8'
2026-03-23 21:16:10.658708 (3267687) main____ INFO    ----------------------------------------
2026-03-23 21:16:10.658757 (3267687) lic_core INFO    Initializing license system ...
2026-03-23 21:16:10.663742 (3267701) lic_core INFO    [21:16:10.415577] Configured Lic search path (24.01-s003): /opt/cadence/licenses/license.dat
2026-03-23 21:16:10.669664 (3267687) lic_core INFO    ... license system initialized.
2026-03-23 21:16:10.669813 (3267687) lic__man INFO    Claim 'fpv' for <ui>.
2026-03-23 21:16:10.669838 (3267687) lic_core INFO    (1) checking out 'jasper_fpv' ...
2026-03-23 21:16:10.672887 (3267687) lic_core INFO    ... (1) checkout failed (error: -5) ("FLEXnet ERROR(-5, 0, 0): No such feature exists.")
2026-03-23 21:16:10.672907 (3267687) lic_core INFO    (2) checking out 'jasper_fao' ...
2026-03-23 21:16:10.680174 (3267687) lic_core INFO    ... (2) checkout succeeded
2026-03-23 21:16:10.722331 (3267687) session_ INFO    Starting analysis session with session id 'session_0' (launcher: <local>) ...
2026-03-23 21:16:10.724439 (3267687) session_ INFO    Analysis session with session id 'session_0' started (pid: 3267715)
2026-03-23 21:16:11.551069 (3267687) session_ INFO    Analysis session 'session_0' connected to the console (host: 127.0.0.1:45212)
2026-03-23 21:16:12.014961 (3267687) lic__man INFO    Unclaim everything for 'session_0'.
2026-03-23 21:16:12.062997 (3267687) lic__man INFO    Claim 'fpv' for 'session_0'.
2026-03-23 21:16:12.063021 (3267687) lic__man INFO    Claim 'fpv' for 'session_0/prove-0'.
2026-03-23 21:17:10.786353 (3267701) lic_core INFO    [21:17:10.261883] Periodic Lic check successful
2026-03-23 21:17:10.786392 (3267701) lic_core INFO      [21:17:10.786186] Feature usage summary:
2026-03-23 21:17:10.786397 (3267701) lic_core INFO      [21:17:10.786187] jasper_fao
