2026-03-24 20:20:48.041882 (3365955) main____ INFO    ----------------------------------------
2026-03-24 20:20:48.041922 (3365955) main____ INFO    Jasper version info
2026-03-24 20:20:48.041927 (3365955) main____ INFO      tool      : Jasper 2025.06
2026-03-24 20:20:48.041931 (3365955) main____ INFO      version   : 2025.06 FCS 64 bits
2026-03-24 20:20:48.041935 (3365955) main____ INFO      build date: 2025.06.25 13:01:28 UTC
2026-03-24 20:20:48.041937 (3365955) main____ INFO    ----------------------------------------
2026-03-24 20:20:48.041938 (3365955) main____ INFO    Runtime info:
2026-03-24 20:20:48.041941 (3365955) main____ INFO      platform  : Linux 4.18.0-477.15.1.el8_8.x86_64 x86_64
2026-03-24 20:20:48.041945 (3365955) main____ INFO      hostname  : everest3.comp.nus.edu.sg
2026-03-24 20:20:48.041949 (3365955) main____ INFO      pid       : 3365955
2026-03-24 20:20:48.041951 (3365955) main____ INFO      arguments : '-style' 'windows' '-batch' '-proj' 'results/my_proj_sodor_s_cpu_c3' 'results/veri_sodor_s_cpu_c3.tcl'
2026-03-24 20:20:48.041956 (3365955) main____ INFO      locale    : UTF-8
2026-03-24 20:20:48.041957 (3365955) main____ INFO    ----------------------------------------
2026-03-24 20:20:48.041959 (3365955) main____ INFO    System resource limits info:
2026-03-24 20:20:48.041963 (3365955) main____ INFO      virtual memory: unlimited
2026-03-24 20:20:48.041965 (3365955) main____ INFO      cpu time      : unlimited
2026-03-24 20:20:48.041972 (3365955) main____ INFO      processes     : 3088331
2026-03-24 20:20:48.041978 (3365955) main____ INFO      stack size    : 12800000 B
2026-03-24 20:20:48.041982 (3365955) main____ INFO      core file size: 0 B
2026-03-24 20:20:48.041985 (3365955) main____ INFO      open files    : 262144
2026-03-24 20:20:48.041988 (3365955) main____ INFO      file size     : unlimited
2026-03-24 20:20:48.041990 (3365955) main____ INFO    ----------------------------------------
2026-03-24 20:20:48.041992 (3365955) main____ INFO    Memory statistics:
2026-03-24 20:20:48.041995 (3365955) main____ INFO      total physical memory  : 790648116 kB
2026-03-24 20:20:48.041998 (3365955) main____ INFO      free physical memory   : 762945096 kB
2026-03-24 20:20:48.042001 (3365955) main____ INFO      committed address space: 4029824 kB
2026-03-24 20:20:48.042003 (3365955) main____ INFO    ----------------------------------------
2026-03-24 20:20:48.042544 (3365955) main____ INFO    Important environment variables:
2026-03-24 20:20:48.042556 (3365955) main____ INFO      CDS_LIC_FILE       : '/opt/cadence/licenses/license.dat'
2026-03-24 20:20:48.042559 (3365955) main____ INFO      DISPLAY            : 'localhost:10.0'
2026-03-24 20:20:48.042562 (3365955) main____ INFO      JASPER_CPU_CHECK   : '1'
2026-03-24 20:20:48.042564 (3365955) main____ INFO      JASPER_INSTALL_DIR : '/opt/cadence/jasper_2025.06'
2026-03-24 20:20:48.042567 (3365955) main____ INFO      JASPER_KERNEL_CHECK: '1'
2026-03-24 20:20:48.042569 (3365955) main____ INFO      JASPER_OS_CHECK    : '1'
2026-03-24 20:20:48.042571 (3365955) main____ INFO      JASPER_PLATFORM    : 'Linux64'
2026-03-24 20:20:48.042574 (3365955) main____ INFO      LANG               : 'C.UTF-8'
2026-03-24 20:20:48.042576 (3365955) main____ INFO    ----------------------------------------
2026-03-24 20:20:48.042618 (3365955) lic_core INFO    Initializing license system ...
2026-03-24 20:20:48.415882 (3365970) lic_core INFO    [20:20:48.415617] Configured Lic search path (24.01-s003): /opt/cadence/licenses/license.dat
2026-03-24 20:20:48.422358 (3365955) lic_core INFO    ... license system initialized.
2026-03-24 20:20:48.422536 (3365955) lic__man INFO    Claim 'fpv' for <ui>.
2026-03-24 20:20:48.422562 (3365955) lic_core INFO    (1) checking out 'jasper_fpv' ...
2026-03-24 20:20:48.426017 (3365955) lic_core INFO    ... (1) checkout failed (error: -5) ("FLEXnet ERROR(-5, 0, 0): No such feature exists.")
2026-03-24 20:20:48.426038 (3365955) lic_core INFO    (2) checking out 'jasper_fao' ...
2026-03-24 20:20:48.434261 (3365955) lic_core INFO    ... (2) checkout succeeded
2026-03-24 20:20:48.483761 (3365955) session_ INFO    Starting analysis session with session id 'session_0' (launcher: <local>) ...
2026-03-24 20:20:48.486917 (3365955) session_ INFO    Analysis session with session id 'session_0' started (pid: 3365984)
2026-03-24 20:20:49.131239 (3365955) session_ INFO    Analysis session 'session_0' connected to the console (host: 127.0.0.1:54352)
2026-03-24 20:20:50.935893 (3365955) lic__man INFO    Unclaim everything for 'session_0'.
2026-03-24 20:20:51.038383 (3365955) lic__man INFO    Claim 'fpv' for 'session_0'.
2026-03-24 20:20:51.038421 (3365955) lic__man INFO    Claim 'fpv' for 'session_0/prove-0'.
2026-03-24 20:20:52.039708 (3365955) lic__man INFO    Unclaim everything for 'session_0/prove-0'.
2026-03-24 20:20:52.446958 (3365955) main____ INFO    About to exit: request to exit with status 0 received from analysis session 'session_0'
2026-03-24 20:20:52.605137 (3365955) session_ INFO    Analysis session 'session_0' disconnected.
2026-03-24 20:20:52.605236 (3365955) lic__man INFO    Unclaim everything for 'session_0'.
2026-03-24 20:20:52.605324 (3365955) session_ INFO    Process for analysis session 'session_0' has exited with exit status '0'.
2026-03-24 20:20:52.954117 (3365955) bridge__ INFO    jg_bridge has exited with exit status '0'.
2026-03-24 20:20:54.351550 (3365955) lic_core INFO    (2) checkin jasper_fao
2026-03-24 20:20:54.352286 (3365955) lic_core INFO    Lic Summary:
2026-03-24 20:20:54.352298 (3365955) lic_core INFO      [20:20:54.352210] Cdslmd servers:/opt/cadence/licenses/license.dat
2026-03-24 20:20:54.352302 (3365955) lic_core INFO      [20:20:54.352218] Feature usage summary:
2026-03-24 20:20:54.352304 (3365955) lic_core INFO      [20:20:54.352219] jasper_fao
2026-03-24 20:20:54.352458 (3365955) main____ INFO    Exiting with status 0.
