2026-03-24 01:49:49.636945 (3305487) main____ INFO    ----------------------------------------
2026-03-24 01:49:49.636979 (3305487) main____ INFO    Jasper version info
2026-03-24 01:49:49.636984 (3305487) main____ INFO      tool      : Jasper 2025.06
2026-03-24 01:49:49.636988 (3305487) main____ INFO      version   : 2025.06 FCS 64 bits
2026-03-24 01:49:49.636991 (3305487) main____ INFO      build date: 2025.06.25 13:01:28 UTC
2026-03-24 01:49:49.636993 (3305487) main____ INFO    ----------------------------------------
2026-03-24 01:49:49.636995 (3305487) main____ INFO    Runtime info:
2026-03-24 01:49:49.636998 (3305487) main____ INFO      platform  : Linux 4.18.0-477.15.1.el8_8.x86_64 x86_64
2026-03-24 01:49:49.637002 (3305487) main____ INFO      hostname  : everest3.comp.nus.edu.sg
2026-03-24 01:49:49.637006 (3305487) main____ INFO      pid       : 3305487
2026-03-24 01:49:49.637008 (3305487) main____ INFO      arguments : '-style' 'windows' '-batch' '-proj' 'results/my_proj_nofwd_ct_obsv0_cache_r' 'results/veri_nofwd_ct_obsv0_cache_r.tcl'
2026-03-24 01:49:49.637011 (3305487) main____ INFO      locale    : UTF-8
2026-03-24 01:49:49.637013 (3305487) main____ INFO    ----------------------------------------
2026-03-24 01:49:49.637015 (3305487) main____ INFO    System resource limits info:
2026-03-24 01:49:49.637019 (3305487) main____ INFO      virtual memory: unlimited
2026-03-24 01:49:49.637022 (3305487) main____ INFO      cpu time      : unlimited
2026-03-24 01:49:49.637027 (3305487) main____ INFO      processes     : 3088331
2026-03-24 01:49:49.637033 (3305487) main____ INFO      stack size    : 12800000 B
2026-03-24 01:49:49.637037 (3305487) main____ INFO      core file size: 0 B
2026-03-24 01:49:49.637039 (3305487) main____ INFO      open files    : 262144
2026-03-24 01:49:49.637042 (3305487) main____ INFO      file size     : unlimited
2026-03-24 01:49:49.637044 (3305487) main____ INFO    ----------------------------------------
2026-03-24 01:49:49.637046 (3305487) main____ INFO    Memory statistics:
2026-03-24 01:49:49.637049 (3305487) main____ INFO      total physical memory  : 790648116 kB
2026-03-24 01:49:49.637052 (3305487) main____ INFO      free physical memory   : 764030176 kB
2026-03-24 01:49:49.637054 (3305487) main____ INFO      committed address space: 3790424 kB
2026-03-24 01:49:49.637056 (3305487) main____ INFO    ----------------------------------------
2026-03-24 01:49:49.637598 (3305487) main____ INFO    Important environment variables:
2026-03-24 01:49:49.637608 (3305487) main____ INFO      CDS_LIC_FILE       : '/opt/cadence/licenses/license.dat'
2026-03-24 01:49:49.637612 (3305487) main____ INFO      DISPLAY            : 'localhost:10.0'
2026-03-24 01:49:49.637614 (3305487) main____ INFO      JASPER_CPU_CHECK   : '1'
2026-03-24 01:49:49.637617 (3305487) main____ INFO      JASPER_INSTALL_DIR : '/opt/cadence/jasper_2025.06'
2026-03-24 01:49:49.637619 (3305487) main____ INFO      JASPER_KERNEL_CHECK: '1'
2026-03-24 01:49:49.637621 (3305487) main____ INFO      JASPER_OS_CHECK    : '1'
2026-03-24 01:49:49.637624 (3305487) main____ INFO      JASPER_PLATFORM    : 'Linux64'
2026-03-24 01:49:49.637626 (3305487) main____ INFO      LANG               : 'C.UTF-8'
2026-03-24 01:49:49.637628 (3305487) main____ INFO    ----------------------------------------
2026-03-24 01:49:49.637670 (3305487) lic_core INFO    Initializing license system ...
2026-03-24 01:49:49.642383 (3305501) lic_core INFO    [01:49:49.415705] Configured Lic search path (24.01-s003): /opt/cadence/licenses/license.dat
2026-03-24 01:49:49.648498 (3305487) lic_core INFO    ... license system initialized.
2026-03-24 01:49:49.648639 (3305487) lic__man INFO    Claim 'fpv' for <ui>.
2026-03-24 01:49:49.648661 (3305487) lic_core INFO    (1) checking out 'jasper_fpv' ...
2026-03-24 01:49:49.651550 (3305487) lic_core INFO    ... (1) checkout failed (error: -5) ("FLEXnet ERROR(-5, 0, 0): No such feature exists.")
2026-03-24 01:49:49.651568 (3305487) lic_core INFO    (2) checking out 'jasper_fao' ...
2026-03-24 01:49:49.658603 (3305487) lic_core INFO    ... (2) checkout succeeded
2026-03-24 01:49:49.702675 (3305487) session_ INFO    Starting analysis session with session id 'session_0' (launcher: <local>) ...
2026-03-24 01:49:49.705055 (3305487) session_ INFO    Analysis session with session id 'session_0' started (pid: 3305515)
2026-03-24 01:49:50.550664 (3305487) session_ INFO    Analysis session 'session_0' connected to the console (host: 127.0.0.1:37346)
2026-03-24 01:49:51.010253 (3305487) lic__man INFO    Unclaim everything for 'session_0'.
2026-03-24 01:49:51.058123 (3305487) lic__man INFO    Claim 'fpv' for 'session_0'.
2026-03-24 01:49:51.058148 (3305487) lic__man INFO    Claim 'fpv' for 'session_0/prove-0'.
2026-03-24 01:50:49.787059 (3305501) lic_core INFO    [01:50:49.262608] Periodic Lic check successful
2026-03-24 01:50:49.787098 (3305501) lic_core INFO      [01:50:49.786905] Feature usage summary:
2026-03-24 01:50:49.787102 (3305501) lic_core INFO      [01:50:49.786905] jasper_fao
2026-03-24 01:50:51.755592 (3305487) lic__man INFO    Unclaim everything for 'session_0/prove-0'.
2026-03-24 01:50:52.049867 (3305487) main____ INFO    About to exit: request to exit with status 0 received from analysis session 'session_0'
2026-03-24 01:50:52.216373 (3305487) session_ INFO    Analysis session 'session_0' disconnected.
2026-03-24 01:50:52.216521 (3305487) lic__man INFO    Unclaim everything for 'session_0'.
2026-03-24 01:50:52.216620 (3305487) session_ INFO    Process for analysis session 'session_0' has exited with exit status '0'.
2026-03-24 01:50:52.553664 (3305487) bridge__ INFO    jg_bridge has exited with exit status '0'.
2026-03-24 01:50:54.153589 (3305487) lic_core INFO    (2) checkin jasper_fao
2026-03-24 01:50:54.154462 (3305487) lic_core INFO    Lic Summary:
2026-03-24 01:50:54.154475 (3305487) lic_core INFO      [01:50:54.154369] Cdslmd servers:/opt/cadence/licenses/license.dat
2026-03-24 01:50:54.154478 (3305487) lic_core INFO      [01:50:54.154371] Feature usage summary:
2026-03-24 01:50:54.154480 (3305487) lic_core INFO      [01:50:54.154376] jasper_fao
2026-03-24 01:50:54.154654 (3305487) main____ INFO    Exiting with status 0.
