2026-03-24 01:24:34.369481 (3296882) main____ INFO    ----------------------------------------
2026-03-24 01:24:34.369512 (3296882) main____ INFO    Jasper version info
2026-03-24 01:24:34.369517 (3296882) main____ INFO      tool      : Jasper 2025.06
2026-03-24 01:24:34.369521 (3296882) main____ INFO      version   : 2025.06 FCS 64 bits
2026-03-24 01:24:34.369524 (3296882) main____ INFO      build date: 2025.06.25 13:01:28 UTC
2026-03-24 01:24:34.369526 (3296882) main____ INFO    ----------------------------------------
2026-03-24 01:24:34.369528 (3296882) main____ INFO    Runtime info:
2026-03-24 01:24:34.369531 (3296882) main____ INFO      platform  : Linux 4.18.0-477.15.1.el8_8.x86_64 x86_64
2026-03-24 01:24:34.369535 (3296882) main____ INFO      hostname  : everest3.comp.nus.edu.sg
2026-03-24 01:24:34.369538 (3296882) main____ INFO      pid       : 3296882
2026-03-24 01:24:34.369541 (3296882) main____ INFO      arguments : '-style' 'windows' '-batch' '-proj' 'results/my_proj_nofwd_ct_obsv0_ptci' 'results/veri_nofwd_ct_obsv0_ptci.tcl'
2026-03-24 01:24:34.369544 (3296882) main____ INFO      locale    : UTF-8
2026-03-24 01:24:34.369546 (3296882) main____ INFO    ----------------------------------------
2026-03-24 01:24:34.369548 (3296882) main____ INFO    System resource limits info:
2026-03-24 01:24:34.369551 (3296882) main____ INFO      virtual memory: unlimited
2026-03-24 01:24:34.369554 (3296882) main____ INFO      cpu time      : unlimited
2026-03-24 01:24:34.369559 (3296882) main____ INFO      processes     : 3088331
2026-03-24 01:24:34.369566 (3296882) main____ INFO      stack size    : 12800000 B
2026-03-24 01:24:34.369569 (3296882) main____ INFO      core file size: 0 B
2026-03-24 01:24:34.369572 (3296882) main____ INFO      open files    : 262144
2026-03-24 01:24:34.369575 (3296882) main____ INFO      file size     : unlimited
2026-03-24 01:24:34.369577 (3296882) main____ INFO    ----------------------------------------
2026-03-24 01:24:34.369579 (3296882) main____ INFO    Memory statistics:
2026-03-24 01:24:34.369582 (3296882) main____ INFO      total physical memory  : 790648116 kB
2026-03-24 01:24:34.369584 (3296882) main____ INFO      free physical memory   : 764729176 kB
2026-03-24 01:24:34.369588 (3296882) main____ INFO      committed address space: 2170204 kB
2026-03-24 01:24:34.369590 (3296882) main____ INFO    ----------------------------------------
2026-03-24 01:24:34.370133 (3296882) main____ INFO    Important environment variables:
2026-03-24 01:24:34.370146 (3296882) main____ INFO      CDS_LIC_FILE       : '/opt/cadence/licenses/license.dat'
2026-03-24 01:24:34.370149 (3296882) main____ INFO      DISPLAY            : 'localhost:10.0'
2026-03-24 01:24:34.370152 (3296882) main____ INFO      JASPER_CPU_CHECK   : '1'
2026-03-24 01:24:34.370154 (3296882) main____ INFO      JASPER_INSTALL_DIR : '/opt/cadence/jasper_2025.06'
2026-03-24 01:24:34.370156 (3296882) main____ INFO      JASPER_KERNEL_CHECK: '1'
2026-03-24 01:24:34.370159 (3296882) main____ INFO      JASPER_OS_CHECK    : '1'
2026-03-24 01:24:34.370161 (3296882) main____ INFO      JASPER_PLATFORM    : 'Linux64'
2026-03-24 01:24:34.370164 (3296882) main____ INFO      LANG               : 'C.UTF-8'
2026-03-24 01:24:34.370166 (3296882) main____ INFO    ----------------------------------------
2026-03-24 01:24:34.370204 (3296882) lic_core INFO    Initializing license system ...
2026-03-24 01:24:34.415891 (3296896) lic_core INFO    [01:24:34.415601] Configured Lic search path (24.01-s003): /opt/cadence/licenses/license.dat
2026-03-24 01:24:34.422961 (3296882) lic_core INFO    ... license system initialized.
2026-03-24 01:24:34.423098 (3296882) lic__man INFO    Claim 'fpv' for <ui>.
2026-03-24 01:24:34.423119 (3296882) lic_core INFO    (1) checking out 'jasper_fpv' ...
2026-03-24 01:24:34.426435 (3296882) lic_core INFO    ... (1) checkout failed (error: -5) ("FLEXnet ERROR(-5, 0, 0): No such feature exists.")
2026-03-24 01:24:34.426453 (3296882) lic_core INFO    (2) checking out 'jasper_fao' ...
2026-03-24 01:24:34.433002 (3296882) lic_core INFO    ... (2) checkout succeeded
2026-03-24 01:24:34.476913 (3296882) session_ INFO    Starting analysis session with session id 'session_0' (launcher: <local>) ...
2026-03-24 01:24:34.479587 (3296882) session_ INFO    Analysis session with session id 'session_0' started (pid: 3296910)
2026-03-24 01:24:35.085709 (3296882) session_ INFO    Analysis session 'session_0' connected to the console (host: 127.0.0.1:33680)
2026-03-24 01:24:35.541595 (3296882) lic__man INFO    Unclaim everything for 'session_0'.
2026-03-24 01:24:35.590128 (3296882) lic__man INFO    Claim 'fpv' for 'session_0'.
2026-03-24 01:24:35.590150 (3296882) lic__man INFO    Claim 'fpv' for 'session_0/prove-0'.
2026-03-24 01:25:08.646067 (3296882) lic__man INFO    Unclaim everything for 'session_0/prove-0'.
2026-03-24 01:25:08.949982 (3296882) main____ INFO    About to exit: request to exit with status 0 received from analysis session 'session_0'
2026-03-24 01:25:09.098330 (3296882) session_ INFO    Analysis session 'session_0' disconnected.
2026-03-24 01:25:09.098425 (3296882) lic__man INFO    Unclaim everything for 'session_0'.
2026-03-24 01:25:09.098522 (3296882) session_ INFO    Process for analysis session 'session_0' has exited with exit status '0'.
2026-03-24 01:25:09.454481 (3296882) bridge__ INFO    jg_bridge has exited with exit status '0'.
2026-03-24 01:25:10.854126 (3296882) lic_core INFO    (2) checkin jasper_fao
2026-03-24 01:25:10.854925 (3296882) lic_core INFO    Lic Summary:
2026-03-24 01:25:10.854940 (3296882) lic_core INFO      [01:25:10.330515] Cdslmd servers:/opt/cadence/licenses/license.dat
2026-03-24 01:25:10.854943 (3296882) lic_core INFO      [01:25:10.854808] Feature usage summary:
2026-03-24 01:25:10.854945 (3296882) lic_core INFO      [01:25:10.854808] jasper_fao
2026-03-24 01:25:10.855034 (3296882) main____ INFO    Exiting with status 0.
