2026-03-31 22:49:50.789089 (3862229) main____ INFO    ----------------------------------------
2026-03-31 22:49:50.789176 (3862229) main____ INFO    Jasper version info
2026-03-31 22:49:50.789184 (3862229) main____ INFO      tool      : Jasper 2025.06
2026-03-31 22:49:50.789190 (3862229) main____ INFO      version   : 2025.06 FCS 64 bits
2026-03-31 22:49:50.789197 (3862229) main____ INFO      build date: 2025.06.25 13:01:28 UTC
2026-03-31 22:49:50.789200 (3862229) main____ INFO    ----------------------------------------
2026-03-31 22:49:50.789203 (3862229) main____ INFO    Runtime info:
2026-03-31 22:49:50.789207 (3862229) main____ INFO      platform  : Linux 4.18.0-477.15.1.el8_8.x86_64 x86_64
2026-03-31 22:49:50.789215 (3862229) main____ INFO      hostname  : everest3.comp.nus.edu.sg
2026-03-31 22:49:50.789221 (3862229) main____ INFO      pid       : 3862229
2026-03-31 22:49:50.789225 (3862229) main____ INFO      arguments : '-style' 'windows' '-batch' '-proj' 'results/my_proj_sodor_cpu_c4_combined_no_pmp' 'results/veri_sodor_cpu_c4_combined_no_pmp.tcl'
2026-03-31 22:49:50.789231 (3862229) main____ INFO      locale    : UTF-8
2026-03-31 22:49:50.789234 (3862229) main____ INFO    ----------------------------------------
2026-03-31 22:49:50.789236 (3862229) main____ INFO    System resource limits info:
2026-03-31 22:49:50.789242 (3862229) main____ INFO      virtual memory: unlimited
2026-03-31 22:49:50.789246 (3862229) main____ INFO      cpu time      : unlimited
2026-03-31 22:49:50.789254 (3862229) main____ INFO      processes     : 3088331
2026-03-31 22:49:50.789265 (3862229) main____ INFO      stack size    : 8388608 B
2026-03-31 22:49:50.789270 (3862229) main____ INFO      core file size: 0 B
2026-03-31 22:49:50.789275 (3862229) main____ INFO      open files    : 262144
2026-03-31 22:49:50.789279 (3862229) main____ INFO      file size     : unlimited
2026-03-31 22:49:50.789282 (3862229) main____ INFO    ----------------------------------------
2026-03-31 22:49:50.789284 (3862229) main____ INFO    Memory statistics:
2026-03-31 22:49:50.789289 (3862229) main____ INFO      total physical memory  : 790648116 kB
2026-03-31 22:49:50.789293 (3862229) main____ INFO      free physical memory   : 586817980 kB
2026-03-31 22:49:50.789297 (3862229) main____ INFO      committed address space: 80535068 kB
2026-03-31 22:49:50.789299 (3862229) main____ INFO    ----------------------------------------
2026-03-31 22:49:50.790198 (3862229) main____ INFO    Important environment variables:
2026-03-31 22:49:50.790239 (3862229) main____ INFO      CDS_LIC_FILE       : '/opt/cadence/licenses/license.dat'
2026-03-31 22:49:50.790244 (3862229) main____ INFO      DISPLAY            : 'localhost:10.0'
2026-03-31 22:49:50.790248 (3862229) main____ INFO      JASPER_CPU_CHECK   : '1'
2026-03-31 22:49:50.790252 (3862229) main____ INFO      JASPER_INSTALL_DIR : '/opt/cadence/jasper_2025.06'
2026-03-31 22:49:50.790256 (3862229) main____ INFO      JASPER_KERNEL_CHECK: '1'
2026-03-31 22:49:50.790259 (3862229) main____ INFO      JASPER_OS_CHECK    : '1'
2026-03-31 22:49:50.790263 (3862229) main____ INFO      JASPER_PLATFORM    : 'Linux64'
2026-03-31 22:49:50.790266 (3862229) main____ INFO      LANG               : 'C.UTF-8'
2026-03-31 22:49:50.790269 (3862229) main____ INFO    ----------------------------------------
2026-03-31 22:49:50.790353 (3862229) lic_core INFO    Initializing license system ...
2026-03-31 22:49:50.853029 (3862278) lic_core INFO    [22:49:50.415665] Configured Lic search path (24.01-s003): /opt/cadence/licenses/license.dat
2026-03-31 22:49:50.856468 (3862229) lic_core INFO    ... license system initialized.
2026-03-31 22:49:50.856792 (3862229) lic__man INFO    Claim 'fpv' for <ui>.
2026-03-31 22:49:50.856844 (3862229) lic_core INFO    (1) checking out 'jasper_fpv' ...
2026-03-31 22:49:50.862191 (3862229) lic_core INFO    ... (1) checkout failed (error: -5) ("FLEXnet ERROR(-5, 0, 0): No such feature exists.")
2026-03-31 22:49:50.862248 (3862229) lic_core INFO    (2) checking out 'jasper_fao' ...
2026-03-31 22:49:50.878392 (3862229) lic_core INFO    ... (2) checkout failed (error: -4) ("FLEXnet ERROR(-4, 0, 0): Licensed number of users already reached.")
2026-03-31 22:49:50.878455 (3862229) lic_core INFO    (3) checking out 'jasper_papp' ...
2026-03-31 22:49:50.882469 (3862229) lic_core INFO    ... (3) checkout failed (error: -4) ("FLEXnet ERROR(-4, 0, 0): Licensed number of users already reached.")
2026-03-31 22:50:50.794873 (3862278) lic_core INFO    [22:50:50.270528] Periodic Lic check successful
2026-03-31 22:50:50.794949 (3862278) lic_core INFO      [22:50:50.794819] Feature usage summary:
2026-03-31 22:50:50.882853 (3862229) lic_core INFO    (4) checking out 'jasper_fpv' ...
2026-03-31 22:50:50.882948 (3862229) lic_core INFO    ... (4) checkout failed (error: -1000000008) ("License feature excluded by previous fatal license checkout attempt")
2026-03-31 22:50:50.882962 (3862229) lic_core INFO    (5) checking out 'jasper_fao' ...
2026-03-31 22:50:50.906119 (3862229) lic_core INFO    ... (5) checkout failed (error: -4) ("FLEXnet ERROR(-4, 0, 0): Licensed number of users already reached.")
2026-03-31 22:50:50.906162 (3862229) lic_core INFO    (6) checking out 'jasper_papp' ...
2026-03-31 22:50:50.911034 (3862229) lic_core INFO    ... (6) checkout failed (error: -4) ("FLEXnet ERROR(-4, 0, 0): Licensed number of users already reached.")
2026-03-31 22:51:50.911398 (3862229) lic_core INFO    (7) checking out 'jasper_fpv' ...
2026-03-31 22:51:50.911496 (3862229) lic_core INFO    ... (7) checkout failed (error: -1000000008) ("License feature excluded by previous fatal license checkout attempt")
2026-03-31 22:51:50.911512 (3862229) lic_core INFO    (8) checking out 'jasper_fao' ...
2026-03-31 22:51:50.916658 (3862229) lic_core INFO    ... (8) checkout failed (error: -4) ("FLEXnet ERROR(-4, 0, 0): Licensed number of users already reached.")
2026-03-31 22:51:50.916704 (3862229) lic_core INFO    (9) checking out 'jasper_papp' ...
2026-03-31 22:51:50.923453 (3862229) lic_core INFO    ... (9) checkout failed (error: -4) ("FLEXnet ERROR(-4, 0, 0): Licensed number of users already reached.")
2026-03-31 22:52:50.923932 (3862229) lic_core INFO    (10) checking out 'jasper_fpv' ...
2026-03-31 22:52:50.923987 (3862229) lic_core INFO    ... (10) checkout failed (error: -1000000008) ("License feature excluded by previous fatal license checkout attempt")
2026-03-31 22:52:50.923998 (3862229) lic_core INFO    (11) checking out 'jasper_fao' ...
2026-03-31 22:52:50.933301 (3862229) lic_core INFO    ... (11) checkout failed (error: -4) ("FLEXnet ERROR(-4, 0, 0): Licensed number of users already reached.")
2026-03-31 22:52:50.933346 (3862229) lic_core INFO    (12) checking out 'jasper_papp' ...
2026-03-31 22:52:50.938088 (3862229) lic_core INFO    ... (12) checkout failed (error: -4) ("FLEXnet ERROR(-4, 0, 0): Licensed number of users already reached.")
2026-03-31 22:53:50.947597 (3862229) lic_core INFO    (13) checking out 'jasper_fpv' ...
2026-03-31 22:53:50.947646 (3862229) lic_core INFO    ... (13) checkout failed (error: -1000000008) ("License feature excluded by previous fatal license checkout attempt")
2026-03-31 22:53:50.947656 (3862229) lic_core INFO    (14) checking out 'jasper_fao' ...
2026-03-31 22:53:50.970735 (3862229) lic_core INFO    ... (14) checkout failed (error: -4) ("FLEXnet ERROR(-4, 0, 0): Licensed number of users already reached.")
2026-03-31 22:53:50.970780 (3862229) lic_core INFO    (15) checking out 'jasper_papp' ...
2026-03-31 22:53:50.975048 (3862229) lic_core INFO    ... (15) checkout failed (error: -4) ("FLEXnet ERROR(-4, 0, 0): Licensed number of users already reached.")
2026-03-31 22:54:50.976005 (3862229) lic_core INFO    (16) checking out 'jasper_fpv' ...
2026-03-31 22:54:50.976059 (3862229) lic_core INFO    ... (16) checkout failed (error: -1000000008) ("License feature excluded by previous fatal license checkout attempt")
2026-03-31 22:54:50.976070 (3862229) lic_core INFO    (17) checking out 'jasper_fao' ...
2026-03-31 22:54:50.996777 (3862229) lic_core INFO    ... (17) checkout failed (error: -4) ("FLEXnet ERROR(-4, 0, 0): Licensed number of users already reached.")
2026-03-31 22:54:50.996845 (3862229) lic_core INFO    (18) checking out 'jasper_papp' ...
2026-03-31 22:54:51.015462 (3862229) lic_core INFO    ... (18) checkout failed (error: -4) ("FLEXnet ERROR(-4, 0, 0): Licensed number of users already reached.")
2026-03-31 22:55:51.015698 (3862229) lic_core INFO    (19) checking out 'jasper_fpv' ...
2026-03-31 22:55:51.015796 (3862229) lic_core INFO    ... (19) checkout failed (error: -1000000008) ("License feature excluded by previous fatal license checkout attempt")
2026-03-31 22:55:51.015809 (3862229) lic_core INFO    (20) checking out 'jasper_fao' ...
2026-03-31 22:55:51.028700 (3862229) lic_core INFO    ... (20) checkout failed (error: -4) ("FLEXnet ERROR(-4, 0, 0): Licensed number of users already reached.")
2026-03-31 22:55:51.028746 (3862229) lic_core INFO    (21) checking out 'jasper_papp' ...
2026-03-31 22:55:51.032243 (3862229) lic_core INFO    ... (21) checkout failed (error: -4) ("FLEXnet ERROR(-4, 0, 0): Licensed number of users already reached.")
2026-03-31 22:56:51.036247 (3862229) lic_core INFO    (22) checking out 'jasper_fpv' ...
2026-03-31 22:56:51.036333 (3862229) lic_core INFO    ... (22) checkout failed (error: -1000000008) ("License feature excluded by previous fatal license checkout attempt")
2026-03-31 22:56:51.036346 (3862229) lic_core INFO    (23) checking out 'jasper_fao' ...
2026-03-31 22:56:51.039882 (3862229) lic_core INFO    ... (23) checkout failed (error: -4) ("FLEXnet ERROR(-4, 0, 0): Licensed number of users already reached.")
2026-03-31 22:56:51.039926 (3862229) lic_core INFO    (24) checking out 'jasper_papp' ...
2026-03-31 22:56:51.044588 (3862229) lic_core INFO    ... (24) checkout failed (error: -4) ("FLEXnet ERROR(-4, 0, 0): Licensed number of users already reached.")
2026-03-31 22:57:51.044834 (3862229) lic_core INFO    (25) checking out 'jasper_fpv' ...
2026-03-31 22:57:51.044932 (3862229) lic_core INFO    ... (25) checkout failed (error: -1000000008) ("License feature excluded by previous fatal license checkout attempt")
2026-03-31 22:57:51.044946 (3862229) lic_core INFO    (26) checking out 'jasper_fao' ...
2026-03-31 22:57:51.051424 (3862229) lic_core INFO    ... (26) checkout failed (error: -4) ("FLEXnet ERROR(-4, 0, 0): Licensed number of users already reached.")
2026-03-31 22:57:51.051462 (3862229) lic_core INFO    (27) checking out 'jasper_papp' ...
2026-03-31 22:57:51.055466 (3862229) lic_core INFO    ... (27) checkout failed (error: -4) ("FLEXnet ERROR(-4, 0, 0): Licensed number of users already reached.")
2026-03-31 22:58:51.060357 (3862229) lic_core INFO    (28) checking out 'jasper_fpv' ...
2026-03-31 22:58:51.060454 (3862229) lic_core INFO    ... (28) checkout failed (error: -1000000008) ("License feature excluded by previous fatal license checkout attempt")
2026-03-31 22:58:51.060468 (3862229) lic_core INFO    (29) checking out 'jasper_fao' ...
2026-03-31 22:58:51.067041 (3862229) lic_core INFO    ... (29) checkout failed (error: -4) ("FLEXnet ERROR(-4, 0, 0): Licensed number of users already reached.")
2026-03-31 22:58:51.067085 (3862229) lic_core INFO    (30) checking out 'jasper_papp' ...
2026-03-31 22:58:51.072116 (3862229) lic_core INFO    ... (30) checkout failed (error: -4) ("FLEXnet ERROR(-4, 0, 0): Licensed number of users already reached.")
2026-03-31 22:59:51.076568 (3862229) lic_core INFO    (31) checking out 'jasper_fpv' ...
2026-03-31 22:59:51.076628 (3862229) lic_core INFO    ... (31) checkout failed (error: -1000000008) ("License feature excluded by previous fatal license checkout attempt")
2026-03-31 22:59:51.076639 (3862229) lic_core INFO    (32) checking out 'jasper_fao' ...
2026-03-31 22:59:51.090995 (3862229) lic_core INFO    ... (32) checkout failed (error: -4) ("FLEXnet ERROR(-4, 0, 0): Licensed number of users already reached.")
2026-03-31 22:59:51.091047 (3862229) lic_core INFO    (33) checking out 'jasper_papp' ...
2026-03-31 22:59:51.101046 (3862229) lic_core INFO    ... (33) checkout failed (error: -4) ("FLEXnet ERROR(-4, 0, 0): Licensed number of users already reached.")
2026-03-31 23:00:51.101294 (3862229) lic_core INFO    (34) checking out 'jasper_fpv' ...
2026-03-31 23:00:51.101398 (3862229) lic_core INFO    ... (34) checkout failed (error: -1000000008) ("License feature excluded by previous fatal license checkout attempt")
2026-03-31 23:00:51.101411 (3862229) lic_core INFO    (35) checking out 'jasper_fao' ...
2026-03-31 23:00:51.126866 (3862229) lic_core INFO    ... (35) checkout failed (error: -4) ("FLEXnet ERROR(-4, 0, 0): Licensed number of users already reached.")
2026-03-31 23:00:51.126923 (3862229) lic_core INFO    (36) checking out 'jasper_papp' ...
2026-03-31 23:00:51.135971 (3862229) lic_core INFO    ... (36) checkout failed (error: -4) ("FLEXnet ERROR(-4, 0, 0): Licensed number of users already reached.")
2026-03-31 23:01:51.136236 (3862229) lic_core INFO    (37) checking out 'jasper_fpv' ...
2026-03-31 23:01:51.136329 (3862229) lic_core INFO    ... (37) checkout failed (error: -1000000008) ("License feature excluded by previous fatal license checkout attempt")
2026-03-31 23:01:51.136343 (3862229) lic_core INFO    (38) checking out 'jasper_fao' ...
2026-03-31 23:01:51.160633 (3862229) lic_core INFO    ... (38) checkout failed (error: -4) ("FLEXnet ERROR(-4, 0, 0): Licensed number of users already reached.")
2026-03-31 23:01:51.160684 (3862229) lic_core INFO    (39) checking out 'jasper_papp' ...
2026-03-31 23:01:51.165415 (3862229) lic_core INFO    ... (39) checkout failed (error: -4) ("FLEXnet ERROR(-4, 0, 0): Licensed number of users already reached.")
2026-03-31 23:02:51.166209 (3862229) lic_core INFO    (40) checking out 'jasper_fpv' ...
2026-03-31 23:02:51.166267 (3862229) lic_core INFO    ... (40) checkout failed (error: -1000000008) ("License feature excluded by previous fatal license checkout attempt")
2026-03-31 23:02:51.166280 (3862229) lic_core INFO    (41) checking out 'jasper_fao' ...
2026-03-31 23:02:51.178998 (3862229) lic_core INFO    ... (41) checkout failed (error: -4) ("FLEXnet ERROR(-4, 0, 0): Licensed number of users already reached.")
2026-03-31 23:02:51.179046 (3862229) lic_core INFO    (42) checking out 'jasper_papp' ...
2026-03-31 23:02:51.203588 (3862229) lic_core INFO    ... (42) checkout failed (error: -4) ("FLEXnet ERROR(-4, 0, 0): Licensed number of users already reached.")
2026-03-31 23:03:51.204213 (3862229) lic_core INFO    (43) checking out 'jasper_fpv' ...
2026-03-31 23:03:51.204262 (3862229) lic_core INFO    ... (43) checkout failed (error: -1000000008) ("License feature excluded by previous fatal license checkout attempt")
2026-03-31 23:03:51.204273 (3862229) lic_core INFO    (44) checking out 'jasper_fao' ...
2026-03-31 23:03:51.208120 (3862229) lic_core INFO    ... (44) checkout failed (error: -4) ("FLEXnet ERROR(-4, 0, 0): Licensed number of users already reached.")
2026-03-31 23:03:51.208170 (3862229) lic_core INFO    (45) checking out 'jasper_papp' ...
2026-03-31 23:03:51.213540 (3862229) lic_core INFO    ... (45) checkout failed (error: -4) ("FLEXnet ERROR(-4, 0, 0): Licensed number of users already reached.")
2026-03-31 23:04:51.213758 (3862229) lic_core INFO    (46) checking out 'jasper_fpv' ...
2026-03-31 23:04:51.213863 (3862229) lic_core INFO    ... (46) checkout failed (error: -1000000008) ("License feature excluded by previous fatal license checkout attempt")
2026-03-31 23:04:51.213877 (3862229) lic_core INFO    (47) checking out 'jasper_fao' ...
2026-03-31 23:04:51.228608 (3862229) lic_core INFO    ... (47) checkout failed (error: -4) ("FLEXnet ERROR(-4, 0, 0): Licensed number of users already reached.")
2026-03-31 23:04:51.228653 (3862229) lic_core INFO    (48) checking out 'jasper_papp' ...
2026-03-31 23:04:51.234156 (3862229) lic_core INFO    ... (48) checkout failed (error: -4) ("FLEXnet ERROR(-4, 0, 0): Licensed number of users already reached.")
2026-03-31 23:05:51.234368 (3862229) lic_core INFO    (49) checking out 'jasper_fpv' ...
2026-03-31 23:05:51.234448 (3862229) lic_core INFO    ... (49) checkout failed (error: -1000000008) ("License feature excluded by previous fatal license checkout attempt")
2026-03-31 23:05:51.234459 (3862229) lic_core INFO    (50) checking out 'jasper_fao' ...
2026-03-31 23:05:51.240988 (3862229) lic_core INFO    ... (50) checkout failed (error: -4) ("FLEXnet ERROR(-4, 0, 0): Licensed number of users already reached.")
2026-03-31 23:05:51.241026 (3862229) lic_core INFO    (51) checking out 'jasper_papp' ...
2026-03-31 23:05:51.245137 (3862229) lic_core INFO    ... (51) checkout failed (error: -4) ("FLEXnet ERROR(-4, 0, 0): Licensed number of users already reached.")
2026-03-31 23:06:51.259588 (3862229) lic_core INFO    (52) checking out 'jasper_fpv' ...
2026-03-31 23:06:51.259636 (3862229) lic_core INFO    ... (52) checkout failed (error: -1000000008) ("License feature excluded by previous fatal license checkout attempt")
2026-03-31 23:06:51.259646 (3862229) lic_core INFO    (53) checking out 'jasper_fao' ...
2026-03-31 23:06:51.274061 (3862229) lic_core INFO    ... (53) checkout failed (error: -4) ("FLEXnet ERROR(-4, 0, 0): Licensed number of users already reached.")
2026-03-31 23:06:51.274109 (3862229) lic_core INFO    (54) checking out 'jasper_papp' ...
2026-03-31 23:06:51.288550 (3862229) lic_core INFO    ... (54) checkout failed (error: -4) ("FLEXnet ERROR(-4, 0, 0): Licensed number of users already reached.")
2026-03-31 23:07:51.288813 (3862229) lic_core INFO    (55) checking out 'jasper_fpv' ...
2026-03-31 23:07:51.288909 (3862229) lic_core INFO    ... (55) checkout failed (error: -1000000008) ("License feature excluded by previous fatal license checkout attempt")
2026-03-31 23:07:51.288922 (3862229) lic_core INFO    (56) checking out 'jasper_fao' ...
2026-03-31 23:07:51.318751 (3862229) lic_core INFO    ... (56) checkout failed (error: -4) ("FLEXnet ERROR(-4, 0, 0): Licensed number of users already reached.")
2026-03-31 23:07:51.318799 (3862229) lic_core INFO    (57) checking out 'jasper_papp' ...
2026-03-31 23:07:51.351553 (3862229) lic_core INFO    ... (57) checkout failed (error: -4) ("FLEXnet ERROR(-4, 0, 0): Licensed number of users already reached.")
2026-03-31 23:08:51.354767 (3862229) lic_core INFO    (58) checking out 'jasper_fpv' ...
2026-03-31 23:08:51.354862 (3862229) lic_core INFO    ... (58) checkout failed (error: -1000000008) ("License feature excluded by previous fatal license checkout attempt")
2026-03-31 23:08:51.354874 (3862229) lic_core INFO    (59) checking out 'jasper_fao' ...
2026-03-31 23:08:51.386529 (3862229) lic_core INFO    ... (59) checkout failed (error: -4) ("FLEXnet ERROR(-4, 0, 0): Licensed number of users already reached.")
2026-03-31 23:08:51.386577 (3862229) lic_core INFO    (60) checking out 'jasper_papp' ...
2026-03-31 23:08:51.392325 (3862229) lic_core INFO    ... (60) checkout failed (error: -4) ("FLEXnet ERROR(-4, 0, 0): Licensed number of users already reached.")
2026-03-31 23:09:51.392535 (3862229) lic_core INFO    (61) checking out 'jasper_fpv' ...
2026-03-31 23:09:51.392594 (3862229) lic_core INFO    ... (61) checkout failed (error: -1000000008) ("License feature excluded by previous fatal license checkout attempt")
2026-03-31 23:09:51.392607 (3862229) lic_core INFO    (62) checking out 'jasper_fao' ...
2026-03-31 23:09:51.407267 (3862229) lic_core INFO    ... (62) checkout failed (error: -4) ("FLEXnet ERROR(-4, 0, 0): Licensed number of users already reached.")
2026-03-31 23:09:51.407317 (3862229) lic_core INFO    (63) checking out 'jasper_papp' ...
2026-03-31 23:09:51.419433 (3862229) lic_core INFO    ... (63) checkout failed (error: -4) ("FLEXnet ERROR(-4, 0, 0): Licensed number of users already reached.")
2026-03-31 23:10:51.428220 (3862229) lic_core INFO    (64) checking out 'jasper_fpv' ...
2026-03-31 23:10:51.428304 (3862229) lic_core INFO    ... (64) checkout failed (error: -1000000008) ("License feature excluded by previous fatal license checkout attempt")
2026-03-31 23:10:51.428317 (3862229) lic_core INFO    (65) checking out 'jasper_fao' ...
2026-03-31 23:10:51.470729 (3862229) lic_core INFO    ... (65) checkout failed (error: -4) ("FLEXnet ERROR(-4, 0, 0): Licensed number of users already reached.")
2026-03-31 23:10:51.470778 (3862229) lic_core INFO    (66) checking out 'jasper_papp' ...
2026-03-31 23:10:51.502912 (3862229) lic_core INFO    ... (66) checkout failed (error: -4) ("FLEXnet ERROR(-4, 0, 0): Licensed number of users already reached.")
2026-03-31 23:11:51.503156 (3862229) lic_core INFO    (67) checking out 'jasper_fpv' ...
2026-03-31 23:11:51.503249 (3862229) lic_core INFO    ... (67) checkout failed (error: -1000000008) ("License feature excluded by previous fatal license checkout attempt")
2026-03-31 23:11:51.503261 (3862229) lic_core INFO    (68) checking out 'jasper_fao' ...
2026-03-31 23:11:51.520022 (3862229) lic_core INFO    ... (68) checkout failed (error: -4) ("FLEXnet ERROR(-4, 0, 0): Licensed number of users already reached.")
2026-03-31 23:11:51.520067 (3862229) lic_core INFO    (69) checking out 'jasper_papp' ...
2026-03-31 23:11:51.549234 (3862229) lic_core INFO    ... (69) checkout failed (error: -4) ("FLEXnet ERROR(-4, 0, 0): Licensed number of users already reached.")
2026-03-31 23:12:51.549487 (3862229) lic_core INFO    (70) checking out 'jasper_fpv' ...
2026-03-31 23:12:51.549576 (3862229) lic_core INFO    ... (70) checkout failed (error: -1000000008) ("License feature excluded by previous fatal license checkout attempt")
2026-03-31 23:12:51.549590 (3862229) lic_core INFO    (71) checking out 'jasper_fao' ...
2026-03-31 23:12:51.554341 (3862229) lic_core INFO    ... (71) checkout failed (error: -4) ("FLEXnet ERROR(-4, 0, 0): Licensed number of users already reached.")
2026-03-31 23:12:51.554391 (3862229) lic_core INFO    (72) checking out 'jasper_papp' ...
2026-03-31 23:12:51.569085 (3862229) lic_core INFO    ... (72) checkout failed (error: -4) ("FLEXnet ERROR(-4, 0, 0): Licensed number of users already reached.")
2026-03-31 23:13:51.569314 (3862229) lic_core INFO    (73) checking out 'jasper_fpv' ...
2026-03-31 23:13:51.569408 (3862229) lic_core INFO    ... (73) checkout failed (error: -1000000008) ("License feature excluded by previous fatal license checkout attempt")
2026-03-31 23:13:51.569421 (3862229) lic_core INFO    (74) checking out 'jasper_fao' ...
2026-03-31 23:13:51.573343 (3862229) lic_core INFO    ... (74) checkout failed (error: -4) ("FLEXnet ERROR(-4, 0, 0): Licensed number of users already reached.")
2026-03-31 23:13:51.573406 (3862229) lic_core INFO    (75) checking out 'jasper_papp' ...
2026-03-31 23:13:51.579059 (3862229) lic_core INFO    ... (75) checkout failed (error: -4) ("FLEXnet ERROR(-4, 0, 0): Licensed number of users already reached.")
2026-03-31 23:14:51.579291 (3862229) lic_core INFO    (76) checking out 'jasper_fpv' ...
2026-03-31 23:14:51.579374 (3862229) lic_core INFO    ... (76) checkout failed (error: -1000000008) ("License feature excluded by previous fatal license checkout attempt")
2026-03-31 23:14:51.579386 (3862229) lic_core INFO    (77) checking out 'jasper_fao' ...
2026-03-31 23:14:51.586309 (3862229) lic_core INFO    ... (77) checkout failed (error: -4) ("FLEXnet ERROR(-4, 0, 0): Licensed number of users already reached.")
2026-03-31 23:14:51.586348 (3862229) lic_core INFO    (78) checking out 'jasper_papp' ...
2026-03-31 23:14:51.589593 (3862229) lic_core INFO    ... (78) checkout failed (error: -4) ("FLEXnet ERROR(-4, 0, 0): Licensed number of users already reached.")
2026-03-31 23:15:51.599758 (3862229) lic_core INFO    (79) checking out 'jasper_fpv' ...
2026-03-31 23:15:51.599852 (3862229) lic_core INFO    ... (79) checkout failed (error: -1000000008) ("License feature excluded by previous fatal license checkout attempt")
2026-03-31 23:15:51.599866 (3862229) lic_core INFO    (80) checking out 'jasper_fao' ...
2026-03-31 23:15:51.612831 (3862229) lic_core INFO    ... (80) checkout failed (error: -4) ("FLEXnet ERROR(-4, 0, 0): Licensed number of users already reached.")
2026-03-31 23:15:51.612875 (3862229) lic_core INFO    (81) checking out 'jasper_papp' ...
2026-03-31 23:15:51.623431 (3862229) lic_core INFO    ... (81) checkout failed (error: -4) ("FLEXnet ERROR(-4, 0, 0): Licensed number of users already reached.")
2026-03-31 23:16:51.623665 (3862229) lic_core INFO    (82) checking out 'jasper_fpv' ...
2026-03-31 23:16:51.623755 (3862229) lic_core INFO    ... (82) checkout failed (error: -1000000008) ("License feature excluded by previous fatal license checkout attempt")
2026-03-31 23:16:51.623771 (3862229) lic_core INFO    (83) checking out 'jasper_fao' ...
2026-03-31 23:16:51.638986 (3862229) lic_core INFO    ... (83) checkout failed (error: -4) ("FLEXnet ERROR(-4, 0, 0): Licensed number of users already reached.")
2026-03-31 23:16:51.639030 (3862229) lic_core INFO    (84) checking out 'jasper_papp' ...
2026-03-31 23:16:51.646801 (3862229) lic_core INFO    ... (84) checkout failed (error: -4) ("FLEXnet ERROR(-4, 0, 0): Licensed number of users already reached.")
2026-03-31 23:17:51.647060 (3862229) lic_core INFO    (85) checking out 'jasper_fpv' ...
2026-03-31 23:17:51.647162 (3862229) lic_core INFO    ... (85) checkout failed (error: -1000000008) ("License feature excluded by previous fatal license checkout attempt")
2026-03-31 23:17:51.647175 (3862229) lic_core INFO    (86) checking out 'jasper_fao' ...
2026-03-31 23:17:51.653546 (3862229) lic_core INFO    ... (86) checkout failed (error: -4) ("FLEXnet ERROR(-4, 0, 0): Licensed number of users already reached.")
2026-03-31 23:17:51.653591 (3862229) lic_core INFO    (87) checking out 'jasper_papp' ...
2026-03-31 23:17:51.658411 (3862229) lic_core INFO    ... (87) checkout failed (error: -4) ("FLEXnet ERROR(-4, 0, 0): Licensed number of users already reached.")
2026-03-31 23:18:51.658611 (3862229) lic_core INFO    (88) checking out 'jasper_fpv' ...
2026-03-31 23:18:51.658668 (3862229) lic_core INFO    ... (88) checkout failed (error: -1000000008) ("License feature excluded by previous fatal license checkout attempt")
2026-03-31 23:18:51.658693 (3862229) lic_core INFO    (89) checking out 'jasper_fao' ...
2026-03-31 23:18:51.662090 (3862229) lic_core INFO    ... (89) checkout failed (error: -4) ("FLEXnet ERROR(-4, 0, 0): Licensed number of users already reached.")
2026-03-31 23:18:51.662138 (3862229) lic_core INFO    (90) checking out 'jasper_papp' ...
2026-03-31 23:18:51.665499 (3862229) lic_core INFO    ... (90) checkout failed (error: -4) ("FLEXnet ERROR(-4, 0, 0): Licensed number of users already reached.")
2026-03-31 23:19:51.665743 (3862229) lic_core INFO    (91) checking out 'jasper_fpv' ...
2026-03-31 23:19:51.665841 (3862229) lic_core INFO    ... (91) checkout failed (error: -1000000008) ("License feature excluded by previous fatal license checkout attempt")
2026-03-31 23:19:51.665853 (3862229) lic_core INFO    (92) checking out 'jasper_fao' ...
2026-03-31 23:19:51.686604 (3862229) lic_core INFO    ... (92) checkout failed (error: -4) ("FLEXnet ERROR(-4, 0, 0): Licensed number of users already reached.")
2026-03-31 23:19:51.686657 (3862229) lic_core INFO    (93) checking out 'jasper_papp' ...
2026-03-31 23:19:51.689980 (3862229) lic_core INFO    ... (93) checkout failed (error: -4) ("FLEXnet ERROR(-4, 0, 0): Licensed number of users already reached.")
2026-03-31 23:20:51.695755 (3862229) lic_core INFO    (94) checking out 'jasper_fpv' ...
2026-03-31 23:20:51.695859 (3862229) lic_core INFO    ... (94) checkout failed (error: -1000000008) ("License feature excluded by previous fatal license checkout attempt")
2026-03-31 23:20:51.695872 (3862229) lic_core INFO    (95) checking out 'jasper_fao' ...
2026-03-31 23:20:51.710428 (3862229) lic_core INFO    ... (95) checkout failed (error: -4) ("FLEXnet ERROR(-4, 0, 0): Licensed number of users already reached.")
2026-03-31 23:20:51.710476 (3862229) lic_core INFO    (96) checking out 'jasper_papp' ...
2026-03-31 23:20:51.714036 (3862229) lic_core INFO    ... (96) checkout failed (error: -4) ("FLEXnet ERROR(-4, 0, 0): Licensed number of users already reached.")
2026-03-31 23:21:51.717126 (3862229) lic_core INFO    (97) checking out 'jasper_fpv' ...
2026-03-31 23:21:51.717212 (3862229) lic_core INFO    ... (97) checkout failed (error: -1000000008) ("License feature excluded by previous fatal license checkout attempt")
2026-03-31 23:21:51.717226 (3862229) lic_core INFO    (98) checking out 'jasper_fao' ...
2026-03-31 23:21:51.721483 (3862229) lic_core INFO    ... (98) checkout failed (error: -4) ("FLEXnet ERROR(-4, 0, 0): Licensed number of users already reached.")
2026-03-31 23:21:51.721539 (3862229) lic_core INFO    (99) checking out 'jasper_papp' ...
2026-03-31 23:21:51.725152 (3862229) lic_core INFO    ... (99) checkout failed (error: -4) ("FLEXnet ERROR(-4, 0, 0): Licensed number of users already reached.")
2026-03-31 23:22:51.735749 (3862229) lic_core INFO    (100) checking out 'jasper_fpv' ...
2026-03-31 23:22:51.735831 (3862229) lic_core INFO    ... (100) checkout failed (error: -1000000008) ("License feature excluded by previous fatal license checkout attempt")
2026-03-31 23:22:51.735844 (3862229) lic_core INFO    (101) checking out 'jasper_fao' ...
2026-03-31 23:22:51.758444 (3862229) lic_core INFO    ... (101) checkout failed (error: -4) ("FLEXnet ERROR(-4, 0, 0): Licensed number of users already reached.")
2026-03-31 23:22:51.758497 (3862229) lic_core INFO    (102) checking out 'jasper_papp' ...
2026-03-31 23:22:51.763751 (3862229) lic_core INFO    ... (102) checkout failed (error: -4) ("FLEXnet ERROR(-4, 0, 0): Licensed number of users already reached.")
2026-03-31 23:23:51.768251 (3862229) lic_core INFO    (103) checking out 'jasper_fpv' ...
2026-03-31 23:23:51.768349 (3862229) lic_core INFO    ... (103) checkout failed (error: -1000000008) ("License feature excluded by previous fatal license checkout attempt")
2026-03-31 23:23:51.768363 (3862229) lic_core INFO    (104) checking out 'jasper_fao' ...
2026-03-31 23:23:51.784856 (3862229) lic_core INFO    ... (104) checkout failed (error: -4) ("FLEXnet ERROR(-4, 0, 0): Licensed number of users already reached.")
2026-03-31 23:23:51.784903 (3862229) lic_core INFO    (105) checking out 'jasper_papp' ...
2026-03-31 23:23:51.802306 (3862229) lic_core INFO    ... (105) checkout failed (error: -4) ("FLEXnet ERROR(-4, 0, 0): Licensed number of users already reached.")
2026-03-31 23:24:51.808597 (3862229) lic_core INFO    (106) checking out 'jasper_fpv' ...
2026-03-31 23:24:51.808647 (3862229) lic_core INFO    ... (106) checkout failed (error: -1000000008) ("License feature excluded by previous fatal license checkout attempt")
2026-03-31 23:24:51.808657 (3862229) lic_core INFO    (107) checking out 'jasper_fao' ...
2026-03-31 23:24:51.850141 (3862229) lic_core INFO    ... (107) checkout failed (error: -4) ("FLEXnet ERROR(-4, 0, 0): Licensed number of users already reached.")
2026-03-31 23:24:51.850191 (3862229) lic_core INFO    (108) checking out 'jasper_papp' ...
2026-03-31 23:24:51.853589 (3862229) lic_core INFO    ... (108) checkout failed (error: -4) ("FLEXnet ERROR(-4, 0, 0): Licensed number of users already reached.")
2026-03-31 23:25:51.853825 (3862229) lic_core INFO    (109) checking out 'jasper_fpv' ...
2026-03-31 23:25:51.853925 (3862229) lic_core INFO    ... (109) checkout failed (error: -1000000008) ("License feature excluded by previous fatal license checkout attempt")
2026-03-31 23:25:51.853939 (3862229) lic_core INFO    (110) checking out 'jasper_fao' ...
2026-03-31 23:25:51.861032 (3862229) lic_core INFO    ... (110) checkout failed (error: -4) ("FLEXnet ERROR(-4, 0, 0): Licensed number of users already reached.")
2026-03-31 23:25:51.861073 (3862229) lic_core INFO    (111) checking out 'jasper_papp' ...
2026-03-31 23:25:51.864437 (3862229) lic_core INFO    ... (111) checkout failed (error: -4) ("FLEXnet ERROR(-4, 0, 0): Licensed number of users already reached.")
2026-03-31 23:26:51.864673 (3862229) lic_core INFO    (112) checking out 'jasper_fpv' ...
2026-03-31 23:26:51.864789 (3862229) lic_core INFO    ... (112) checkout failed (error: -1000000008) ("License feature excluded by previous fatal license checkout attempt")
2026-03-31 23:26:51.864808 (3862229) lic_core INFO    (113) checking out 'jasper_fao' ...
2026-03-31 23:26:51.870860 (3862229) lic_core INFO    ... (113) checkout failed (error: -4) ("FLEXnet ERROR(-4, 0, 0): Licensed number of users already reached.")
2026-03-31 23:26:51.870902 (3862229) lic_core INFO    (114) checking out 'jasper_papp' ...
2026-03-31 23:26:51.875667 (3862229) lic_core INFO    ... (114) checkout failed (error: -4) ("FLEXnet ERROR(-4, 0, 0): Licensed number of users already reached.")
2026-03-31 23:27:51.875914 (3862229) lic_core INFO    (115) checking out 'jasper_fpv' ...
2026-03-31 23:27:51.876010 (3862229) lic_core INFO    ... (115) checkout failed (error: -1000000008) ("License feature excluded by previous fatal license checkout attempt")
2026-03-31 23:27:51.876024 (3862229) lic_core INFO    (116) checking out 'jasper_fao' ...
2026-03-31 23:27:51.885123 (3862229) lic_core INFO    ... (116) checkout failed (error: -4) ("FLEXnet ERROR(-4, 0, 0): Licensed number of users already reached.")
2026-03-31 23:27:51.885169 (3862229) lic_core INFO    (117) checking out 'jasper_papp' ...
2026-03-31 23:27:51.888353 (3862229) lic_core INFO    ... (117) checkout failed (error: -4) ("FLEXnet ERROR(-4, 0, 0): Licensed number of users already reached.")
2026-03-31 23:28:51.888580 (3862229) lic_core INFO    (118) checking out 'jasper_fpv' ...
2026-03-31 23:28:51.888679 (3862229) lic_core INFO    ... (118) checkout failed (error: -1000000008) ("License feature excluded by previous fatal license checkout attempt")
2026-03-31 23:28:51.888693 (3862229) lic_core INFO    (119) checking out 'jasper_fao' ...
2026-03-31 23:28:51.915302 (3862229) lic_core INFO    ... (119) checkout failed (error: -4) ("FLEXnet ERROR(-4, 0, 0): Licensed number of users already reached.")
2026-03-31 23:28:51.915355 (3862229) lic_core INFO    (120) checking out 'jasper_papp' ...
2026-03-31 23:28:51.919425 (3862229) lic_core INFO    ... (120) checkout failed (error: -4) ("FLEXnet ERROR(-4, 0, 0): Licensed number of users already reached.")
2026-03-31 23:29:51.922340 (3862229) lic_core INFO    (121) checking out 'jasper_fpv' ...
2026-03-31 23:29:51.922412 (3862229) lic_core INFO    ... (121) checkout failed (error: -1000000008) ("License feature excluded by previous fatal license checkout attempt")
2026-03-31 23:29:51.922424 (3862229) lic_core INFO    (122) checking out 'jasper_fao' ...
2026-03-31 23:29:51.935580 (3862229) lic_core INFO    ... (122) checkout failed (error: -4) ("FLEXnet ERROR(-4, 0, 0): Licensed number of users already reached.")
2026-03-31 23:29:51.935613 (3862229) lic_core INFO    (123) checking out 'jasper_papp' ...
2026-03-31 23:29:51.940311 (3862229) lic_core INFO    ... (123) checkout failed (error: -4) ("FLEXnet ERROR(-4, 0, 0): Licensed number of users already reached.")
2026-03-31 23:30:51.940506 (3862229) lic_core INFO    (124) checking out 'jasper_fpv' ...
2026-03-31 23:30:51.940557 (3862229) lic_core INFO    ... (124) checkout failed (error: -1000000008) ("License feature excluded by previous fatal license checkout attempt")
2026-03-31 23:30:51.940566 (3862229) lic_core INFO    (125) checking out 'jasper_fao' ...
2026-03-31 23:30:51.944698 (3862229) lic_core INFO    ... (125) checkout failed (error: -4) ("FLEXnet ERROR(-4, 0, 0): Licensed number of users already reached.")
2026-03-31 23:30:51.944750 (3862229) lic_core INFO    (126) checking out 'jasper_papp' ...
2026-03-31 23:30:51.975875 (3862229) lic_core INFO    ... (126) checkout failed (error: -4) ("FLEXnet ERROR(-4, 0, 0): Licensed number of users already reached.")
2026-03-31 23:31:51.976128 (3862229) lic_core INFO    (127) checking out 'jasper_fpv' ...
2026-03-31 23:31:51.976179 (3862229) lic_core INFO    ... (127) checkout failed (error: -1000000008) ("License feature excluded by previous fatal license checkout attempt")
2026-03-31 23:31:51.976190 (3862229) lic_core INFO    (128) checking out 'jasper_fao' ...
2026-03-31 23:31:51.979903 (3862229) lic_core INFO    ... (128) checkout failed (error: -4) ("FLEXnet ERROR(-4, 0, 0): Licensed number of users already reached.")
2026-03-31 23:31:51.979948 (3862229) lic_core INFO    (129) checking out 'jasper_papp' ...
2026-03-31 23:31:51.985551 (3862229) lic_core INFO    ... (129) checkout failed (error: -4) ("FLEXnet ERROR(-4, 0, 0): Licensed number of users already reached.")
2026-03-31 23:32:51.990756 (3862229) lic_core INFO    (130) checking out 'jasper_fpv' ...
2026-03-31 23:32:51.990871 (3862229) lic_core INFO    ... (130) checkout failed (error: -1000000008) ("License feature excluded by previous fatal license checkout attempt")
2026-03-31 23:32:51.990885 (3862229) lic_core INFO    (131) checking out 'jasper_fao' ...
2026-03-31 23:32:52.007468 (3862229) lic_core INFO    ... (131) checkout failed (error: -4) ("FLEXnet ERROR(-4, 0, 0): Licensed number of users already reached.")
2026-03-31 23:32:52.007510 (3862229) lic_core INFO    (132) checking out 'jasper_papp' ...
2026-03-31 23:32:52.016070 (3862229) lic_core INFO    ... (132) checkout failed (error: -4) ("FLEXnet ERROR(-4, 0, 0): Licensed number of users already reached.")
2026-03-31 23:33:52.025691 (3862229) lic_core INFO    (133) checking out 'jasper_fpv' ...
2026-03-31 23:33:52.025748 (3862229) lic_core INFO    ... (133) checkout failed (error: -1000000008) ("License feature excluded by previous fatal license checkout attempt")
2026-03-31 23:33:52.025762 (3862229) lic_core INFO    (134) checking out 'jasper_fao' ...
2026-03-31 23:33:52.041417 (3862229) lic_core INFO    ... (134) checkout failed (error: -4) ("FLEXnet ERROR(-4, 0, 0): Licensed number of users already reached.")
2026-03-31 23:33:52.041455 (3862229) lic_core INFO    (135) checking out 'jasper_papp' ...
2026-03-31 23:33:52.060702 (3862229) lic_core INFO    ... (135) checkout failed (error: -4) ("FLEXnet ERROR(-4, 0, 0): Licensed number of users already reached.")
2026-03-31 23:34:52.060967 (3862229) lic_core INFO    (136) checking out 'jasper_fpv' ...
2026-03-31 23:34:52.061072 (3862229) lic_core INFO    ... (136) checkout failed (error: -1000000008) ("License feature excluded by previous fatal license checkout attempt")
2026-03-31 23:34:52.061084 (3862229) lic_core INFO    (137) checking out 'jasper_fao' ...
2026-03-31 23:34:52.067082 (3862229) lic_core INFO    ... (137) checkout failed (error: -4) ("FLEXnet ERROR(-4, 0, 0): Licensed number of users already reached.")
2026-03-31 23:34:52.067128 (3862229) lic_core INFO    (138) checking out 'jasper_papp' ...
2026-03-31 23:34:52.070850 (3862229) lic_core INFO    ... (138) checkout failed (error: -4) ("FLEXnet ERROR(-4, 0, 0): Licensed number of users already reached.")
2026-03-31 23:35:52.071077 (3862229) lic_core INFO    (139) checking out 'jasper_fpv' ...
2026-03-31 23:35:52.071177 (3862229) lic_core INFO    ... (139) checkout failed (error: -1000000008) ("License feature excluded by previous fatal license checkout attempt")
2026-03-31 23:35:52.071193 (3862229) lic_core INFO    (140) checking out 'jasper_fao' ...
2026-03-31 23:35:52.077995 (3862229) lic_core INFO    ... (140) checkout failed (error: -4) ("FLEXnet ERROR(-4, 0, 0): Licensed number of users already reached.")
2026-03-31 23:35:52.078037 (3862229) lic_core INFO    (141) checking out 'jasper_papp' ...
2026-03-31 23:35:52.083552 (3862229) lic_core INFO    ... (141) checkout failed (error: -4) ("FLEXnet ERROR(-4, 0, 0): Licensed number of users already reached.")
2026-03-31 23:36:52.083759 (3862229) lic_core INFO    (142) checking out 'jasper_fpv' ...
2026-03-31 23:36:52.083819 (3862229) lic_core INFO    ... (142) checkout failed (error: -1000000008) ("License feature excluded by previous fatal license checkout attempt")
2026-03-31 23:36:52.083831 (3862229) lic_core INFO    (143) checking out 'jasper_fao' ...
2026-03-31 23:36:52.087407 (3862229) lic_core INFO    ... (143) checkout failed (error: -4) ("FLEXnet ERROR(-4, 0, 0): Licensed number of users already reached.")
2026-03-31 23:36:52.087449 (3862229) lic_core INFO    (144) checking out 'jasper_papp' ...
2026-03-31 23:36:52.092688 (3862229) lic_core INFO    ... (144) checkout failed (error: -4) ("FLEXnet ERROR(-4, 0, 0): Licensed number of users already reached.")
2026-03-31 23:37:52.092930 (3862229) lic_core INFO    (145) checking out 'jasper_fpv' ...
2026-03-31 23:37:52.093026 (3862229) lic_core INFO    ... (145) checkout failed (error: -1000000008) ("License feature excluded by previous fatal license checkout attempt")
2026-03-31 23:37:52.093043 (3862229) lic_core INFO    (146) checking out 'jasper_fao' ...
2026-03-31 23:37:52.102612 (3862229) lic_core INFO    ... (146) checkout failed (error: -4) ("FLEXnet ERROR(-4, 0, 0): Licensed number of users already reached.")
2026-03-31 23:37:52.102668 (3862229) lic_core INFO    (147) checking out 'jasper_papp' ...
2026-03-31 23:37:52.109283 (3862229) lic_core INFO    ... (147) checkout failed (error: -4) ("FLEXnet ERROR(-4, 0, 0): Licensed number of users already reached.")
2026-03-31 23:38:52.109886 (3862229) lic_core INFO    (148) checking out 'jasper_fpv' ...
2026-03-31 23:38:52.109939 (3862229) lic_core INFO    ... (148) checkout failed (error: -1000000008) ("License feature excluded by previous fatal license checkout attempt")
2026-03-31 23:38:52.109950 (3862229) lic_core INFO    (149) checking out 'jasper_fao' ...
2026-03-31 23:38:52.113889 (3862229) lic_core INFO    ... (149) checkout failed (error: -4) ("FLEXnet ERROR(-4, 0, 0): Licensed number of users already reached.")
2026-03-31 23:38:52.113937 (3862229) lic_core INFO    (150) checking out 'jasper_papp' ...
2026-03-31 23:38:52.119655 (3862229) lic_core INFO    ... (150) checkout failed (error: -4) ("FLEXnet ERROR(-4, 0, 0): Licensed number of users already reached.")
2026-03-31 23:39:52.119902 (3862229) lic_core INFO    (151) checking out 'jasper_fpv' ...
2026-03-31 23:39:52.119994 (3862229) lic_core INFO    ... (151) checkout failed (error: -1000000008) ("License feature excluded by previous fatal license checkout attempt")
2026-03-31 23:39:52.120007 (3862229) lic_core INFO    (152) checking out 'jasper_fao' ...
2026-03-31 23:39:52.137581 (3862229) lic_core INFO    ... (152) checkout failed (error: -4) ("FLEXnet ERROR(-4, 0, 0): Licensed number of users already reached.")
2026-03-31 23:39:52.137627 (3862229) lic_core INFO    (153) checking out 'jasper_papp' ...
2026-03-31 23:39:52.149245 (3862229) lic_core INFO    ... (153) checkout succeeded
2026-03-31 23:39:52.458679 (3862229) session_ INFO    Starting analysis session with session id 'session_0' (launcher: <local>) ...
2026-03-31 23:39:52.463415 (3862229) session_ INFO    Analysis session with session id 'session_0' started (pid: 3866547)
2026-03-31 23:39:57.451385 (3862229) session_ INFO    Analysis session 'session_0' connected to the console (host: 127.0.0.1:39804)
2026-03-31 23:40:09.167577 (3862229) lic__man INFO    Unclaim everything for 'session_0'.
2026-03-31 23:40:09.854700 (3862229) lic__man INFO    Claim 'fpv' for 'session_0'.
2026-03-31 23:40:09.854763 (3862229) lic__man INFO    Claim 'fpv' for 'session_0/prove-0'.
2026-03-31 23:40:50.801819 (3862278) lic_core INFO    [23:40:50.266707] Periodic Lic check successful
2026-03-31 23:40:50.801899 (3862278) lic_core INFO      [23:40:50.791008] Feature usage summary:
2026-03-31 23:40:50.801905 (3862278) lic_core INFO      [23:40:50.791008] jasper_papp
2026-04-07 23:40:18.391890 (3862229) lic__man INFO    Unclaim everything for 'session_0/prove-0'.
2026-04-07 23:40:18.658017 (3862229) main____ INFO    About to exit: request to exit with status 0 received from analysis session 'session_0'
2026-04-07 23:40:18.774826 (3862229) session_ INFO    Analysis session 'session_0' disconnected.
2026-04-07 23:40:18.774993 (3862229) lic__man INFO    Unclaim everything for 'session_0'.
2026-04-07 23:40:18.775171 (3862229) session_ INFO    Process for analysis session 'session_0' has exited with exit status '0'.
2026-04-07 23:40:19.154587 (3862229) bridge__ INFO    jg_bridge has exited with exit status '0'.
2026-04-07 23:40:20.731401 (3862229) lic_core INFO    (153) checkin jasper_papp
2026-04-07 23:40:20.731986 (3862229) lic_core INFO    Lic Summary:
2026-04-07 23:40:20.731995 (3862229) lic_core INFO      [23:40:20.207600] Cdslmd servers:/opt/cadence/licenses/license.dat
2026-04-07 23:40:20.731997 (3862229) lic_core INFO      [23:40:20.731889] Feature usage summary:
2026-04-07 23:40:20.731999 (3862229) lic_core INFO      [23:40:20.731889] jasper_papp
2026-04-07 23:40:20.732051 (3862229) main____ INFO    Exiting with status 0.
