# ----------------------------------------
# Jasper Version Info
# tool      : Jasper 2025.06
# platform  : Linux 4.18.0-477.15.1.el8_8.x86_64
# version   : 2025.06 FCS 64 bits
# build date: 2025.06.25 13:01:28 UTC
# ----------------------------------------
# started   : 2026-04-14 23:47:59 +08
# hostname  : everest3.comp.nus.edu.sg.(none)
# pid       : 2616555
# arguments : '-style' 'windows' '-label' 'session_0' '-console' '//127.0.0.1:44167' '-nowindow' '-exitonerror' '-data' 'AAAAtnicVYxNCsIwFIS/CO56FRW6ztIL9ARBQ7FCcJG00l09qjdJJ3EhmcWbX54B7JZzpsJ8f4w1tCj+0CbDp2E4/ssy7Thx58aMZ5K/EhlJLARliYvcKhW18WKnWxKn7smDl/Ig7XjTc65/Qv2+A/YIFqg=' '-bridge_url' '172.28.176.73:33299' '-proj' '/home/zhenyu.lei/ShadowLogicArtifact/jgproject/sessionLogs/session_0' '-init' '-hidden' '/home/zhenyu.lei/ShadowLogicArtifact/jgproject/.tmp/.initCmds.tcl' 'results/extract_cex_signals_v2.tcl' '-hidden' '/home/zhenyu.lei/ShadowLogicArtifact/jgproject/.tmp/.postCmds.tcl'

Any disclosure about the Cadence Design Systems software or its use
model to any third party violates the written Non-Disclosure Agreement
between Cadence Design Systems, Inc. and the customer.

THIS SOFTWARE CONTAINS CONFIDENTIAL INFORMATION AND TRADE SECRETS OF
CADENCE DESIGN SYSTEMS, INC. USE, DISCLOSURE, OR REPRODUCTION IS
PROHIBITED WITHOUT THE PRIOR EXPRESS WRITTEN PERMISSION OF CADENCE
DESIGN SYSTEMS, INC.

Copyright (C) 2000-2025 Cadence Design Systems, Inc. All Rights
Reserved.  Unpublished -- rights reserved under the copyright laws of
the United States.

This product includes software developed by others and redistributed
according to license agreement. See doc/third_party_readme.txt for
further details.

RESTRICTED RIGHTS LEGEND

Use, duplication, or disclosure by the Government is subject to
restrictions as set forth in subparagraph (c) (1) (ii) of the Rights in
Technical Data and Computer Software clause at DFARS 252.227-7013 or
subparagraphs (c) (1) and (2) of Commercial Computer Software -- Restricted
Rights at 48 CFR 52.227-19, as applicable.


                          Cadence Design Systems, Inc.
                          2655 Seely Avenue
                          San Jose, CA 95134
                          Phone: 408.943.1234

For technical assistance visit http://support.cadence.com.

Jasper Apps Analysis Session - /home/zhenyu.lei/ShadowLogicArtifact/jgproject/sessionLogs/session_0

WARNING (WG017): [session]: The system's locale is "ANSI_X3.4-1968", which is not UTF-8. Non-ASCII characters might not be handled correctly.
WARNING (WG017): [jg_console]: The system's locale is "ANSI_X3.4-1968", which is not UTF-8. Non-ASCII characters might not be handled correctly.
INFO: successfully checked out license "jasper_fao".
INFO: reading configuration file "/home/zhenyu.lei/.config/cadence/jasper.conf".
% # =============================================================================
% # CEX 信号提取 v2：修复 addr_deviation 未初始化问题
% # 用法：jg -batch results/extract_cex_signals_v2.tcl
% # =============================================================================
% 
% analyze +define+RF_SIZE=4+RF_SIZE_LOG=2+MEMI_SIZE=16+MEMI_SIZE_LOG=4+MEMD_SIZE=4+MEMD_SIZE_LOG=2+ROB_SIZE=4+ROB_SIZE_LOG=2+BR_PREDICT=0+USE_DEFENSE_PARTIAL_STT=+PARTIAL_STT_USE_SPEC=+OBSV=0+INIT_VALUE=0+IMM_STALL= -sva ./src/simpleooo/two_copy_top_ct_cache_r.v
[-- (VERI-1482)] Analyzing Verilog file '/opt/cadence/jasper_2025.06/lib/verilog/packages/std/std.sv' into library 'std'
[-- (VERI-1482)] Analyzing Verilog file './src/simpleooo/two_copy_top_ct_cache_r.v'
[INFO (VERI-1328)] ./src/simpleooo/two_copy_top_ct_cache_r.v(1): analyzing included file 'src/simpleooo/param.v'
[WARN (VERI-9001)] src/simpleooo/param.v(7): redefinition of command line macro RF_SIZE here ignored
[WARN (VERI-9001)] src/simpleooo/param.v(8): redefinition of command line macro RF_SIZE_LOG here ignored
[WARN (VERI-9001)] src/simpleooo/param.v(9): redefinition of command line macro MEMI_SIZE here ignored
[WARN (VERI-9001)] src/simpleooo/param.v(10): redefinition of command line macro MEMI_SIZE_LOG here ignored
[WARN (VERI-9001)] src/simpleooo/param.v(11): redefinition of command line macro MEMD_SIZE here ignored
[WARN (VERI-9001)] src/simpleooo/param.v(12): redefinition of command line macro MEMD_SIZE_LOG here ignored
[WARN (VERI-9001)] src/simpleooo/param.v(36): redefinition of command line macro ROB_SIZE here ignored
[WARN (VERI-9001)] src/simpleooo/param.v(37): redefinition of command line macro ROB_SIZE_LOG here ignored
[WARN (VERI-9001)] src/simpleooo/param.v(59): redefinition of command line macro BR_PREDICT here ignored
[WARN (VERI-9001)] src/simpleooo/param.v(101): redefinition of command line macro OBSV here ignored
[WARN (VERI-9001)] src/simpleooo/param.v(112): redefinition of command line macro INIT_VALUE here ignored
[WARN (VERI-9001)] src/simpleooo/param.v(115): redefinition of command line macro IMM_STALL here ignored
[INFO (VERI-1328)] ./src/simpleooo/two_copy_top_ct_cache_r.v(3): analyzing included file 'src/simpleooo/decode.v'
[INFO (VERI-1328)] src/simpleooo/decode.v(3): analyzing included file 'src/simpleooo/param.v'
[INFO (VERI-1328)] ./src/simpleooo/two_copy_top_ct_cache_r.v(4): analyzing included file 'src/simpleooo/execute.v'
[INFO (VERI-1328)] src/simpleooo/execute.v(3): analyzing included file 'src/simpleooo/param.v'
[INFO (VERI-1328)] ./src/simpleooo/two_copy_top_ct_cache_r.v(5): analyzing included file 'src/simpleooo/param.v'
[INFO (VERI-1328)] ./src/simpleooo/two_copy_top_ct_cache_r.v(6): analyzing included file 'src/simpleooo/rf.v'
[INFO (VERI-1328)] src/simpleooo/rf.v(3): analyzing included file 'src/simpleooo/param.v'
[INFO (VERI-1328)] ./src/simpleooo/two_copy_top_ct_cache_r.v(7): analyzing included file 'src/simpleooo/memi.v'
[INFO (VERI-1328)] src/simpleooo/memi.v(3): analyzing included file 'src/simpleooo/param.v'
[INFO (VERI-1328)] ./src/simpleooo/two_copy_top_ct_cache_r.v(9): analyzing included file 'src/simpleooo/cpu_ooo_ext_mem.v'
[INFO (VERI-1328)] src/simpleooo/cpu_ooo_ext_mem.v(3): analyzing included file 'src/simpleooo/param.v'
[INFO (VERI-1328)] src/simpleooo/cpu_ooo_ext_mem.v(5): analyzing included file 'src/simpleooo/decode.v'
[INFO (VERI-1328)] src/simpleooo/decode.v(3): analyzing included file 'src/simpleooo/param.v'
[WARN (VERI-1206)] src/simpleooo/decode.v(50): overwriting previous definition of module 'decode'
[INFO (VERI-2142)] src/simpleooo/decode.v(50): previous definition of module 'decode' is here
[INFO (VERI-1328)] src/simpleooo/cpu_ooo_ext_mem.v(6): analyzing included file 'src/simpleooo/execute.v'
[INFO (VERI-1328)] src/simpleooo/execute.v(3): analyzing included file 'src/simpleooo/param.v'
[WARN (VERI-1206)] src/simpleooo/execute.v(56): overwriting previous definition of module 'execute'
[INFO (VERI-2142)] src/simpleooo/execute.v(56): previous definition of module 'execute' is here
[INFO (VERI-1328)] src/simpleooo/cpu_ooo_ext_mem.v(8): analyzing included file 'src/simpleooo/param.v'
[INFO (VERI-1328)] src/simpleooo/cpu_ooo_ext_mem.v(9): analyzing included file 'src/simpleooo/rf.v'
[INFO (VERI-1328)] src/simpleooo/rf.v(3): analyzing included file 'src/simpleooo/param.v'
[WARN (VERI-1206)] src/simpleooo/rf.v(49): overwriting previous definition of module 'rf'
[INFO (VERI-2142)] src/simpleooo/rf.v(49): previous definition of module 'rf' is here
[INFO (VERI-1328)] src/simpleooo/cpu_ooo_ext_mem.v(10): analyzing included file 'src/simpleooo/memi.v'
[INFO (VERI-1328)] src/simpleooo/memi.v(3): analyzing included file 'src/simpleooo/param.v'
[WARN (VERI-1206)] src/simpleooo/memi.v(90): overwriting previous definition of module 'memi'
[INFO (VERI-2142)] src/simpleooo/memi.v(90): previous definition of module 'memi' is here
[INFO (VERI-2561)] src/simpleooo/cpu_ooo_ext_mem.v(144): undeclared symbol 'C_valid', assumed default net type 'wire'
[INFO (VERI-2561)] src/simpleooo/cpu_ooo_ext_mem.v(144): undeclared symbol 'C_wen', assumed default net type 'wire'
[INFO (VERI-2561)] src/simpleooo/cpu_ooo_ext_mem.v(144): undeclared symbol 'C_rd', assumed default net type 'wire'
[INFO (VERI-2561)] src/simpleooo/cpu_ooo_ext_mem.v(144): undeclared symbol 'C_rd_data', assumed default net type 'wire'
[WARN (VERI-2170)] src/simpleooo/cpu_ooo_ext_mem.v(154): data object 'F_next_pc' is already declared
[INFO (VERI-1967)] src/simpleooo/cpu_ooo_ext_mem.v(33): previous declaration of 'F_next_pc' is from here
[WARN (VERI-1329)] src/simpleooo/cpu_ooo_ext_mem.v(154): second declaration of 'F_next_pc' is ignored
[WARN (VERI-1362)] src/simpleooo/cpu_ooo_ext_mem.v(721): 'C_valid' is already implicitly declared on line 144
[WARN (VERI-1362)] src/simpleooo/cpu_ooo_ext_mem.v(733): 'C_wen' is already implicitly declared on line 144
[WARN (VERI-1362)] src/simpleooo/cpu_ooo_ext_mem.v(734): 'C_rd' is already implicitly declared on line 144
[WARN (VERI-1362)] src/simpleooo/cpu_ooo_ext_mem.v(735): 'C_rd_data' is already implicitly declared on line 144
[WARN (VERI-1875)] src/simpleooo/cpu_ooo_ext_mem.v(122): identifier 'C_squash' is used before its declaration
[WARN (VERI-1875)] src/simpleooo/cpu_ooo_ext_mem.v(122): identifier 'C_valid' is used before its declaration
[WARN (VERI-1875)] src/simpleooo/cpu_ooo_ext_mem.v(124): identifier 'ROB_full' is used before its declaration
[WARN (VERI-1875)] src/simpleooo/cpu_ooo_ext_mem.v(126): identifier 'ROB_tail' is used before its declaration
[WARN (VERI-1875)] src/simpleooo/cpu_ooo_ext_mem.v(128): identifier 'C_valid' is used before its declaration
[WARN (VERI-1875)] src/simpleooo/cpu_ooo_ext_mem.v(128): identifier 'C_is_br' is used before its declaration
[WARN (VERI-1875)] src/simpleooo/cpu_ooo_ext_mem.v(128): identifier 'ROB_head' is used before its declaration
[WARN (VERI-1875)] src/simpleooo/cpu_ooo_ext_mem.v(158): identifier 'C_is_br' is used before its declaration
[WARN (VERI-1875)] src/simpleooo/cpu_ooo_ext_mem.v(158): identifier 'C_taken' is used before its declaration
[WARN (VERI-1875)] src/simpleooo/cpu_ooo_ext_mem.v(167): identifier 'F_rs2_stall' is used before its declaration
[WARN (VERI-1875)] src/simpleooo/cpu_ooo_ext_mem.v(167): identifier 'F_rs2_data' is used before its declaration
[WARN (VERI-1875)] src/simpleooo/cpu_ooo_ext_mem.v(169): identifier 'F_rs2_stall' is used before its declaration
[WARN (VERI-1875)] src/simpleooo/cpu_ooo_ext_mem.v(169): identifier 'F_rs2_data' is used before its declaration
[WARN (VERI-1875)] src/simpleooo/cpu_ooo_ext_mem.v(171): identifier 'C_squash_br' is used before its declaration
[WARN (VERI-1875)] src/simpleooo/cpu_ooo_ext_mem.v(171): identifier 'C_next_pc' is used before its declaration
[WARN (VERI-1875)] src/simpleooo/cpu_ooo_ext_mem.v(172): identifier 'C_squash_int' is used before its declaration
[WARN (VERI-1875)] src/simpleooo/cpu_ooo_ext_mem.v(173): identifier 'ROB_full' is used before its declaration
[WARN (VERI-1875)] src/simpleooo/cpu_ooo_ext_mem.v(207): identifier 'ROB_head' is used before its declaration
[WARN (VERI-1875)] src/simpleooo/cpu_ooo_ext_mem.v(208): identifier 'ROB_full' is used before its declaration
[WARN (VERI-1875)] src/simpleooo/cpu_ooo_ext_mem.v(212): identifier 'i' is used before its declaration
[WARN (VERI-1875)] src/simpleooo/cpu_ooo_ext_mem.v(212): identifier 'i' is used before its declaration
[WARN (VERI-1875)] src/simpleooo/cpu_ooo_ext_mem.v(212): identifier 'i' is used before its declaration
[WARN (VERI-1875)] src/simpleooo/cpu_ooo_ext_mem.v(212): identifier 'i' is used before its declaration
[WARN (VERI-1875)] src/simpleooo/cpu_ooo_ext_mem.v(213): identifier 'i' is used before its declaration
[WARN (VERI-1875)] src/simpleooo/cpu_ooo_ext_mem.v(221): identifier 'C_squash' is used before its declaration
[WARN (VERI-1875)] src/simpleooo/cpu_ooo_ext_mem.v(222): identifier 'i' is used before its declaration
[WARN (VERI-1875)] src/simpleooo/cpu_ooo_ext_mem.v(222): identifier 'i' is used before its declaration
[WARN (VERI-1875)] src/simpleooo/cpu_ooo_ext_mem.v(222): identifier 'i' is used before its declaration
[WARN (VERI-1875)] src/simpleooo/cpu_ooo_ext_mem.v(222): identifier 'i' is used before its declaration
[WARN (VERI-1875)] src/simpleooo/cpu_ooo_ext_mem.v(223): identifier 'i' is used before its declaration
[WARN (VERI-1875)] src/simpleooo/cpu_ooo_ext_mem.v(265): identifier 'ROB_full' is used before its declaration
[WARN (VERI-1875)] src/simpleooo/cpu_ooo_ext_mem.v(265): identifier 'ROB_tail' is used before its declaration
[WARN (VERI-1875)] src/simpleooo/cpu_ooo_ext_mem.v(274): identifier 'ROB_state' is used before its declaration
[WARN (VERI-1875)] src/simpleooo/cpu_ooo_ext_mem.v(275): identifier 'ROB_op' is used before its declaration
[WARN (VERI-1875)] src/simpleooo/cpu_ooo_ext_mem.v(277): identifier 'ROB_isSpec' is used before its declaration
[WARN (VERI-1875)] src/simpleooo/cpu_ooo_ext_mem.v(279): identifier 'ROB_head' is used before its declaration
[WARN (VERI-1875)] src/simpleooo/cpu_ooo_ext_mem.v(283): identifier 'ROB_state' is used before its declaration
[WARN (VERI-1875)] src/simpleooo/cpu_ooo_ext_mem.v(284): identifier 'ROB_op' is used before its declaration
[WARN (VERI-1875)] src/simpleooo/cpu_ooo_ext_mem.v(286): identifier 'ROB_isSpec' is used before its declaration
[WARN (VERI-1875)] src/simpleooo/cpu_ooo_ext_mem.v(288): identifier 'ROB_head' is used before its declaration
[WARN (VERI-1875)] src/simpleooo/cpu_ooo_ext_mem.v(301): identifier 'ROB_rd_data' is used before its declaration
[WARN (VERI-1875)] src/simpleooo/cpu_ooo_ext_mem.v(305): identifier 'ROB_rd_data' is used before its declaration
[WARN (VERI-1875)] src/simpleooo/cpu_ooo_ext_mem.v(438): identifier 'C_squash' is used before its declaration
[WARN (VERI-1875)] src/simpleooo/cpu_ooo_ext_mem.v(522): identifier 'ROB_exe_this_cycle' is used before its declaration
[WARN (VERI-1875)] src/simpleooo/cpu_ooo_ext_mem.v(523): identifier 'ROB_rd_data_wire' is used before its declaration
[WARN (VERI-1875)] src/simpleooo/cpu_ooo_ext_mem.v(524): identifier 'ROB_mem_addr_wire' is used before its declaration
[WARN (VERI-1875)] src/simpleooo/cpu_ooo_ext_mem.v(525): identifier 'ROB_mem_data_wire' is used before its declaration
[WARN (VERI-1875)] src/simpleooo/cpu_ooo_ext_mem.v(526): identifier 'ROB_taken_wire' is used before its declaration
[WARN (VERI-1875)] src/simpleooo/cpu_ooo_ext_mem.v(527): identifier 'ROB_next_pc_wire' is used before its declaration
[WARN (VERI-1875)] src/simpleooo/cpu_ooo_ext_mem.v(700): identifier 'C_mem_rdwt' is used before its declaration
[WARN (VERI-1875)] src/simpleooo/cpu_ooo_ext_mem.v(700): identifier 'C_mem_valid' is used before its declaration
[WARN (VERI-1875)] src/simpleooo/cpu_ooo_ext_mem.v(700): identifier 'C_squash' is used before its declaration
[WARN (VERI-1875)] src/simpleooo/cpu_ooo_ext_mem.v(700): identifier 'C_mem_addr' is used before its declaration
[WARN (VERI-1875)] src/simpleooo/cpu_ooo_ext_mem.v(713): identifier 'C_mem_valid' is used before its declaration
[WARN (VERI-1875)] src/simpleooo/cpu_ooo_ext_mem.v(713): identifier 'C_mem_rdwt' is used before its declaration
[WARN (VERI-1875)] src/simpleooo/cpu_ooo_ext_mem.v(714): identifier 'C_mem_addr' is used before its declaration
[WARN (VERI-1875)] src/simpleooo/cpu_ooo_ext_mem.v(715): identifier 'C_mem_data' is used before its declaration
[INFO (VERI-1328)] ./src/simpleooo/two_copy_top_ct_cache_r.v(10): analyzing included file 'src/simpleooo/cache_regular.v'
% 
% elaborate -top top -bbox_mul 256
INFO (ISW003): Top module name is "top".
[INFO (HIER-8002)] ./src/simpleooo/two_copy_top_ct_cache_r.v(200): Disabling old hierarchical reference handler
[WARN (VERI-1927)] ./src/simpleooo/two_copy_top_ct_cache_r.v(76): port 'dmem_req_valid' remains unconnected for this instance
[WARN (VERI-1927)] ./src/simpleooo/two_copy_top_ct_cache_r.v(86): port 'dmem_req_valid' remains unconnected for this instance
[INFO (VERI-1018)] src/simpleooo/cache_regular.v(9): compiling module 'cache_regular'
[INFO (VERI-1018)] src/simpleooo/memi.v(5): compiling module 'memi'
[INFO (VERI-1018)] src/simpleooo/decode.v(5): compiling module 'decode'
[INFO (VERI-1018)] src/simpleooo/rf.v(5): compiling module 'rf'
[INFO (VERI-1018)] src/simpleooo/execute.v(5): compiling module 'execute'
[WARN (VERI-1209)] src/simpleooo/execute.v(43): expression size 32 truncated to fit in target size 2
[WARN (VERI-1209)] src/simpleooo/execute.v(53): expression size 32 truncated to fit in target size 4
[WARN (VERI-1209)] src/simpleooo/execute.v(54): expression size 32 truncated to fit in target size 4
[INFO (VERI-1018)] src/simpleooo/cpu_ooo_ext_mem.v(13): compiling module 'cpu_ooo_ext_mem'
[WARN (VERI-1209)] src/simpleooo/cpu_ooo_ext_mem.v(175): expression size 32 truncated to fit in target size 4
[WARN (VERI-1209)] src/simpleooo/cpu_ooo_ext_mem.v(492): expression size 32 truncated to fit in target size 2
[WARN (VERI-1209)] src/simpleooo/cpu_ooo_ext_mem.v(607): expression size 32 truncated to fit in target size 2
[WARN (VERI-1209)] src/simpleooo/cpu_ooo_ext_mem.v(671): expression size 32 truncated to fit in target size 2
[WARN (VERI-1209)] src/simpleooo/cpu_ooo_ext_mem.v(700): expression size 32 truncated to fit in target size 2
[INFO (VERI-1018)] ./src/simpleooo/two_copy_top_ct_cache_r.v(19): compiling module 'top'
[WARN (VERI-1330)] ./src/simpleooo/two_copy_top_ct_cache_r.v(69): actual bit length 32 differs from formal bit length 1 for port 'clk'
[WARN (VERI-8028)] ./src/simpleooo/two_copy_top_ct_cache_r.v(68): missing/open ports on instance copy1 of module cpu_ooo_ext_mem
[WARN (VERI-1330)] ./src/simpleooo/two_copy_top_ct_cache_r.v(79): actual bit length 32 differs from formal bit length 1 for port 'clk'
[WARN (VERI-8028)] ./src/simpleooo/two_copy_top_ct_cache_r.v(78): missing/open ports on instance copy2 of module cpu_ooo_ext_mem
[INFO (VERI-8005)] ./src/simpleooo/two_copy_top_ct_cache_r.v(34): Unintentional sequential element inferred for stall_1 read before write using blocking assignment
[INFO (VERI-8005)] ./src/simpleooo/two_copy_top_ct_cache_r.v(34): Unintentional sequential element inferred for stall_2 read before write using blocking assignment
[INFO (VERI-8005)] ./src/simpleooo/two_copy_top_ct_cache_r.v(34): Unintentional sequential element inferred for invalid_program read before write using blocking assignment
[WARN (VDB-1013)] ./src/simpleooo/two_copy_top_ct_cache_r.v(76): input port 'interrupt' is not connected on this instance
[WARN (VDB-1013)] ./src/simpleooo/two_copy_top_ct_cache_r.v(86): input port 'interrupt' is not connected on this instance
INFO (INL208): Elaboration synthesis summary:
  Number of synthesized netlists          7 (0 packages)
  Single run mode                         On
  Pipeline                                On (7 pipelined netlists)
  Late hierarchical reference connection  On
  Number of analyzed Verilog modules      7 (7 synthesized)
  Number of analyzed VHDL entities        0 (0 synthesized)
  Advanced Incremental run mode           Off
INFO (INL003): Clearing all state information (assumes, stopats, and so forth).
top
[<embedded>] % clock clk
[<embedded>] % reset rst -non_resettable_regs 0
WARNING (WRS016): The effects of "reset" options (such as "-non_resettable_regs", "-abstract_value") might not be reflected in the trace prefix.
    For message help, type "help -message WRS016".
INFO (IPM031): Clearing proof results of all properties.
INFO (IRS006): Current reset condition is "rst".
[<embedded>] % 
[<embedded>] % abstract -init_value {copy1.memi_instance.array}
[<embedded>] % abstract -init_value {copy2.memi_instance.array}
[<embedded>] % assume {copy1.memi_instance.array == copy2.memi_instance.array}
INFO (IPM005): The name "<embedded>::assume:0" is assigned to assumption "copy1.memi_instance.array == copy2.memi_instance.array".
assume:0
[<embedded>] % 
[<embedded>] % assume {invalid_program==0}
WARNING (WNL023): Expression sizes mismatch.
INFO (IPM005): The name "<embedded>::assume:1" is assigned to assumption "invalid_program==0".
assume:1
[<embedded>] % 
[<embedded>] % # 修复：OBSV=0 下 addr_deviation 未被赋值，强制为 0 以避免自由变量产生假反例
[<embedded>] % assume {addr_deviation==0}
INFO (IPM005): The name "<embedded>::assume:2" is assigned to assumption "addr_deviation==0".
assume:2
[<embedded>] % 
[<embedded>] % abstract -init_value {cache_1.mem}
[<embedded>] % abstract -init_value {cache_2.mem}
[<embedded>] % assume {init -> cache_1.mem[0] == cache_2.mem[0]}
INFO (IPM005): The name "<embedded>::assume:3" is assigned to assumption "init -> cache_1.mem[0] == cache_2.mem[0]".
assume:3
[<embedded>] % assume {init -> cache_1.mem[2] == cache_2.mem[2]}
INFO (IPM005): The name "<embedded>::assume:4" is assigned to assumption "init -> cache_1.mem[2] == cache_2.mem[2]".
assume:4
[<embedded>] % assume {init -> cache_1.mem[3] == cache_2.mem[3]}
INFO (IPM005): The name "<embedded>::assume:5" is assigned to assumption "init -> cache_1.mem[3] == cache_2.mem[3]".
assume:5
[<embedded>] % 
[<embedded>] % abstract -init_value {cache_1.cached_addr}
[<embedded>] % abstract -init_value {cache_2.cached_addr}
[<embedded>] % assume {init -> cache_1.cached_addr == cache_2.cached_addr}
INFO (IPM005): The name "<embedded>::assume:6" is assigned to assumption "init -> cache_1.cached_addr == cache_2.cached_addr".
assume:6
[<embedded>] % 
[<embedded>] % assert {!((commit_deviation || addr_deviation) && finish_1 && finish_2 && !stall_1 && !stall_2)}
INFO (IPM004): The name "property:0" is assigned to assertion "!((commit_deviation || addr_deviation) && finish_1 && finish_2 && !stall_1 && !stall_2)".
property:0
[<embedded>] % 
[<embedded>] % set_prove_orchestration off
[<embedded>] % set_engine_mode {Ht}
[<embedded>] % set_prove_time_limit 7d
[<embedded>] % 
[<embedded>] % prove -all
INFO (IPF036): Starting proof on task: "<embedded>", 1 properties to prove with 0 already proven/unreachable
INFO (IRS003): Setting non-resettable flop to value 0 during reset analysis.
INFO (IRS029): Starting reset analysis: phase 1 of 4.
INFO (IRS030): Running reset analysis: phase 2 of 4.
INFO (IRS031): Running reset analysis: phase 3 of 4.
INFO (IRS020): Starting the reset analysis simulation with a limit of 100 iterations (phase 4 of 4).
INFO (ISIM006): Running simulation: {mode = single, probe = all}.
INFO (IRS024): Reset iterations 0 to 4 analyzed.
INFO (ISIM008): Simulation is processing trace data. Total number of nets in analysis 4125.
INFO (IRS018): Reset analysis simulation executed for 3 iterations. Assigned values for 959 of 959 design flops, 0 of 0 design latches, 0 of 0 internal elements.
INFO (IRS039): Reset analysis complete.
INFO (IPF031): Settings used for proof thread 0:
    orchestration                      = off
    time_limit                         = 604800s
    per_property_time_limit            = 1s * 10 ^ scan
    engine_mode                        = Ht 
    proofgrid_per_engine_max_jobs      = 1
    max engine jobs                    = Ht, total 1
    proofgrid_mode                     = local
    proofgrid_restarts                 = 10
0: Using multistage preprocessing
0: Starting reduce
0: Finished reduce in 0.007s
0.0.PRE: Performing Proof Simplification...
0.0.Ht: clocks: 3, declared: 1, looping: 0, posedge: 3, negedge: 0, noedge: 0, bothedge: 0
0.0.Ht: Proof Simplification Iteration 1	[0.00 s]
0.0.Ht: Proof Simplification Iteration 2	[0.00 s]
0.0.Ht: Proof Simplification Iteration 3	[0.01 s]
0.0.Ht: Proof Simplification Iteration 4	[0.01 s]
0.0.Ht: Proof Simplification Iteration 5	[0.01 s]
0.0.PRE: Proof Simplification completed in 0.03 s
0: About to start ProofGrid in its own thread with a limit of 10000 pending notifications and a limit of 10 traces.
0: =============================== ProofGrid start ===============================
0: ProofGrid usable level: 1
0: Initial ProofGrid level: 1
0: Computed task hash in 0.00ss
0: ProofGrid is starting event handling
0.0.Ht: Proofgrid shell started at 2616614@everest3.comp.nus.edu.sg(local) jg_2616555_everest3.comp.nus.edu.sg_1
0.0.Ht: clocks: 1, declared: 1, looping: 0, posedge: 1, negedge: 0, noedge: 0, bothedge: 0
0.0.Ht: Trace Attempt  1	[0.01 s]
0.0.Ht: Trace Attempt  2	[0.01 s]
0.0.Ht: Trace Attempt  3	[0.01 s]
0.0.Ht: Trace Attempt  4	[0.01 s]
0.0.Ht: Trace Attempt  5	[0.01 s]
0.0.Ht: Requesting engine job to terminate
0.0.Ht: Trace Attempt  9	[0.02 s]
0.0.Ht: A trace with 9 cycles was found. [0.03 s]
INFO (IPF055): 0.0.Ht: A counterexample (cex) with 9 cycles was found for the property "property:0" in 0.13 s.
INFO (IPF144): 0: Initiating shutdown of proof [0.03 s]
0.0.Ht: All properties determined. [0.03 s]
0.0.Ht: Exited with Success (@ 0.03 s)
0: ProofGrid usable level: 0
0: --------------------------------------------------------------
ProofGrid Summary (utilization 33.16 %)
--------------------------------------------------------------
     engines started                               :     1
     engine jobs started                           :     1

    Average time in state (seconds)
    ------------------------------------------------------
    Engine  Pending     Running        Dead    Utilization
    ------------------------------------------------------
     Ht        0.06        0.03        0.00       33.16 %
    all        0.06        0.03        0.00       33.16 %

    Total time in state (seconds)
    -----------------------------------------
            Pending     Running        Dead  
    -----------------------------------------
               0.06        0.03        0.00

    Data read    : 13.56 kiB
    Data written : 247.00 B

INFO (IPF180): 0: ProofGrid utilization: 33.16% slot-seconds: 0.03
0: All pending notifications were processed.
INFO (IPF059): 0: Completed proof on task: "<embedded>"

==============================================================
SUMMARY
==============================================================
           Properties Considered              : 1
                 assertions                   : 1
                  - proven                    : 0 (0%)
                  - bounded_proven (user)     : 0 (0%)
                  - bounded_proven (auto)     : 0 (0%)
                  - marked_proven             : 0 (0%)
                  - cex                       : 1 (100%)
                  - ar_cex                    : 0 (0%)
                  - undetermined              : 0 (0%)
                  - unknown                   : 0 (0%)
                  - error                     : 0 (0%)
                 covers                       : 0
                  - unreachable               : 0
                  - bounded_unreachable (user): 0
                  - covered                   : 0
                  - ar_covered                : 0
                  - undetermined              : 0
                  - unknown                   : 0
                  - error                     : 0
cex
[<embedded>] % 
[<embedded>] % visualize -violation -property {property:0}
INFO (IVS015): Setting Visualize task to "<embedded>".
INFO (IVS008): Expanding analysis region to enable visualization of "<embedded>::property:0".
cex
[<embedded>] % 
[<embedded>] % # 动态获取 CEX 长度
[<embedded>] % set max_cycle 20
20
[<embedded>] % 
[<embedded>] % puts ""

[<embedded>] % puts "=== Interface Signals ==="
=== Interface Signals ===
[<embedded>] % puts "Cycle | req_v1/v2 | addr1/addr2 | delayed1/d2 | cached1/c2"
Cycle | req_v1/v2 | addr1/addr2 | delayed1/d2 | cached1/c2
[<embedded>] % for {set i 1} {$i <= $max_cycle} {incr i} {
    if {[catch {
        set rv1 [visualize -get_value copy1.dmem_req_valid $i]
        set rv2 [visualize -get_value copy2.dmem_req_valid $i]
        set a1 [visualize -get_value copy1.dmem_req_addr $i]
        set a2 [visualize -get_value copy2.dmem_req_addr $i]
        set d1 [visualize -get_value cache_1.resp_delayed $i]
        set d2 [visualize -get_value cache_2.resp_delayed $i]
        set ca1 [visualize -get_value cache_1.cached_addr $i]
        set ca2 [visualize -get_value cache_2.cached_addr $i]
        puts "T[format %2d $i] | $rv1/$rv2 | $a1/$a2 | $d1/$d2 | $ca1/$ca2"
    } err]} {
        break
    }
}
T 1 | 1'b0/1'b0 | 2'b00/2'b00 | 1'b0/1'b0 | 2'b00/2'b00
T 2 | 1'b0/1'b0 | 2'b00/2'b00 | 1'b0/1'b0 | 2'b00/2'b00
T 3 | 1'b0/1'b0 | 2'b00/2'b00 | 1'b0/1'b0 | 2'b00/2'b00
T 4 | 1'b0/1'b0 | 2'b00/2'b00 | 1'b0/1'b0 | 2'b00/2'b00
T 5 | 1'b0/1'b0 | 2'b00/2'b00 | 1'b0/1'b0 | 2'b00/2'b00
T 6 | 1'b0/1'b0 | 2'b00/2'b00 | 1'b0/1'b0 | 2'b00/2'b00
T 7 | 1'b0/1'b0 | 2'b00/2'b00 | 1'b0/1'b0 | 2'b00/2'b00
T 8 | 1'b0/1'b0 | 2'b00/2'b00 | 1'b0/1'b0 | 2'b00/2'b00
T 9 | 1'b0/1'b0 | 2'b00/2'b00 | 1'b0/1'b0 | 2'b00/2'b00
[<embedded>] % 
[<embedded>] % puts ""

[<embedded>] % puts "=== Pipeline Internals ==="
=== Pipeline Internals ===
[<embedded>] % puts "Cycle | PC1/PC2 | C_valid1/2 | C_squash1/2 | ROB_head1/2 | ROB_tail1/2"
Cycle | PC1/PC2 | C_valid1/2 | C_squash1/2 | ROB_head1/2 | ROB_tail1/2
[<embedded>] % for {set i 1} {$i <= $max_cycle} {incr i} {
    if {[catch {
        set pc1 [visualize -get_value copy1.F_pc $i]
        set pc2 [visualize -get_value copy2.F_pc $i]
        set cv1 [visualize -get_value copy1.C_valid $i]
        set cv2 [visualize -get_value copy2.C_valid $i]
        set cs1 [visualize -get_value copy1.C_squash $i]
        set cs2 [visualize -get_value copy2.C_squash $i]
        set rh1 [visualize -get_value copy1.ROB_head $i]
        set rh2 [visualize -get_value copy2.ROB_head $i]
        set rt1 [visualize -get_value copy1.ROB_tail $i]
        set rt2 [visualize -get_value copy2.ROB_tail $i]
        puts "T[format %2d $i] | $pc1/$pc2 | $cv1/$cv2 | $cs1/$cs2 | $rh1/$rh2 | $rt1/$rt2"
    } err]} {
        break
    }
}
T 1 | 4'b0000/4'b0000 | 1'b0/1'b0 | 1'b1/1'b1 | 2'b00/2'b00 | 2'b00/2'b00
T 2 | 4'b0001/4'b0001 | 1'b0/1'b0 | 1'b1/1'b1 | 2'b00/2'b00 | 2'b01/2'b01
T 3 | 4'b0010/4'b0010 | 1'b0/1'b0 | 1'b1/1'b1 | 2'b00/2'b00 | 2'b10/2'b10
T 4 | 4'b0011/4'b0011 | 1'b1/1'b1 | 1'b0/1'b1 | 2'b00/2'b00 | 2'b11/2'b11
T 5 | 4'b0100/4'b0000 | 1'b1/1'b0 | 1'b0/1'b0 | 2'b01/2'b00 | 2'b00/2'b00
T 6 | 4'b0100/4'b0001 | 1'b1/1'b0 | 1'b0/1'b0 | 2'b01/2'b00 | 2'b00/2'b01
T 7 | 4'b0100/4'b0010 | 1'b1/1'b0 | 1'b0/1'b0 | 2'b01/2'b00 | 2'b00/2'b10
T 8 | 4'b0100/4'b0011 | 1'b1/1'b1 | 1'b1/1'b1 | 2'b01/2'b00 | 2'b00/2'b11
T 9 | 4'b0000/4'b0000 | 1'b0/1'b0 | 1'b1/1'b1 | 2'b00/2'b00 | 2'b00/2'b00
[<embedded>] % 
[<embedded>] % puts ""

[<embedded>] % puts "=== Execute Stage ==="
=== Execute Stage ===
[<embedded>] % puts "Cycle | ld_addr1/2 | C_mem_valid1/2 | C_mem_addr1/2 | C_is_br1/2 | C_taken1/2"
Cycle | ld_addr1/2 | C_mem_valid1/2 | C_mem_addr1/2 | C_is_br1/2 | C_taken1/2
[<embedded>] % for {set i 1} {$i <= $max_cycle} {incr i} {
    if {[catch {
        set la1 [visualize -get_value copy1.ld_addr $i]
        set la2 [visualize -get_value copy2.ld_addr $i]
        set mv1 [visualize -get_value copy1.C_mem_valid $i]
        set mv2 [visualize -get_value copy2.C_mem_valid $i]
        set ma1 [visualize -get_value copy1.C_mem_addr $i]
        set ma2 [visualize -get_value copy2.C_mem_addr $i]
        set br1 [visualize -get_value copy1.C_is_br $i]
        set br2 [visualize -get_value copy2.C_is_br $i]
        set tk1 [visualize -get_value copy1.C_taken $i]
        set tk2 [visualize -get_value copy2.C_taken $i]
        puts "T[format %2d $i] | $la1/$la2 | $mv1/$mv2 | $ma1/$ma2 | $br1/$br2 | $tk1/$tk2"
    } err]} {
        break
    }
}
T 1 | 2'b00/2'b00 | 1'b0/1'b0 | 2'b00/2'b00 | 1'b0/1'b0 | 1'b0/1'b0
T 2 | 2'b00/2'b00 | 1'b1/1'b1 | 2'b00/2'b00 | 1'b0/1'b0 | 1'b0/1'b0
T 3 | 2'b00/2'b00 | 1'b1/1'b1 | 2'b00/2'b00 | 1'b0/1'b0 | 1'b0/1'b0
T 4 | 2'b00/2'b00 | 1'b1/1'b1 | 2'b00/2'b00 | 1'b0/1'b0 | 1'b1/1'b1
T 5 | 2'b00/2'b00 | 1'b1/1'b1 | 2'b00/2'b00 | 1'b0/1'b0 | 1'b1/1'b1
T 6 | 2'b00/2'b00 | 1'b1/1'b1 | 2'b00/2'b00 | 1'b0/1'b0 | 1'b1/1'b1
T 7 | 2'b00/2'b00 | 1'b1/1'b1 | 2'b00/2'b00 | 1'b0/1'b0 | 1'b1/1'b1
T 8 | 2'b00/2'b00 | 1'b1/1'b1 | 2'b00/2'b00 | 1'b0/1'b0 | 1'b1/1'b1
T 9 | 2'b00/2'b00 | 1'b1/1'b1 | 2'b00/2'b00 | 1'b0/1'b0 | 1'b1/1'b1
[<embedded>] % 
[<embedded>] % puts ""

[<embedded>] % puts "=== Shadow Logic ==="
=== Shadow Logic ===
[<embedded>] % puts "Cycle | commit_dev | stall1/2 | finish1/2 | invalid_prog | addr_dev"
Cycle | commit_dev | stall1/2 | finish1/2 | invalid_prog | addr_dev
[<embedded>] % for {set i 1} {$i <= $max_cycle} {incr i} {
    if {[catch {
        set cd [visualize -get_value commit_deviation $i]
        set s1 [visualize -get_value stall_1 $i]
        set s2 [visualize -get_value stall_2 $i]
        set f1 [visualize -get_value finish_1 $i]
        set f2 [visualize -get_value finish_2 $i]
        set ip [visualize -get_value invalid_program $i]
        set ad [visualize -get_value addr_deviation $i]
        puts "T[format %2d $i] | $cd | $s1/$s2 | $f1/$f2 | $ip | $ad"
    } err]} {
        break
    }
}
T 1 | 1'b0 | 1'b0/1'b0 | 1'b0/1'b0 | 1'b0 | 1'b0
T 2 | 1'b0 | 1'b0/1'b0 | 1'b0/1'b0 | 1'b0 | 1'b0
T 3 | 1'b0 | 1'b0/1'b0 | 1'b0/1'b0 | 1'b0 | 1'b0
T 4 | 1'b0 | 1'b0/1'b0 | 1'b0/1'b0 | 1'b0 | 1'b0
T 5 | 1'b0 | 1'b0/1'b0 | 1'b0/1'b0 | 1'b0 | 1'b0
T 6 | 1'b1 | 1'b1/1'b0 | 1'b0/1'b0 | 1'b0 | 1'b0
T 7 | 1'b1 | 1'b1/1'b0 | 1'b0/1'b0 | 1'b0 | 1'b0
T 8 | 1'b1 | 1'b1/1'b0 | 1'b0/1'b0 | 1'b0 | 1'b0
T 9 | 1'b1 | 1'b0/1'b0 | 1'b1/1'b1 | 1'b0 | 1'b0
[<embedded>] % 
[<embedded>] % puts ""

[<embedded>] % puts "=== DONE ==="
=== DONE ===
[<embedded>] % 
[<embedded>] % exit
INFO (IPL005): Received request to exit from the console.
INFO (IPL014): Waiting for the Tcl-thread to exit.
INFO: Waiting for proof threads to stop...
INFO: Proof threads stopped.
INFO (IPL018): The peak resident set memory use for this session was 0.450 GB.
INFO (IPL015): The Tcl-thread exited with status 0.
INFO (IPL016): Exiting the analysis session with status 0.
