2026-03-24 01:33:21.091374 (3299468) main____ INFO    ----------------------------------------
2026-03-24 01:33:21.091411 (3299468) main____ INFO    Jasper version info
2026-03-24 01:33:21.091416 (3299468) main____ INFO      tool      : Jasper 2025.06
2026-03-24 01:33:21.091420 (3299468) main____ INFO      version   : 2025.06 FCS 64 bits
2026-03-24 01:33:21.091423 (3299468) main____ INFO      build date: 2025.06.25 13:01:28 UTC
2026-03-24 01:33:21.091425 (3299468) main____ INFO    ----------------------------------------
2026-03-24 01:33:21.091427 (3299468) main____ INFO    Runtime info:
2026-03-24 01:33:21.091429 (3299468) main____ INFO      platform  : Linux 4.18.0-477.15.1.el8_8.x86_64 x86_64
2026-03-24 01:33:21.091433 (3299468) main____ INFO      hostname  : everest3.comp.nus.edu.sg
2026-03-24 01:33:21.091437 (3299468) main____ INFO      pid       : 3299468
2026-03-24 01:33:21.091439 (3299468) main____ INFO      arguments : '-style' 'windows' '-batch' '-proj' 'results/my_proj_delay_ct_obsv0_cache_s' 'results/veri_delay_ct_obsv0_cache_s.tcl'
2026-03-24 01:33:21.091444 (3299468) main____ INFO      locale    : UTF-8
2026-03-24 01:33:21.091446 (3299468) main____ INFO    ----------------------------------------
2026-03-24 01:33:21.091448 (3299468) main____ INFO    System resource limits info:
2026-03-24 01:33:21.091451 (3299468) main____ INFO      virtual memory: unlimited
2026-03-24 01:33:21.091454 (3299468) main____ INFO      cpu time      : unlimited
2026-03-24 01:33:21.091459 (3299468) main____ INFO      processes     : 3088331
2026-03-24 01:33:21.091466 (3299468) main____ INFO      stack size    : 12800000 B
2026-03-24 01:33:21.091469 (3299468) main____ INFO      core file size: 0 B
2026-03-24 01:33:21.091472 (3299468) main____ INFO      open files    : 262144
2026-03-24 01:33:21.091475 (3299468) main____ INFO      file size     : unlimited
2026-03-24 01:33:21.091477 (3299468) main____ INFO    ----------------------------------------
2026-03-24 01:33:21.091479 (3299468) main____ INFO    Memory statistics:
2026-03-24 01:33:21.091482 (3299468) main____ INFO      total physical memory  : 790648116 kB
2026-03-24 01:33:21.091484 (3299468) main____ INFO      free physical memory   : 764182696 kB
2026-03-24 01:33:21.091488 (3299468) main____ INFO      committed address space: 3360124 kB
2026-03-24 01:33:21.091490 (3299468) main____ INFO    ----------------------------------------
2026-03-24 01:33:21.092046 (3299468) main____ INFO    Important environment variables:
2026-03-24 01:33:21.092061 (3299468) main____ INFO      CDS_LIC_FILE       : '/opt/cadence/licenses/license.dat'
2026-03-24 01:33:21.092064 (3299468) main____ INFO      DISPLAY            : 'localhost:10.0'
2026-03-24 01:33:21.092067 (3299468) main____ INFO      JASPER_CPU_CHECK   : '1'
2026-03-24 01:33:21.092069 (3299468) main____ INFO      JASPER_INSTALL_DIR : '/opt/cadence/jasper_2025.06'
2026-03-24 01:33:21.092072 (3299468) main____ INFO      JASPER_KERNEL_CHECK: '1'
2026-03-24 01:33:21.092074 (3299468) main____ INFO      JASPER_OS_CHECK    : '1'
2026-03-24 01:33:21.092076 (3299468) main____ INFO      JASPER_PLATFORM    : 'Linux64'
2026-03-24 01:33:21.092079 (3299468) main____ INFO      LANG               : 'C.UTF-8'
2026-03-24 01:33:21.092081 (3299468) main____ INFO    ----------------------------------------
2026-03-24 01:33:21.092123 (3299468) lic_core INFO    Initializing license system ...
2026-03-24 01:33:21.415844 (3299487) lic_core INFO    [01:33:21.415569] Configured Lic search path (24.01-s003): /opt/cadence/licenses/license.dat
2026-03-24 01:33:21.422217 (3299468) lic_core INFO    ... license system initialized.
2026-03-24 01:33:21.422385 (3299468) lic__man INFO    Claim 'fpv' for <ui>.
2026-03-24 01:33:21.422410 (3299468) lic_core INFO    (1) checking out 'jasper_fpv' ...
2026-03-24 01:33:21.425849 (3299468) lic_core INFO    ... (1) checkout failed (error: -5) ("FLEXnet ERROR(-5, 0, 0): No such feature exists.")
2026-03-24 01:33:21.425869 (3299468) lic_core INFO    (2) checking out 'jasper_fao' ...
2026-03-24 01:33:21.432610 (3299468) lic_core INFO    ... (2) checkout succeeded
2026-03-24 01:33:21.475435 (3299468) session_ INFO    Starting analysis session with session id 'session_0' (launcher: <local>) ...
2026-03-24 01:33:21.477437 (3299468) session_ INFO    Analysis session with session id 'session_0' started (pid: 3299501)
2026-03-24 01:33:22.106261 (3299468) session_ INFO    Analysis session 'session_0' connected to the console (host: 127.0.0.1:52092)
2026-03-24 01:33:22.563270 (3299468) lic__man INFO    Unclaim everything for 'session_0'.
2026-03-24 01:33:22.611138 (3299468) lic__man INFO    Claim 'fpv' for 'session_0'.
2026-03-24 01:33:22.611172 (3299468) lic__man INFO    Claim 'fpv' for 'session_0/prove-0'.
2026-03-24 01:34:21.775122 (3299487) lic_core INFO    [01:34:21.250657] Periodic Lic check successful
2026-03-24 01:34:21.775171 (3299487) lic_core INFO      [01:34:21.774954] Feature usage summary:
2026-03-24 01:34:21.775176 (3299487) lic_core INFO      [01:34:21.774955] jasper_fao
2026-03-24 01:36:28.556028 (3299468) lic__man INFO    Unclaim everything for 'session_0/prove-0'.
2026-03-24 01:36:28.780892 (3299468) main____ INFO    About to exit: request to exit with status 0 received from analysis session 'session_0'
2026-03-24 01:36:28.882423 (3299468) session_ INFO    Analysis session 'session_0' disconnected.
2026-03-24 01:36:28.882520 (3299468) lic__man INFO    Unclaim everything for 'session_0'.
2026-03-24 01:36:28.882617 (3299468) session_ INFO    Process for analysis session 'session_0' has exited with exit status '0'.
2026-03-24 01:36:29.278820 (3299468) bridge__ INFO    jg_bridge has exited with exit status '0'.
2026-03-24 01:36:30.730803 (3299468) lic_core INFO    (2) checkin jasper_fao
2026-03-24 01:36:30.731685 (3299468) lic_core INFO    Lic Summary:
2026-03-24 01:36:30.731694 (3299468) lic_core INFO      [01:36:30.207306] Cdslmd servers:/opt/cadence/licenses/license.dat
2026-03-24 01:36:30.731697 (3299468) lic_core INFO      [01:36:30.731603] Feature usage summary:
2026-03-24 01:36:30.731699 (3299468) lic_core INFO      [01:36:30.731603] jasper_fao
2026-03-24 01:36:30.731782 (3299468) main____ INFO    Exiting with status 0.
