2026-03-31 22:49:50.662910 (3862228) main____ INFO    ----------------------------------------
2026-03-31 22:49:50.662989 (3862228) main____ INFO    Jasper version info
2026-03-31 22:49:50.662995 (3862228) main____ INFO      tool      : Jasper 2025.06
2026-03-31 22:49:50.663001 (3862228) main____ INFO      version   : 2025.06 FCS 64 bits
2026-03-31 22:49:50.663006 (3862228) main____ INFO      build date: 2025.06.25 13:01:28 UTC
2026-03-31 22:49:50.663009 (3862228) main____ INFO    ----------------------------------------
2026-03-31 22:49:50.663012 (3862228) main____ INFO    Runtime info:
2026-03-31 22:49:50.663016 (3862228) main____ INFO      platform  : Linux 4.18.0-477.15.1.el8_8.x86_64 x86_64
2026-03-31 22:49:50.663023 (3862228) main____ INFO      hostname  : everest3.comp.nus.edu.sg
2026-03-31 22:49:50.663029 (3862228) main____ INFO      pid       : 3862228
2026-03-31 22:49:50.663032 (3862228) main____ INFO      arguments : '-style' 'windows' '-batch' '-proj' 'results/my_proj_sodor_ct_cache_r' 'results/veri_sodor_ct_cache_r.tcl'
2026-03-31 22:49:50.663039 (3862228) main____ INFO      locale    : UTF-8
2026-03-31 22:49:50.663042 (3862228) main____ INFO    ----------------------------------------
2026-03-31 22:49:50.663044 (3862228) main____ INFO    System resource limits info:
2026-03-31 22:49:50.663050 (3862228) main____ INFO      virtual memory: unlimited
2026-03-31 22:49:50.663054 (3862228) main____ INFO      cpu time      : unlimited
2026-03-31 22:49:50.663063 (3862228) main____ INFO      processes     : 3088331
2026-03-31 22:49:50.663072 (3862228) main____ INFO      stack size    : 8388608 B
2026-03-31 22:49:50.663077 (3862228) main____ INFO      core file size: 0 B
2026-03-31 22:49:50.663082 (3862228) main____ INFO      open files    : 262144
2026-03-31 22:49:50.663086 (3862228) main____ INFO      file size     : unlimited
2026-03-31 22:49:50.663089 (3862228) main____ INFO    ----------------------------------------
2026-03-31 22:49:50.663092 (3862228) main____ INFO    Memory statistics:
2026-03-31 22:49:50.663096 (3862228) main____ INFO      total physical memory  : 790648116 kB
2026-03-31 22:49:50.663100 (3862228) main____ INFO      free physical memory   : 586822516 kB
2026-03-31 22:49:50.663105 (3862228) main____ INFO      committed address space: 80535068 kB
2026-03-31 22:49:50.663107 (3862228) main____ INFO    ----------------------------------------
2026-03-31 22:49:50.664156 (3862228) main____ INFO    Important environment variables:
2026-03-31 22:49:50.664205 (3862228) main____ INFO      CDS_LIC_FILE       : '/opt/cadence/licenses/license.dat'
2026-03-31 22:49:50.664212 (3862228) main____ INFO      DISPLAY            : 'localhost:10.0'
2026-03-31 22:49:50.664217 (3862228) main____ INFO      JASPER_CPU_CHECK   : '1'
2026-03-31 22:49:50.664221 (3862228) main____ INFO      JASPER_INSTALL_DIR : '/opt/cadence/jasper_2025.06'
2026-03-31 22:49:50.664225 (3862228) main____ INFO      JASPER_KERNEL_CHECK: '1'
2026-03-31 22:49:50.664229 (3862228) main____ INFO      JASPER_OS_CHECK    : '1'
2026-03-31 22:49:50.664233 (3862228) main____ INFO      JASPER_PLATFORM    : 'Linux64'
2026-03-31 22:49:50.664237 (3862228) main____ INFO      LANG               : 'C.UTF-8'
2026-03-31 22:49:50.664240 (3862228) main____ INFO    ----------------------------------------
2026-03-31 22:49:50.664333 (3862228) lic_core INFO    Initializing license system ...
2026-03-31 22:49:50.719035 (3862275) lic_core INFO    [22:49:50.415665] Configured Lic search path (24.01-s003): /opt/cadence/licenses/license.dat
2026-03-31 22:49:50.884737 (3862228) lic_core INFO    ... license system initialized.
2026-03-31 22:49:50.885049 (3862228) lic__man INFO    Claim 'fpv' for <ui>.
2026-03-31 22:49:50.885094 (3862228) lic_core INFO    (1) checking out 'jasper_fpv' ...
2026-03-31 22:49:50.890091 (3862228) lic_core INFO    ... (1) checkout failed (error: -5) ("FLEXnet ERROR(-5, 0, 0): No such feature exists.")
2026-03-31 22:49:50.890138 (3862228) lic_core INFO    (2) checking out 'jasper_fao' ...
2026-03-31 22:49:50.893244 (3862228) lic_core INFO    ... (2) checkout failed (error: -4) ("FLEXnet ERROR(-4, 0, 0): Licensed number of users already reached.")
2026-03-31 22:49:50.893290 (3862228) lic_core INFO    (3) checking out 'jasper_papp' ...
2026-03-31 22:49:50.896901 (3862228) lic_core INFO    ... (3) checkout failed (error: -4) ("FLEXnet ERROR(-4, 0, 0): Licensed number of users already reached.")
2026-03-31 22:50:50.794876 (3862275) lic_core INFO    [22:50:50.270528] Periodic Lic check successful
2026-03-31 22:50:50.794949 (3862275) lic_core INFO      [22:50:50.794819] Feature usage summary:
2026-03-31 22:50:50.903768 (3862228) lic_core INFO    (4) checking out 'jasper_fpv' ...
2026-03-31 22:50:50.903851 (3862228) lic_core INFO    ... (4) checkout failed (error: -1000000008) ("License feature excluded by previous fatal license checkout attempt")
2026-03-31 22:50:50.903864 (3862228) lic_core INFO    (5) checking out 'jasper_fao' ...
2026-03-31 22:50:50.909796 (3862228) lic_core INFO    ... (5) checkout failed (error: -4) ("FLEXnet ERROR(-4, 0, 0): Licensed number of users already reached.")
2026-03-31 22:50:50.909843 (3862228) lic_core INFO    (6) checking out 'jasper_papp' ...
2026-03-31 22:50:50.913658 (3862228) lic_core INFO    ... (6) checkout failed (error: -4) ("FLEXnet ERROR(-4, 0, 0): Licensed number of users already reached.")
2026-03-31 22:51:50.914018 (3862228) lic_core INFO    (7) checking out 'jasper_fpv' ...
2026-03-31 22:51:50.914115 (3862228) lic_core INFO    ... (7) checkout failed (error: -1000000008) ("License feature excluded by previous fatal license checkout attempt")
2026-03-31 22:51:50.914131 (3862228) lic_core INFO    (8) checking out 'jasper_fao' ...
2026-03-31 22:51:50.918558 (3862228) lic_core INFO    ... (8) checkout failed (error: -4) ("FLEXnet ERROR(-4, 0, 0): Licensed number of users already reached.")
2026-03-31 22:51:50.918602 (3862228) lic_core INFO    (9) checking out 'jasper_papp' ...
2026-03-31 22:51:50.922595 (3862228) lic_core INFO    ... (9) checkout failed (error: -4) ("FLEXnet ERROR(-4, 0, 0): Licensed number of users already reached.")
2026-03-31 22:52:50.922843 (3862228) lic_core INFO    (10) checking out 'jasper_fpv' ...
2026-03-31 22:52:50.922943 (3862228) lic_core INFO    ... (10) checkout failed (error: -1000000008) ("License feature excluded by previous fatal license checkout attempt")
2026-03-31 22:52:50.922955 (3862228) lic_core INFO    (11) checking out 'jasper_fao' ...
2026-03-31 22:52:50.931806 (3862228) lic_core INFO    ... (11) checkout failed (error: -4) ("FLEXnet ERROR(-4, 0, 0): Licensed number of users already reached.")
2026-03-31 22:52:50.931855 (3862228) lic_core INFO    (12) checking out 'jasper_papp' ...
2026-03-31 22:52:50.937211 (3862228) lic_core INFO    ... (12) checkout failed (error: -4) ("FLEXnet ERROR(-4, 0, 0): Licensed number of users already reached.")
2026-03-31 22:53:50.946757 (3862228) lic_core INFO    (13) checking out 'jasper_fpv' ...
2026-03-31 22:53:50.946858 (3862228) lic_core INFO    ... (13) checkout failed (error: -1000000008) ("License feature excluded by previous fatal license checkout attempt")
2026-03-31 22:53:50.946871 (3862228) lic_core INFO    (14) checking out 'jasper_fao' ...
2026-03-31 22:53:50.969364 (3862228) lic_core INFO    ... (14) checkout failed (error: -4) ("FLEXnet ERROR(-4, 0, 0): Licensed number of users already reached.")
2026-03-31 22:53:50.969421 (3862228) lic_core INFO    (15) checking out 'jasper_papp' ...
2026-03-31 22:53:50.974661 (3862228) lic_core INFO    ... (15) checkout failed (error: -4) ("FLEXnet ERROR(-4, 0, 0): Licensed number of users already reached.")
2026-03-31 22:54:50.974923 (3862228) lic_core INFO    (16) checking out 'jasper_fpv' ...
2026-03-31 22:54:50.975021 (3862228) lic_core INFO    ... (16) checkout failed (error: -1000000008) ("License feature excluded by previous fatal license checkout attempt")
2026-03-31 22:54:50.975034 (3862228) lic_core INFO    (17) checking out 'jasper_fao' ...
2026-03-31 22:54:50.997911 (3862228) lic_core INFO    ... (17) checkout failed (error: -4) ("FLEXnet ERROR(-4, 0, 0): Licensed number of users already reached.")
2026-03-31 22:54:50.997962 (3862228) lic_core INFO    (18) checking out 'jasper_papp' ...
2026-03-31 22:54:51.016089 (3862228) lic_core INFO    ... (18) checkout failed (error: -4) ("FLEXnet ERROR(-4, 0, 0): Licensed number of users already reached.")
2026-03-31 22:55:51.016680 (3862228) lic_core INFO    (19) checking out 'jasper_fpv' ...
2026-03-31 22:55:51.016738 (3862228) lic_core INFO    ... (19) checkout failed (error: -1000000008) ("License feature excluded by previous fatal license checkout attempt")
2026-03-31 22:55:51.016749 (3862228) lic_core INFO    (20) checking out 'jasper_fao' ...
2026-03-31 22:55:51.027716 (3862228) lic_core INFO    ... (20) checkout failed (error: -4) ("FLEXnet ERROR(-4, 0, 0): Licensed number of users already reached.")
2026-03-31 22:55:51.027774 (3862228) lic_core INFO    (21) checking out 'jasper_papp' ...
2026-03-31 22:55:51.033061 (3862228) lic_core INFO    ... (21) checkout failed (error: -4) ("FLEXnet ERROR(-4, 0, 0): Licensed number of users already reached.")
2026-03-31 22:56:51.033287 (3862228) lic_core INFO    (22) checking out 'jasper_fpv' ...
2026-03-31 22:56:51.033388 (3862228) lic_core INFO    ... (22) checkout failed (error: -1000000008) ("License feature excluded by previous fatal license checkout attempt")
2026-03-31 22:56:51.033402 (3862228) lic_core INFO    (23) checking out 'jasper_fao' ...
2026-03-31 22:56:51.041211 (3862228) lic_core INFO    ... (23) checkout failed (error: -4) ("FLEXnet ERROR(-4, 0, 0): Licensed number of users already reached.")
2026-03-31 22:56:51.041253 (3862228) lic_core INFO    (24) checking out 'jasper_papp' ...
2026-03-31 22:56:51.045697 (3862228) lic_core INFO    ... (24) checkout failed (error: -4) ("FLEXnet ERROR(-4, 0, 0): Licensed number of users already reached.")
2026-03-31 22:57:51.045910 (3862228) lic_core INFO    (25) checking out 'jasper_fpv' ...
2026-03-31 22:57:51.045968 (3862228) lic_core INFO    ... (25) checkout failed (error: -1000000008) ("License feature excluded by previous fatal license checkout attempt")
2026-03-31 22:57:51.045979 (3862228) lic_core INFO    (26) checking out 'jasper_fao' ...
2026-03-31 22:57:51.050044 (3862228) lic_core INFO    ... (26) checkout failed (error: -4) ("FLEXnet ERROR(-4, 0, 0): Licensed number of users already reached.")
2026-03-31 22:57:51.050092 (3862228) lic_core INFO    (27) checking out 'jasper_papp' ...
2026-03-31 22:57:51.056257 (3862228) lic_core INFO    ... (27) checkout failed (error: -4) ("FLEXnet ERROR(-4, 0, 0): Licensed number of users already reached.")
2026-03-31 22:58:51.061216 (3862228) lic_core INFO    (28) checking out 'jasper_fpv' ...
2026-03-31 22:58:51.061264 (3862228) lic_core INFO    ... (28) checkout failed (error: -1000000008) ("License feature excluded by previous fatal license checkout attempt")
2026-03-31 22:58:51.061272 (3862228) lic_core INFO    (29) checking out 'jasper_fao' ...
2026-03-31 22:58:51.065303 (3862228) lic_core INFO    ... (29) checkout failed (error: -4) ("FLEXnet ERROR(-4, 0, 0): Licensed number of users already reached.")
2026-03-31 22:58:51.065356 (3862228) lic_core INFO    (30) checking out 'jasper_papp' ...
2026-03-31 22:58:51.070878 (3862228) lic_core INFO    ... (30) checkout failed (error: -4) ("FLEXnet ERROR(-4, 0, 0): Licensed number of users already reached.")
2026-03-31 22:59:51.075753 (3862228) lic_core INFO    (31) checking out 'jasper_fpv' ...
2026-03-31 22:59:51.075846 (3862228) lic_core INFO    ... (31) checkout failed (error: -1000000008) ("License feature excluded by previous fatal license checkout attempt")
2026-03-31 22:59:51.075859 (3862228) lic_core INFO    (32) checking out 'jasper_fao' ...
2026-03-31 22:59:51.092370 (3862228) lic_core INFO    ... (32) checkout failed (error: -4) ("FLEXnet ERROR(-4, 0, 0): Licensed number of users already reached.")
2026-03-31 22:59:51.092408 (3862228) lic_core INFO    (33) checking out 'jasper_papp' ...
2026-03-31 22:59:51.102092 (3862228) lic_core INFO    ... (33) checkout failed (error: -4) ("FLEXnet ERROR(-4, 0, 0): Licensed number of users already reached.")
2026-03-31 23:00:51.102356 (3862228) lic_core INFO    (34) checking out 'jasper_fpv' ...
2026-03-31 23:00:51.102420 (3862228) lic_core INFO    ... (34) checkout failed (error: -1000000008) ("License feature excluded by previous fatal license checkout attempt")
2026-03-31 23:00:51.102432 (3862228) lic_core INFO    (35) checking out 'jasper_fao' ...
2026-03-31 23:00:51.128305 (3862228) lic_core INFO    ... (35) checkout failed (error: -4) ("FLEXnet ERROR(-4, 0, 0): Licensed number of users already reached.")
2026-03-31 23:00:51.128351 (3862228) lic_core INFO    (36) checking out 'jasper_papp' ...
2026-03-31 23:00:51.137696 (3862228) lic_core INFO    ... (36) checkout failed (error: -4) ("FLEXnet ERROR(-4, 0, 0): Licensed number of users already reached.")
2026-03-31 23:01:51.138112 (3862228) lic_core INFO    (37) checking out 'jasper_fpv' ...
2026-03-31 23:01:51.138175 (3862228) lic_core INFO    ... (37) checkout failed (error: -1000000008) ("License feature excluded by previous fatal license checkout attempt")
2026-03-31 23:01:51.138188 (3862228) lic_core INFO    (38) checking out 'jasper_fao' ...
2026-03-31 23:01:51.161511 (3862228) lic_core INFO    ... (38) checkout failed (error: -4) ("FLEXnet ERROR(-4, 0, 0): Licensed number of users already reached.")
2026-03-31 23:01:51.161549 (3862228) lic_core INFO    (39) checking out 'jasper_papp' ...
2026-03-31 23:01:51.164905 (3862228) lic_core INFO    ... (39) checkout failed (error: -4) ("FLEXnet ERROR(-4, 0, 0): Licensed number of users already reached.")
2026-03-31 23:02:51.165149 (3862228) lic_core INFO    (40) checking out 'jasper_fpv' ...
2026-03-31 23:02:51.165248 (3862228) lic_core INFO    ... (40) checkout failed (error: -1000000008) ("License feature excluded by previous fatal license checkout attempt")
2026-03-31 23:02:51.165263 (3862228) lic_core INFO    (41) checking out 'jasper_fao' ...
2026-03-31 23:02:51.180103 (3862228) lic_core INFO    ... (41) checkout failed (error: -4) ("FLEXnet ERROR(-4, 0, 0): Licensed number of users already reached.")
2026-03-31 23:02:51.180144 (3862228) lic_core INFO    (42) checking out 'jasper_papp' ...
2026-03-31 23:02:51.202931 (3862228) lic_core INFO    ... (42) checkout failed (error: -4) ("FLEXnet ERROR(-4, 0, 0): Licensed number of users already reached.")
2026-03-31 23:03:51.203172 (3862228) lic_core INFO    (43) checking out 'jasper_fpv' ...
2026-03-31 23:03:51.203277 (3862228) lic_core INFO    ... (43) checkout failed (error: -1000000008) ("License feature excluded by previous fatal license checkout attempt")
2026-03-31 23:03:51.203290 (3862228) lic_core INFO    (44) checking out 'jasper_fao' ...
2026-03-31 23:03:51.209957 (3862228) lic_core INFO    ... (44) checkout failed (error: -4) ("FLEXnet ERROR(-4, 0, 0): Licensed number of users already reached.")
2026-03-31 23:03:51.210008 (3862228) lic_core INFO    (45) checking out 'jasper_papp' ...
2026-03-31 23:03:51.215283 (3862228) lic_core INFO    ... (45) checkout failed (error: -4) ("FLEXnet ERROR(-4, 0, 0): Licensed number of users already reached.")
2026-03-31 23:04:51.217867 (3862228) lic_core INFO    (46) checking out 'jasper_fpv' ...
2026-03-31 23:04:51.217945 (3862228) lic_core INFO    ... (46) checkout failed (error: -1000000008) ("License feature excluded by previous fatal license checkout attempt")
2026-03-31 23:04:51.217957 (3862228) lic_core INFO    (47) checking out 'jasper_fao' ...
2026-03-31 23:04:51.230125 (3862228) lic_core INFO    ... (47) checkout failed (error: -4) ("FLEXnet ERROR(-4, 0, 0): Licensed number of users already reached.")
2026-03-31 23:04:51.230167 (3862228) lic_core INFO    (48) checking out 'jasper_papp' ...
2026-03-31 23:04:51.235062 (3862228) lic_core INFO    ... (48) checkout failed (error: -4) ("FLEXnet ERROR(-4, 0, 0): Licensed number of users already reached.")
2026-03-31 23:05:51.235719 (3862228) lic_core INFO    (49) checking out 'jasper_fpv' ...
2026-03-31 23:05:51.235813 (3862228) lic_core INFO    ... (49) checkout failed (error: -1000000008) ("License feature excluded by previous fatal license checkout attempt")
2026-03-31 23:05:51.235825 (3862228) lic_core INFO    (50) checking out 'jasper_fao' ...
2026-03-31 23:05:51.239781 (3862228) lic_core INFO    ... (50) checkout failed (error: -4) ("FLEXnet ERROR(-4, 0, 0): Licensed number of users already reached.")
2026-03-31 23:05:51.239820 (3862228) lic_core INFO    (51) checking out 'jasper_papp' ...
2026-03-31 23:05:51.244641 (3862228) lic_core INFO    ... (51) checkout failed (error: -4) ("FLEXnet ERROR(-4, 0, 0): Licensed number of users already reached.")
2026-03-31 23:06:51.258768 (3862228) lic_core INFO    (52) checking out 'jasper_fpv' ...
2026-03-31 23:06:51.258862 (3862228) lic_core INFO    ... (52) checkout failed (error: -1000000008) ("License feature excluded by previous fatal license checkout attempt")
2026-03-31 23:06:51.258876 (3862228) lic_core INFO    (53) checking out 'jasper_fao' ...
2026-03-31 23:06:51.275129 (3862228) lic_core INFO    ... (53) checkout failed (error: -4) ("FLEXnet ERROR(-4, 0, 0): Licensed number of users already reached.")
2026-03-31 23:06:51.275170 (3862228) lic_core INFO    (54) checking out 'jasper_papp' ...
2026-03-31 23:06:51.290453 (3862228) lic_core INFO    ... (54) checkout failed (error: -4) ("FLEXnet ERROR(-4, 0, 0): Licensed number of users already reached.")
2026-03-31 23:07:51.294604 (3862228) lic_core INFO    (55) checking out 'jasper_fpv' ...
2026-03-31 23:07:51.294687 (3862228) lic_core INFO    ... (55) checkout failed (error: -1000000008) ("License feature excluded by previous fatal license checkout attempt")
2026-03-31 23:07:51.294699 (3862228) lic_core INFO    (56) checking out 'jasper_fao' ...
2026-03-31 23:07:51.319636 (3862228) lic_core INFO    ... (56) checkout failed (error: -4) ("FLEXnet ERROR(-4, 0, 0): Licensed number of users already reached.")
2026-03-31 23:07:51.319671 (3862228) lic_core INFO    (57) checking out 'jasper_papp' ...
2026-03-31 23:07:51.352248 (3862228) lic_core INFO    ... (57) checkout failed (error: -4) ("FLEXnet ERROR(-4, 0, 0): Licensed number of users already reached.")
2026-03-31 23:08:51.355571 (3862228) lic_core INFO    (58) checking out 'jasper_fpv' ...
2026-03-31 23:08:51.355616 (3862228) lic_core INFO    ... (58) checkout failed (error: -1000000008) ("License feature excluded by previous fatal license checkout attempt")
2026-03-31 23:08:51.355626 (3862228) lic_core INFO    (59) checking out 'jasper_fao' ...
2026-03-31 23:08:51.387572 (3862228) lic_core INFO    ... (59) checkout failed (error: -4) ("FLEXnet ERROR(-4, 0, 0): Licensed number of users already reached.")
2026-03-31 23:08:51.387613 (3862228) lic_core INFO    (60) checking out 'jasper_papp' ...
2026-03-31 23:08:51.391165 (3862228) lic_core INFO    ... (60) checkout failed (error: -4) ("FLEXnet ERROR(-4, 0, 0): Licensed number of users already reached.")
2026-03-31 23:09:51.391404 (3862228) lic_core INFO    (61) checking out 'jasper_fpv' ...
2026-03-31 23:09:51.391505 (3862228) lic_core INFO    ... (61) checkout failed (error: -1000000008) ("License feature excluded by previous fatal license checkout attempt")
2026-03-31 23:09:51.391518 (3862228) lic_core INFO    (62) checking out 'jasper_fao' ...
2026-03-31 23:09:51.408859 (3862228) lic_core INFO    ... (62) checkout failed (error: -4) ("FLEXnet ERROR(-4, 0, 0): Licensed number of users already reached.")
2026-03-31 23:09:51.408902 (3862228) lic_core INFO    (63) checking out 'jasper_papp' ...
2026-03-31 23:09:51.418300 (3862228) lic_core INFO    ... (63) checkout failed (error: -4) ("FLEXnet ERROR(-4, 0, 0): Licensed number of users already reached.")
2026-03-31 23:10:51.418551 (3862228) lic_core INFO    (64) checking out 'jasper_fpv' ...
2026-03-31 23:10:51.418645 (3862228) lic_core INFO    ... (64) checkout failed (error: -1000000008) ("License feature excluded by previous fatal license checkout attempt")
2026-03-31 23:10:51.418658 (3862228) lic_core INFO    (65) checking out 'jasper_fao' ...
2026-03-31 23:10:51.462906 (3862228) lic_core INFO    ... (65) checkout failed (error: -4) ("FLEXnet ERROR(-4, 0, 0): Licensed number of users already reached.")
2026-03-31 23:10:51.462958 (3862228) lic_core INFO    (66) checking out 'jasper_papp' ...
2026-03-31 23:10:51.478212 (3862228) lic_core INFO    ... (66) checkout failed (error: -4) ("FLEXnet ERROR(-4, 0, 0): Licensed number of users already reached.")
2026-03-31 23:11:51.487751 (3862228) lic_core INFO    (67) checking out 'jasper_fpv' ...
2026-03-31 23:11:51.487847 (3862228) lic_core INFO    ... (67) checkout failed (error: -1000000008) ("License feature excluded by previous fatal license checkout attempt")
2026-03-31 23:11:51.487861 (3862228) lic_core INFO    (68) checking out 'jasper_fao' ...
2026-03-31 23:11:51.517766 (3862228) lic_core INFO    ... (68) checkout failed (error: -4) ("FLEXnet ERROR(-4, 0, 0): Licensed number of users already reached.")
2026-03-31 23:11:51.517816 (3862228) lic_core INFO    (69) checking out 'jasper_papp' ...
2026-03-31 23:11:51.563671 (3862228) lic_core INFO    ... (69) checkout failed (error: -4) ("FLEXnet ERROR(-4, 0, 0): Licensed number of users already reached.")
2026-03-31 23:12:51.563938 (3862228) lic_core INFO    (70) checking out 'jasper_fpv' ...
2026-03-31 23:12:51.564018 (3862228) lic_core INFO    ... (70) checkout failed (error: -1000000008) ("License feature excluded by previous fatal license checkout attempt")
2026-03-31 23:12:51.564032 (3862228) lic_core INFO    (71) checking out 'jasper_fao' ...
2026-03-31 23:12:51.567642 (3862228) lic_core INFO    ... (71) checkout failed (error: -4) ("FLEXnet ERROR(-4, 0, 0): Licensed number of users already reached.")
2026-03-31 23:12:51.567688 (3862228) lic_core INFO    (72) checking out 'jasper_papp' ...
2026-03-31 23:12:51.571667 (3862228) lic_core INFO    ... (72) checkout failed (error: -4) ("FLEXnet ERROR(-4, 0, 0): Licensed number of users already reached.")
2026-03-31 23:13:51.571894 (3862228) lic_core INFO    (73) checking out 'jasper_fpv' ...
2026-03-31 23:13:51.571965 (3862228) lic_core INFO    ... (73) checkout failed (error: -1000000008) ("License feature excluded by previous fatal license checkout attempt")
2026-03-31 23:13:51.571978 (3862228) lic_core INFO    (74) checking out 'jasper_fao' ...
2026-03-31 23:13:51.576609 (3862228) lic_core INFO    ... (74) checkout failed (error: -4) ("FLEXnet ERROR(-4, 0, 0): Licensed number of users already reached.")
2026-03-31 23:13:51.576651 (3862228) lic_core INFO    (75) checking out 'jasper_papp' ...
2026-03-31 23:13:51.580661 (3862228) lic_core INFO    ... (75) checkout failed (error: -4) ("FLEXnet ERROR(-4, 0, 0): Licensed number of users already reached.")
2026-03-31 23:14:51.580880 (3862228) lic_core INFO    (76) checking out 'jasper_fpv' ...
2026-03-31 23:14:51.580947 (3862228) lic_core INFO    ... (76) checkout failed (error: -1000000008) ("License feature excluded by previous fatal license checkout attempt")
2026-03-31 23:14:51.580960 (3862228) lic_core INFO    (77) checking out 'jasper_fao' ...
2026-03-31 23:14:51.584763 (3862228) lic_core INFO    ... (77) checkout failed (error: -4) ("FLEXnet ERROR(-4, 0, 0): Licensed number of users already reached.")
2026-03-31 23:14:51.584810 (3862228) lic_core INFO    (78) checking out 'jasper_papp' ...
2026-03-31 23:14:51.588109 (3862228) lic_core INFO    ... (78) checkout failed (error: -4) ("FLEXnet ERROR(-4, 0, 0): Licensed number of users already reached.")
2026-03-31 23:15:51.588326 (3862228) lic_core INFO    (79) checking out 'jasper_fpv' ...
2026-03-31 23:15:51.588427 (3862228) lic_core INFO    ... (79) checkout failed (error: -1000000008) ("License feature excluded by previous fatal license checkout attempt")
2026-03-31 23:15:51.588441 (3862228) lic_core INFO    (80) checking out 'jasper_fao' ...
2026-03-31 23:15:51.608885 (3862228) lic_core INFO    ... (80) checkout failed (error: -4) ("FLEXnet ERROR(-4, 0, 0): Licensed number of users already reached.")
2026-03-31 23:15:51.608936 (3862228) lic_core INFO    (81) checking out 'jasper_papp' ...
2026-03-31 23:15:51.614277 (3862228) lic_core INFO    ... (81) checkout failed (error: -4) ("FLEXnet ERROR(-4, 0, 0): Licensed number of users already reached.")
2026-03-31 23:16:51.614504 (3862228) lic_core INFO    (82) checking out 'jasper_fpv' ...
2026-03-31 23:16:51.614613 (3862228) lic_core INFO    ... (82) checkout failed (error: -1000000008) ("License feature excluded by previous fatal license checkout attempt")
2026-03-31 23:16:51.614625 (3862228) lic_core INFO    (83) checking out 'jasper_fao' ...
2026-03-31 23:16:51.636859 (3862228) lic_core INFO    ... (83) checkout failed (error: -4) ("FLEXnet ERROR(-4, 0, 0): Licensed number of users already reached.")
2026-03-31 23:16:51.636909 (3862228) lic_core INFO    (84) checking out 'jasper_papp' ...
2026-03-31 23:16:51.647920 (3862228) lic_core INFO    ... (84) checkout failed (error: -4) ("FLEXnet ERROR(-4, 0, 0): Licensed number of users already reached.")
2026-03-31 23:17:51.648326 (3862228) lic_core INFO    (85) checking out 'jasper_fpv' ...
2026-03-31 23:17:51.648402 (3862228) lic_core INFO    ... (85) checkout failed (error: -1000000008) ("License feature excluded by previous fatal license checkout attempt")
2026-03-31 23:17:51.648413 (3862228) lic_core INFO    (86) checking out 'jasper_fao' ...
2026-03-31 23:17:51.651824 (3862228) lic_core INFO    ... (86) checkout failed (error: -4) ("FLEXnet ERROR(-4, 0, 0): Licensed number of users already reached.")
2026-03-31 23:17:51.651872 (3862228) lic_core INFO    (87) checking out 'jasper_papp' ...
2026-03-31 23:17:51.657335 (3862228) lic_core INFO    ... (87) checkout failed (error: -4) ("FLEXnet ERROR(-4, 0, 0): Licensed number of users already reached.")
2026-03-31 23:18:51.657566 (3862228) lic_core INFO    (88) checking out 'jasper_fpv' ...
2026-03-31 23:18:51.657669 (3862228) lic_core INFO    ... (88) checkout failed (error: -1000000008) ("License feature excluded by previous fatal license checkout attempt")
2026-03-31 23:18:51.657682 (3862228) lic_core INFO    (89) checking out 'jasper_fao' ...
2026-03-31 23:18:51.663523 (3862228) lic_core INFO    ... (89) checkout failed (error: -4) ("FLEXnet ERROR(-4, 0, 0): Licensed number of users already reached.")
2026-03-31 23:18:51.663562 (3862228) lic_core INFO    (90) checking out 'jasper_papp' ...
2026-03-31 23:18:51.666955 (3862228) lic_core INFO    ... (90) checkout failed (error: -4) ("FLEXnet ERROR(-4, 0, 0): Licensed number of users already reached.")
2026-03-31 23:19:51.674752 (3862228) lic_core INFO    (91) checking out 'jasper_fpv' ...
2026-03-31 23:19:51.674833 (3862228) lic_core INFO    ... (91) checkout failed (error: -1000000008) ("License feature excluded by previous fatal license checkout attempt")
2026-03-31 23:19:51.674846 (3862228) lic_core INFO    (92) checking out 'jasper_fao' ...
2026-03-31 23:19:51.688367 (3862228) lic_core INFO    ... (92) checkout failed (error: -4) ("FLEXnet ERROR(-4, 0, 0): Licensed number of users already reached.")
2026-03-31 23:19:51.688414 (3862228) lic_core INFO    (93) checking out 'jasper_papp' ...
2026-03-31 23:19:51.697209 (3862228) lic_core INFO    ... (93) checkout failed (error: -4) ("FLEXnet ERROR(-4, 0, 0): Licensed number of users already reached.")
2026-03-31 23:20:51.707755 (3862228) lic_core INFO    (94) checking out 'jasper_fpv' ...
2026-03-31 23:20:51.707841 (3862228) lic_core INFO    ... (94) checkout failed (error: -1000000008) ("License feature excluded by previous fatal license checkout attempt")
2026-03-31 23:20:51.707854 (3862228) lic_core INFO    (95) checking out 'jasper_fao' ...
2026-03-31 23:20:51.725940 (3862228) lic_core INFO    ... (95) checkout failed (error: -4) ("FLEXnet ERROR(-4, 0, 0): Licensed number of users already reached.")
2026-03-31 23:20:51.725990 (3862228) lic_core INFO    (96) checking out 'jasper_papp' ...
2026-03-31 23:20:51.751115 (3862228) lic_core INFO    ... (96) checkout failed (error: -4) ("FLEXnet ERROR(-4, 0, 0): Licensed number of users already reached.")
2026-03-31 23:21:51.751402 (3862228) lic_core INFO    (97) checking out 'jasper_fpv' ...
2026-03-31 23:21:51.751484 (3862228) lic_core INFO    ... (97) checkout failed (error: -1000000008) ("License feature excluded by previous fatal license checkout attempt")
2026-03-31 23:21:51.751498 (3862228) lic_core INFO    (98) checking out 'jasper_fao' ...
2026-03-31 23:21:51.755363 (3862228) lic_core INFO    ... (98) checkout failed (error: -4) ("FLEXnet ERROR(-4, 0, 0): Licensed number of users already reached.")
2026-03-31 23:21:51.755434 (3862228) lic_core INFO    (99) checking out 'jasper_papp' ...
2026-03-31 23:21:51.759427 (3862228) lic_core INFO    ... (99) checkout failed (error: -4) ("FLEXnet ERROR(-4, 0, 0): Licensed number of users already reached.")
2026-03-31 23:22:51.759675 (3862228) lic_core INFO    (100) checking out 'jasper_fpv' ...
2026-03-31 23:22:51.759770 (3862228) lic_core INFO    ... (100) checkout failed (error: -1000000008) ("License feature excluded by previous fatal license checkout attempt")
2026-03-31 23:22:51.759785 (3862228) lic_core INFO    (101) checking out 'jasper_fao' ...
2026-03-31 23:22:51.764496 (3862228) lic_core INFO    ... (101) checkout failed (error: -4) ("FLEXnet ERROR(-4, 0, 0): Licensed number of users already reached.")
2026-03-31 23:22:51.764549 (3862228) lic_core INFO    (102) checking out 'jasper_papp' ...
2026-03-31 23:22:51.768253 (3862228) lic_core INFO    ... (102) checkout failed (error: -4) ("FLEXnet ERROR(-4, 0, 0): Licensed number of users already reached.")
2026-03-31 23:23:51.769318 (3862228) lic_core INFO    (103) checking out 'jasper_fpv' ...
2026-03-31 23:23:51.769369 (3862228) lic_core INFO    ... (103) checkout failed (error: -1000000008) ("License feature excluded by previous fatal license checkout attempt")
2026-03-31 23:23:51.769381 (3862228) lic_core INFO    (104) checking out 'jasper_fao' ...
2026-03-31 23:23:51.786086 (3862228) lic_core INFO    ... (104) checkout failed (error: -4) ("FLEXnet ERROR(-4, 0, 0): Licensed number of users already reached.")
2026-03-31 23:23:51.786128 (3862228) lic_core INFO    (105) checking out 'jasper_papp' ...
2026-03-31 23:23:51.801381 (3862228) lic_core INFO    ... (105) checkout failed (error: -4) ("FLEXnet ERROR(-4, 0, 0): Licensed number of users already reached.")
2026-03-31 23:24:51.807756 (3862228) lic_core INFO    (106) checking out 'jasper_fpv' ...
2026-03-31 23:24:51.807858 (3862228) lic_core INFO    ... (106) checkout failed (error: -1000000008) ("License feature excluded by previous fatal license checkout attempt")
2026-03-31 23:24:51.807871 (3862228) lic_core INFO    (107) checking out 'jasper_fao' ...
2026-03-31 23:24:51.843132 (3862228) lic_core INFO    ... (107) checkout failed (error: -4) ("FLEXnet ERROR(-4, 0, 0): Licensed number of users already reached.")
2026-03-31 23:24:51.843179 (3862228) lic_core INFO    (108) checking out 'jasper_papp' ...
2026-03-31 23:24:51.852048 (3862228) lic_core INFO    ... (108) checkout failed (error: -4) ("FLEXnet ERROR(-4, 0, 0): Licensed number of users already reached.")
2026-03-31 23:25:51.855547 (3862228) lic_core INFO    (109) checking out 'jasper_fpv' ...
2026-03-31 23:25:51.855620 (3862228) lic_core INFO    ... (109) checkout failed (error: -1000000008) ("License feature excluded by previous fatal license checkout attempt")
2026-03-31 23:25:51.855633 (3862228) lic_core INFO    (110) checking out 'jasper_fao' ...
2026-03-31 23:25:51.859432 (3862228) lic_core INFO    ... (110) checkout failed (error: -4) ("FLEXnet ERROR(-4, 0, 0): Licensed number of users already reached.")
2026-03-31 23:25:51.859482 (3862228) lic_core INFO    (111) checking out 'jasper_papp' ...
2026-03-31 23:25:51.862807 (3862228) lic_core INFO    ... (111) checkout failed (error: -4) ("FLEXnet ERROR(-4, 0, 0): Licensed number of users already reached.")
2026-03-31 23:26:51.865804 (3862228) lic_core INFO    (112) checking out 'jasper_fpv' ...
2026-03-31 23:26:51.865877 (3862228) lic_core INFO    ... (112) checkout failed (error: -1000000008) ("License feature excluded by previous fatal license checkout attempt")
2026-03-31 23:26:51.865891 (3862228) lic_core INFO    (113) checking out 'jasper_fao' ...
2026-03-31 23:26:51.869400 (3862228) lic_core INFO    ... (113) checkout failed (error: -4) ("FLEXnet ERROR(-4, 0, 0): Licensed number of users already reached.")
2026-03-31 23:26:51.869448 (3862228) lic_core INFO    (114) checking out 'jasper_papp' ...
2026-03-31 23:26:51.873232 (3862228) lic_core INFO    ... (114) checkout failed (error: -4) ("FLEXnet ERROR(-4, 0, 0): Licensed number of users already reached.")
2026-03-31 23:27:51.876763 (3862228) lic_core INFO    (115) checking out 'jasper_fpv' ...
2026-03-31 23:27:51.876815 (3862228) lic_core INFO    ... (115) checkout failed (error: -1000000008) ("License feature excluded by previous fatal license checkout attempt")
2026-03-31 23:27:51.876825 (3862228) lic_core INFO    (116) checking out 'jasper_fao' ...
2026-03-31 23:27:51.882855 (3862228) lic_core INFO    ... (116) checkout failed (error: -4) ("FLEXnet ERROR(-4, 0, 0): Licensed number of users already reached.")
2026-03-31 23:27:51.882904 (3862228) lic_core INFO    (117) checking out 'jasper_papp' ...
2026-03-31 23:27:51.886992 (3862228) lic_core INFO    ... (117) checkout failed (error: -4) ("FLEXnet ERROR(-4, 0, 0): Licensed number of users already reached.")
2026-03-31 23:28:51.894756 (3862228) lic_core INFO    (118) checking out 'jasper_fpv' ...
2026-03-31 23:28:51.894855 (3862228) lic_core INFO    ... (118) checkout failed (error: -1000000008) ("License feature excluded by previous fatal license checkout attempt")
2026-03-31 23:28:51.894867 (3862228) lic_core INFO    (119) checking out 'jasper_fao' ...
2026-03-31 23:28:51.917702 (3862228) lic_core INFO    ... (119) checkout failed (error: -4) ("FLEXnet ERROR(-4, 0, 0): Licensed number of users already reached.")
2026-03-31 23:28:51.917754 (3862228) lic_core INFO    (120) checking out 'jasper_papp' ...
2026-03-31 23:28:51.920819 (3862228) lic_core INFO    ... (120) checkout failed (error: -4) ("FLEXnet ERROR(-4, 0, 0): Licensed number of users already reached.")
2026-03-31 23:29:51.921051 (3862228) lic_core INFO    (121) checking out 'jasper_fpv' ...
2026-03-31 23:29:51.921161 (3862228) lic_core INFO    ... (121) checkout failed (error: -1000000008) ("License feature excluded by previous fatal license checkout attempt")
2026-03-31 23:29:51.921175 (3862228) lic_core INFO    (122) checking out 'jasper_fao' ...
2026-03-31 23:29:51.935466 (3862228) lic_core INFO    ... (122) checkout failed (error: -4) ("FLEXnet ERROR(-4, 0, 0): Licensed number of users already reached.")
2026-03-31 23:29:51.935515 (3862228) lic_core INFO    (123) checking out 'jasper_papp' ...
2026-03-31 23:29:51.939828 (3862228) lic_core INFO    ... (123) checkout failed (error: -4) ("FLEXnet ERROR(-4, 0, 0): Licensed number of users already reached.")
2026-03-31 23:30:51.940076 (3862228) lic_core INFO    (124) checking out 'jasper_fpv' ...
2026-03-31 23:30:51.940180 (3862228) lic_core INFO    ... (124) checkout failed (error: -1000000008) ("License feature excluded by previous fatal license checkout attempt")
2026-03-31 23:30:51.940194 (3862228) lic_core INFO    (125) checking out 'jasper_fao' ...
2026-03-31 23:30:51.946506 (3862228) lic_core INFO    ... (125) checkout failed (error: -4) ("FLEXnet ERROR(-4, 0, 0): Licensed number of users already reached.")
2026-03-31 23:30:51.946552 (3862228) lic_core INFO    (126) checking out 'jasper_papp' ...
2026-03-31 23:30:51.975052 (3862228) lic_core INFO    ... (126) checkout failed (error: -4) ("FLEXnet ERROR(-4, 0, 0): Licensed number of users already reached.")
2026-03-31 23:31:51.975296 (3862228) lic_core INFO    (127) checking out 'jasper_fpv' ...
2026-03-31 23:31:51.975382 (3862228) lic_core INFO    ... (127) checkout failed (error: -1000000008) ("License feature excluded by previous fatal license checkout attempt")
2026-03-31 23:31:51.975393 (3862228) lic_core INFO    (128) checking out 'jasper_fao' ...
2026-03-31 23:31:51.981755 (3862228) lic_core INFO    ... (128) checkout failed (error: -4) ("FLEXnet ERROR(-4, 0, 0): Licensed number of users already reached.")
2026-03-31 23:31:51.981803 (3862228) lic_core INFO    (129) checking out 'jasper_papp' ...
2026-03-31 23:31:51.986902 (3862228) lic_core INFO    ... (129) checkout failed (error: -4) ("FLEXnet ERROR(-4, 0, 0): Licensed number of users already reached.")
2026-03-31 23:32:51.991630 (3862228) lic_core INFO    (130) checking out 'jasper_fpv' ...
2026-03-31 23:32:51.991691 (3862228) lic_core INFO    ... (130) checkout failed (error: -1000000008) ("License feature excluded by previous fatal license checkout attempt")
2026-03-31 23:32:51.991702 (3862228) lic_core INFO    (131) checking out 'jasper_fao' ...
2026-03-31 23:32:52.005900 (3862228) lic_core INFO    ... (131) checkout failed (error: -4) ("FLEXnet ERROR(-4, 0, 0): Licensed number of users already reached.")
2026-03-31 23:32:52.005948 (3862228) lic_core INFO    (132) checking out 'jasper_papp' ...
2026-03-31 23:32:52.014971 (3862228) lic_core INFO    ... (132) checkout failed (error: -4) ("FLEXnet ERROR(-4, 0, 0): Licensed number of users already reached.")
2026-03-31 23:33:52.024831 (3862228) lic_core INFO    (133) checking out 'jasper_fpv' ...
2026-03-31 23:33:52.024932 (3862228) lic_core INFO    ... (133) checkout failed (error: -1000000008) ("License feature excluded by previous fatal license checkout attempt")
2026-03-31 23:33:52.024946 (3862228) lic_core INFO    (134) checking out 'jasper_fao' ...
2026-03-31 23:33:52.039841 (3862228) lic_core INFO    ... (134) checkout failed (error: -4) ("FLEXnet ERROR(-4, 0, 0): Licensed number of users already reached.")
2026-03-31 23:33:52.039891 (3862228) lic_core INFO    (135) checking out 'jasper_papp' ...
2026-03-31 23:33:52.047681 (3862228) lic_core INFO    ... (135) checkout failed (error: -4) ("FLEXnet ERROR(-4, 0, 0): Licensed number of users already reached.")
2026-03-31 23:34:52.047934 (3862228) lic_core INFO    (136) checking out 'jasper_fpv' ...
2026-03-31 23:34:52.048038 (3862228) lic_core INFO    ... (136) checkout failed (error: -1000000008) ("License feature excluded by previous fatal license checkout attempt")
2026-03-31 23:34:52.048054 (3862228) lic_core INFO    (137) checking out 'jasper_fao' ...
2026-03-31 23:34:52.063400 (3862228) lic_core INFO    ... (137) checkout failed (error: -4) ("FLEXnet ERROR(-4, 0, 0): Licensed number of users already reached.")
2026-03-31 23:34:52.063442 (3862228) lic_core INFO    (138) checking out 'jasper_papp' ...
2026-03-31 23:34:52.068333 (3862228) lic_core INFO    ... (138) checkout failed (error: -4) ("FLEXnet ERROR(-4, 0, 0): Licensed number of users already reached.")
2026-03-31 23:35:52.071969 (3862228) lic_core INFO    (139) checking out 'jasper_fpv' ...
2026-03-31 23:35:52.072020 (3862228) lic_core INFO    ... (139) checkout failed (error: -1000000008) ("License feature excluded by previous fatal license checkout attempt")
2026-03-31 23:35:52.072031 (3862228) lic_core INFO    (140) checking out 'jasper_fao' ...
2026-03-31 23:35:52.076231 (3862228) lic_core INFO    ... (140) checkout failed (error: -4) ("FLEXnet ERROR(-4, 0, 0): Licensed number of users already reached.")
2026-03-31 23:35:52.076282 (3862228) lic_core INFO    (141) checking out 'jasper_papp' ...
2026-03-31 23:35:52.082212 (3862228) lic_core INFO    ... (141) checkout failed (error: -4) ("FLEXnet ERROR(-4, 0, 0): Licensed number of users already reached.")
2026-03-31 23:36:52.082458 (3862228) lic_core INFO    (142) checking out 'jasper_fpv' ...
2026-03-31 23:36:52.082558 (3862228) lic_core INFO    ... (142) checkout failed (error: -1000000008) ("License feature excluded by previous fatal license checkout attempt")
2026-03-31 23:36:52.082571 (3862228) lic_core INFO    (143) checking out 'jasper_fao' ...
2026-03-31 23:36:52.089167 (3862228) lic_core INFO    ... (143) checkout failed (error: -4) ("FLEXnet ERROR(-4, 0, 0): Licensed number of users already reached.")
2026-03-31 23:36:52.089209 (3862228) lic_core INFO    (144) checking out 'jasper_papp' ...
2026-03-31 23:36:52.093960 (3862228) lic_core INFO    ... (144) checkout failed (error: -4) ("FLEXnet ERROR(-4, 0, 0): Licensed number of users already reached.")
2026-03-31 23:37:52.094238 (3862228) lic_core INFO    (145) checking out 'jasper_fpv' ...
2026-03-31 23:37:52.094300 (3862228) lic_core INFO    ... (145) checkout failed (error: -1000000008) ("License feature excluded by previous fatal license checkout attempt")
2026-03-31 23:37:52.094313 (3862228) lic_core INFO    (146) checking out 'jasper_fao' ...
2026-03-31 23:37:52.103882 (3862228) lic_core INFO    ... (146) checkout failed (error: -4) ("FLEXnet ERROR(-4, 0, 0): Licensed number of users already reached.")
2026-03-31 23:37:52.103928 (3862228) lic_core INFO    (147) checking out 'jasper_papp' ...
2026-03-31 23:37:52.108642 (3862228) lic_core INFO    ... (147) checkout failed (error: -4) ("FLEXnet ERROR(-4, 0, 0): Licensed number of users already reached.")
2026-03-31 23:38:52.108893 (3862228) lic_core INFO    (148) checking out 'jasper_fpv' ...
2026-03-31 23:38:52.108985 (3862228) lic_core INFO    ... (148) checkout failed (error: -1000000008) ("License feature excluded by previous fatal license checkout attempt")
2026-03-31 23:38:52.109000 (3862228) lic_core INFO    (149) checking out 'jasper_fao' ...
2026-03-31 23:38:52.115826 (3862228) lic_core INFO    ... (149) checkout failed (error: -4) ("FLEXnet ERROR(-4, 0, 0): Licensed number of users already reached.")
2026-03-31 23:38:52.115872 (3862228) lic_core INFO    (150) checking out 'jasper_papp' ...
2026-03-31 23:38:52.120838 (3862228) lic_core INFO    ... (150) checkout failed (error: -4) ("FLEXnet ERROR(-4, 0, 0): Licensed number of users already reached.")
2026-03-31 23:39:52.121101 (3862228) lic_core INFO    (151) checking out 'jasper_fpv' ...
2026-03-31 23:39:52.121157 (3862228) lic_core INFO    ... (151) checkout failed (error: -1000000008) ("License feature excluded by previous fatal license checkout attempt")
2026-03-31 23:39:52.121169 (3862228) lic_core INFO    (152) checking out 'jasper_fao' ...
2026-03-31 23:39:52.136110 (3862228) lic_core INFO    ... (152) checkout failed (error: -4) ("FLEXnet ERROR(-4, 0, 0): Licensed number of users already reached.")
2026-03-31 23:39:52.136158 (3862228) lic_core INFO    (153) checking out 'jasper_papp' ...
2026-03-31 23:39:52.141942 (3862228) lic_core INFO    ... (153) checkout failed (error: -4) ("FLEXnet ERROR(-4, 0, 0): Licensed number of users already reached.")
2026-03-31 23:40:52.143751 (3862228) lic_core INFO    (154) checking out 'jasper_fpv' ...
2026-03-31 23:40:52.143847 (3862228) lic_core INFO    ... (154) checkout failed (error: -1000000008) ("License feature excluded by previous fatal license checkout attempt")
2026-03-31 23:40:52.143859 (3862228) lic_core INFO    (155) checking out 'jasper_fao' ...
2026-03-31 23:40:52.166292 (3862228) lic_core INFO    ... (155) checkout failed (error: -4) ("FLEXnet ERROR(-4, 0, 0): Licensed number of users already reached.")
2026-03-31 23:40:52.166338 (3862228) lic_core INFO    (156) checking out 'jasper_papp' ...
2026-03-31 23:40:52.170166 (3862228) lic_core INFO    ... (156) checkout failed (error: -4) ("FLEXnet ERROR(-4, 0, 0): Licensed number of users already reached.")
2026-03-31 23:41:52.170404 (3862228) lic_core INFO    (157) checking out 'jasper_fpv' ...
2026-03-31 23:41:52.170495 (3862228) lic_core INFO    ... (157) checkout failed (error: -1000000008) ("License feature excluded by previous fatal license checkout attempt")
2026-03-31 23:41:52.170507 (3862228) lic_core INFO    (158) checking out 'jasper_fao' ...
2026-03-31 23:41:52.182027 (3862228) lic_core INFO    ... (158) checkout failed (error: -4) ("FLEXnet ERROR(-4, 0, 0): Licensed number of users already reached.")
2026-03-31 23:41:52.182081 (3862228) lic_core INFO    (159) checking out 'jasper_papp' ...
2026-03-31 23:41:52.185919 (3862228) lic_core INFO    ... (159) checkout failed (error: -4) ("FLEXnet ERROR(-4, 0, 0): Licensed number of users already reached.")
2026-03-31 23:42:52.195767 (3862228) lic_core INFO    (160) checking out 'jasper_fpv' ...
2026-03-31 23:42:52.195860 (3862228) lic_core INFO    ... (160) checkout failed (error: -1000000008) ("License feature excluded by previous fatal license checkout attempt")
2026-03-31 23:42:52.195873 (3862228) lic_core INFO    (161) checking out 'jasper_fao' ...
2026-03-31 23:42:52.210461 (3862228) lic_core INFO    ... (161) checkout failed (error: -4) ("FLEXnet ERROR(-4, 0, 0): Licensed number of users already reached.")
2026-03-31 23:42:52.210514 (3862228) lic_core INFO    (162) checking out 'jasper_papp' ...
2026-03-31 23:42:52.214085 (3862228) lic_core INFO    ... (162) checkout failed (error: -4) ("FLEXnet ERROR(-4, 0, 0): Licensed number of users already reached.")
2026-03-31 23:43:52.214333 (3862228) lic_core INFO    (163) checking out 'jasper_fpv' ...
2026-03-31 23:43:52.214419 (3862228) lic_core INFO    ... (163) checkout failed (error: -1000000008) ("License feature excluded by previous fatal license checkout attempt")
2026-03-31 23:43:52.214433 (3862228) lic_core INFO    (164) checking out 'jasper_fao' ...
2026-03-31 23:43:52.226504 (3862228) lic_core INFO    ... (164) checkout failed (error: -4) ("FLEXnet ERROR(-4, 0, 0): Licensed number of users already reached.")
2026-03-31 23:43:52.226560 (3862228) lic_core INFO    (165) checking out 'jasper_papp' ...
2026-03-31 23:43:52.247240 (3862228) lic_core INFO    ... (165) checkout failed (error: -4) ("FLEXnet ERROR(-4, 0, 0): Licensed number of users already reached.")
2026-03-31 23:44:52.247484 (3862228) lic_core INFO    (166) checking out 'jasper_fpv' ...
2026-03-31 23:44:52.247583 (3862228) lic_core INFO    ... (166) checkout failed (error: -1000000008) ("License feature excluded by previous fatal license checkout attempt")
2026-03-31 23:44:52.247597 (3862228) lic_core INFO    (167) checking out 'jasper_fao' ...
2026-03-31 23:44:52.272473 (3862228) lic_core INFO    ... (167) checkout failed (error: -4) ("FLEXnet ERROR(-4, 0, 0): Licensed number of users already reached.")
2026-03-31 23:44:52.272535 (3862228) lic_core INFO    (168) checking out 'jasper_papp' ...
2026-03-31 23:44:52.284532 (3862228) lic_core INFO    ... (168) checkout failed (error: -4) ("FLEXnet ERROR(-4, 0, 0): Licensed number of users already reached.")
2026-03-31 23:45:52.287771 (3862228) lic_core INFO    (169) checking out 'jasper_fpv' ...
2026-03-31 23:45:52.287869 (3862228) lic_core INFO    ... (169) checkout failed (error: -1000000008) ("License feature excluded by previous fatal license checkout attempt")
2026-03-31 23:45:52.287882 (3862228) lic_core INFO    (170) checking out 'jasper_fao' ...
2026-03-31 23:45:52.295302 (3862228) lic_core INFO    ... (170) checkout failed (error: -4) ("FLEXnet ERROR(-4, 0, 0): Licensed number of users already reached.")
2026-03-31 23:45:52.295353 (3862228) lic_core INFO    (171) checking out 'jasper_papp' ...
2026-03-31 23:45:52.300313 (3862228) lic_core INFO    ... (171) checkout failed (error: -4) ("FLEXnet ERROR(-4, 0, 0): Licensed number of users already reached.")
2026-03-31 23:46:52.301768 (3862228) lic_core INFO    (172) checking out 'jasper_fpv' ...
2026-03-31 23:46:52.301861 (3862228) lic_core INFO    ... (172) checkout failed (error: -1000000008) ("License feature excluded by previous fatal license checkout attempt")
2026-03-31 23:46:52.301875 (3862228) lic_core INFO    (173) checking out 'jasper_fao' ...
2026-03-31 23:46:52.312180 (3862228) lic_core INFO    ... (173) checkout failed (error: -4) ("FLEXnet ERROR(-4, 0, 0): Licensed number of users already reached.")
2026-03-31 23:46:52.312231 (3862228) lic_core INFO    (174) checking out 'jasper_papp' ...
2026-03-31 23:46:52.315595 (3862228) lic_core INFO    ... (174) checkout failed (error: -4) ("FLEXnet ERROR(-4, 0, 0): Licensed number of users already reached.")
2026-03-31 23:47:52.315852 (3862228) lic_core INFO    (175) checking out 'jasper_fpv' ...
2026-03-31 23:47:52.315940 (3862228) lic_core INFO    ... (175) checkout failed (error: -1000000008) ("License feature excluded by previous fatal license checkout attempt")
2026-03-31 23:47:52.315954 (3862228) lic_core INFO    (176) checking out 'jasper_fao' ...
2026-03-31 23:47:52.319670 (3862228) lic_core INFO    ... (176) checkout failed (error: -4) ("FLEXnet ERROR(-4, 0, 0): Licensed number of users already reached.")
2026-03-31 23:47:52.319718 (3862228) lic_core INFO    (177) checking out 'jasper_papp' ...
2026-03-31 23:47:52.323025 (3862228) lic_core INFO    ... (177) checkout failed (error: -4) ("FLEXnet ERROR(-4, 0, 0): Licensed number of users already reached.")
2026-03-31 23:48:52.328801 (3862228) lic_core INFO    (178) checking out 'jasper_fpv' ...
2026-03-31 23:48:52.328902 (3862228) lic_core INFO    ... (178) checkout failed (error: -1000000008) ("License feature excluded by previous fatal license checkout attempt")
2026-03-31 23:48:52.328914 (3862228) lic_core INFO    (179) checking out 'jasper_fao' ...
2026-03-31 23:48:52.332915 (3862228) lic_core INFO    ... (179) checkout failed (error: -4) ("FLEXnet ERROR(-4, 0, 0): Licensed number of users already reached.")
2026-03-31 23:48:52.332967 (3862228) lic_core INFO    (180) checking out 'jasper_papp' ...
2026-03-31 23:48:52.336514 (3862228) lic_core INFO    ... (180) checkout failed (error: -4) ("FLEXnet ERROR(-4, 0, 0): Licensed number of users already reached.")
2026-03-31 23:49:52.339339 (3862228) lic_core INFO    (181) checking out 'jasper_fpv' ...
2026-03-31 23:49:52.339427 (3862228) lic_core INFO    ... (181) checkout failed (error: -1000000008) ("License feature excluded by previous fatal license checkout attempt")
2026-03-31 23:49:52.339440 (3862228) lic_core INFO    (182) checking out 'jasper_fao' ...
2026-03-31 23:49:52.343731 (3862228) lic_core INFO    ... (182) checkout failed (error: -4) ("FLEXnet ERROR(-4, 0, 0): Licensed number of users already reached.")
2026-03-31 23:49:52.343781 (3862228) lic_core INFO    (183) checking out 'jasper_papp' ...
2026-03-31 23:49:52.347628 (3862228) lic_core INFO    ... (183) checkout failed (error: -4) ("FLEXnet ERROR(-4, 0, 0): Licensed number of users already reached.")
2026-03-31 23:50:52.347872 (3862228) lic_core INFO    (184) checking out 'jasper_fpv' ...
2026-03-31 23:50:52.347973 (3862228) lic_core INFO    ... (184) checkout failed (error: -1000000008) ("License feature excluded by previous fatal license checkout attempt")
2026-03-31 23:50:52.347988 (3862228) lic_core INFO    (185) checking out 'jasper_fao' ...
2026-03-31 23:50:52.352168 (3862228) lic_core INFO    ... (185) checkout failed (error: -4) ("FLEXnet ERROR(-4, 0, 0): Licensed number of users already reached.")
2026-03-31 23:50:52.352225 (3862228) lic_core INFO    (186) checking out 'jasper_papp' ...
2026-03-31 23:50:52.355829 (3862228) lic_core INFO    ... (186) checkout failed (error: -4) ("FLEXnet ERROR(-4, 0, 0): Licensed number of users already reached.")
2026-03-31 23:51:52.356069 (3862228) lic_core INFO    (187) checking out 'jasper_fpv' ...
2026-03-31 23:51:52.356165 (3862228) lic_core INFO    ... (187) checkout failed (error: -1000000008) ("License feature excluded by previous fatal license checkout attempt")
2026-03-31 23:51:52.356178 (3862228) lic_core INFO    (188) checking out 'jasper_fao' ...
2026-03-31 23:51:52.360499 (3862228) lic_core INFO    ... (188) checkout failed (error: -4) ("FLEXnet ERROR(-4, 0, 0): Licensed number of users already reached.")
2026-03-31 23:51:52.360549 (3862228) lic_core INFO    (189) checking out 'jasper_papp' ...
2026-03-31 23:51:52.364285 (3862228) lic_core INFO    ... (189) checkout failed (error: -4) ("FLEXnet ERROR(-4, 0, 0): Licensed number of users already reached.")
2026-03-31 23:52:52.364532 (3862228) lic_core INFO    (190) checking out 'jasper_fpv' ...
2026-03-31 23:52:52.364622 (3862228) lic_core INFO    ... (190) checkout failed (error: -1000000008) ("License feature excluded by previous fatal license checkout attempt")
2026-03-31 23:52:52.364635 (3862228) lic_core INFO    (191) checking out 'jasper_fao' ...
2026-03-31 23:52:52.368490 (3862228) lic_core INFO    ... (191) checkout failed (error: -4) ("FLEXnet ERROR(-4, 0, 0): Licensed number of users already reached.")
2026-03-31 23:52:52.368541 (3862228) lic_core INFO    (192) checking out 'jasper_papp' ...
2026-03-31 23:52:52.371912 (3862228) lic_core INFO    ... (192) checkout failed (error: -4) ("FLEXnet ERROR(-4, 0, 0): Licensed number of users already reached.")
2026-03-31 23:53:52.372146 (3862228) lic_core INFO    (193) checking out 'jasper_fpv' ...
2026-03-31 23:53:52.372231 (3862228) lic_core INFO    ... (193) checkout failed (error: -1000000008) ("License feature excluded by previous fatal license checkout attempt")
2026-03-31 23:53:52.372244 (3862228) lic_core INFO    (194) checking out 'jasper_fao' ...
2026-03-31 23:53:52.376754 (3862228) lic_core INFO    ... (194) checkout failed (error: -4) ("FLEXnet ERROR(-4, 0, 0): Licensed number of users already reached.")
2026-03-31 23:53:52.376809 (3862228) lic_core INFO    (195) checking out 'jasper_papp' ...
2026-03-31 23:53:52.380966 (3862228) lic_core INFO    ... (195) checkout failed (error: -4) ("FLEXnet ERROR(-4, 0, 0): Licensed number of users already reached.")
2026-03-31 23:54:52.391756 (3862228) lic_core INFO    (196) checking out 'jasper_fpv' ...
2026-03-31 23:54:52.391857 (3862228) lic_core INFO    ... (196) checkout failed (error: -1000000008) ("License feature excluded by previous fatal license checkout attempt")
2026-03-31 23:54:52.391871 (3862228) lic_core INFO    (197) checking out 'jasper_fao' ...
2026-03-31 23:54:52.404195 (3862228) lic_core INFO    ... (197) checkout failed (error: -4) ("FLEXnet ERROR(-4, 0, 0): Licensed number of users already reached.")
2026-03-31 23:54:52.404248 (3862228) lic_core INFO    (198) checking out 'jasper_papp' ...
2026-03-31 23:54:52.414188 (3862228) lic_core INFO    ... (198) checkout failed (error: -4) ("FLEXnet ERROR(-4, 0, 0): Licensed number of users already reached.")
2026-03-31 23:55:52.414443 (3862228) lic_core INFO    (199) checking out 'jasper_fpv' ...
2026-03-31 23:55:52.414551 (3862228) lic_core INFO    ... (199) checkout failed (error: -1000000008) ("License feature excluded by previous fatal license checkout attempt")
2026-03-31 23:55:52.414564 (3862228) lic_core INFO    (200) checking out 'jasper_fao' ...
2026-03-31 23:55:52.437465 (3862228) lic_core INFO    ... (200) checkout failed (error: -4) ("FLEXnet ERROR(-4, 0, 0): Licensed number of users already reached.")
2026-03-31 23:55:52.437520 (3862228) lic_core INFO    (201) checking out 'jasper_papp' ...
2026-03-31 23:55:52.449425 (3862228) lic_core INFO    ... (201) checkout failed (error: -4) ("FLEXnet ERROR(-4, 0, 0): Licensed number of users already reached.")
2026-03-31 23:56:52.449677 (3862228) lic_core INFO    (202) checking out 'jasper_fpv' ...
2026-03-31 23:56:52.449779 (3862228) lic_core INFO    ... (202) checkout failed (error: -1000000008) ("License feature excluded by previous fatal license checkout attempt")
2026-03-31 23:56:52.449795 (3862228) lic_core INFO    (203) checking out 'jasper_fao' ...
2026-03-31 23:56:52.453703 (3862228) lic_core INFO    ... (203) checkout failed (error: -4) ("FLEXnet ERROR(-4, 0, 0): Licensed number of users already reached.")
2026-03-31 23:56:52.453761 (3862228) lic_core INFO    (204) checking out 'jasper_papp' ...
2026-03-31 23:56:52.457276 (3862228) lic_core INFO    ... (204) checkout failed (error: -4) ("FLEXnet ERROR(-4, 0, 0): Licensed number of users already reached.")
2026-03-31 23:57:52.457782 (3862228) lic_core INFO    (205) checking out 'jasper_fpv' ...
2026-03-31 23:57:52.457889 (3862228) lic_core INFO    ... (205) checkout failed (error: -1000000008) ("License feature excluded by previous fatal license checkout attempt")
2026-03-31 23:57:52.457904 (3862228) lic_core INFO    (206) checking out 'jasper_fao' ...
2026-03-31 23:57:52.464167 (3862228) lic_core INFO    ... (206) checkout failed (error: -4) ("FLEXnet ERROR(-4, 0, 0): Licensed number of users already reached.")
2026-03-31 23:57:52.464214 (3862228) lic_core INFO    (207) checking out 'jasper_papp' ...
2026-03-31 23:57:52.467453 (3862228) lic_core INFO    ... (207) checkout failed (error: -4) ("FLEXnet ERROR(-4, 0, 0): Licensed number of users already reached.")
2026-03-31 23:58:52.467702 (3862228) lic_core INFO    (208) checking out 'jasper_fpv' ...
2026-03-31 23:58:52.467821 (3862228) lic_core INFO    ... (208) checkout failed (error: -1000000008) ("License feature excluded by previous fatal license checkout attempt")
2026-03-31 23:58:52.467834 (3862228) lic_core INFO    (209) checking out 'jasper_fao' ...
2026-03-31 23:58:52.516843 (3862228) lic_core INFO    ... (209) checkout failed (error: -4) ("FLEXnet ERROR(-4, 0, 0): Licensed number of users already reached.")
2026-03-31 23:58:52.516892 (3862228) lic_core INFO    (210) checking out 'jasper_papp' ...
2026-03-31 23:58:52.544380 (3862228) lic_core INFO    ... (210) checkout failed (error: -4) ("FLEXnet ERROR(-4, 0, 0): Licensed number of users already reached.")
2026-03-31 23:59:52.544628 (3862228) lic_core INFO    (211) checking out 'jasper_fpv' ...
2026-03-31 23:59:52.544736 (3862228) lic_core INFO    ... (211) checkout failed (error: -1000000008) ("License feature excluded by previous fatal license checkout attempt")
2026-03-31 23:59:52.544757 (3862228) lic_core INFO    (212) checking out 'jasper_fao' ...
2026-03-31 23:59:52.548428 (3862228) lic_core INFO    ... (212) checkout failed (error: -4) ("FLEXnet ERROR(-4, 0, 0): Licensed number of users already reached.")
2026-03-31 23:59:52.548473 (3862228) lic_core INFO    (213) checking out 'jasper_papp' ...
2026-03-31 23:59:52.552121 (3862228) lic_core INFO    ... (213) checkout failed (error: -4) ("FLEXnet ERROR(-4, 0, 0): Licensed number of users already reached.")
2026-04-01 00:00:52.552368 (3862228) lic_core INFO    (214) checking out 'jasper_fpv' ...
2026-04-01 00:00:52.552467 (3862228) lic_core INFO    ... (214) checkout failed (error: -1000000008) ("License feature excluded by previous fatal license checkout attempt")
2026-04-01 00:00:52.552480 (3862228) lic_core INFO    (215) checking out 'jasper_fao' ...
2026-04-01 00:00:52.565250 (3862228) lic_core INFO    ... (215) checkout failed (error: -4) ("FLEXnet ERROR(-4, 0, 0): Licensed number of users already reached.")
2026-04-01 00:00:52.565296 (3862228) lic_core INFO    (216) checking out 'jasper_papp' ...
2026-04-01 00:00:52.579605 (3862228) lic_core INFO    ... (216) checkout failed (error: -4) ("FLEXnet ERROR(-4, 0, 0): Licensed number of users already reached.")
2026-04-01 00:01:52.582752 (3862228) lic_core INFO    (217) checking out 'jasper_fpv' ...
2026-04-01 00:01:52.582858 (3862228) lic_core INFO    ... (217) checkout failed (error: -1000000008) ("License feature excluded by previous fatal license checkout attempt")
2026-04-01 00:01:52.582871 (3862228) lic_core INFO    (218) checking out 'jasper_fao' ...
2026-04-01 00:01:52.605500 (3862228) lic_core INFO    ... (218) checkout failed (error: -4) ("FLEXnet ERROR(-4, 0, 0): Licensed number of users already reached.")
2026-04-01 00:01:52.605555 (3862228) lic_core INFO    (219) checking out 'jasper_papp' ...
2026-04-01 00:01:52.608886 (3862228) lic_core INFO    ... (219) checkout failed (error: -4) ("FLEXnet ERROR(-4, 0, 0): Licensed number of users already reached.")
2026-04-01 00:02:52.617753 (3862228) lic_core INFO    (220) checking out 'jasper_fpv' ...
2026-04-01 00:02:52.617857 (3862228) lic_core INFO    ... (220) checkout failed (error: -1000000008) ("License feature excluded by previous fatal license checkout attempt")
2026-04-01 00:02:52.617871 (3862228) lic_core INFO    (221) checking out 'jasper_fao' ...
2026-04-01 00:02:52.635475 (3862228) lic_core INFO    ... (221) checkout failed (error: -4) ("FLEXnet ERROR(-4, 0, 0): Licensed number of users already reached.")
2026-04-01 00:02:52.635528 (3862228) lic_core INFO    (222) checking out 'jasper_papp' ...
2026-04-01 00:02:52.648964 (3862228) lic_core INFO    ... (222) checkout failed (error: -4) ("FLEXnet ERROR(-4, 0, 0): Licensed number of users already reached.")
2026-04-01 00:03:52.649191 (3862228) lic_core INFO    (223) checking out 'jasper_fpv' ...
2026-04-01 00:03:52.649297 (3862228) lic_core INFO    ... (223) checkout failed (error: -1000000008) ("License feature excluded by previous fatal license checkout attempt")
2026-04-01 00:03:52.649310 (3862228) lic_core INFO    (224) checking out 'jasper_fao' ...
2026-04-01 00:03:52.664265 (3862228) lic_core INFO    ... (224) checkout failed (error: -4) ("FLEXnet ERROR(-4, 0, 0): Licensed number of users already reached.")
2026-04-01 00:03:52.664325 (3862228) lic_core INFO    (225) checking out 'jasper_papp' ...
2026-04-01 00:03:52.668163 (3862228) lic_core INFO    ... (225) checkout failed (error: -4) ("FLEXnet ERROR(-4, 0, 0): Licensed number of users already reached.")
2026-04-01 00:04:52.668407 (3862228) lic_core INFO    (226) checking out 'jasper_fpv' ...
2026-04-01 00:04:52.668520 (3862228) lic_core INFO    ... (226) checkout failed (error: -1000000008) ("License feature excluded by previous fatal license checkout attempt")
2026-04-01 00:04:52.668535 (3862228) lic_core INFO    (227) checking out 'jasper_fao' ...
2026-04-01 00:04:52.672423 (3862228) lic_core INFO    ... (227) checkout failed (error: -4) ("FLEXnet ERROR(-4, 0, 0): Licensed number of users already reached.")
2026-04-01 00:04:52.672467 (3862228) lic_core INFO    (228) checking out 'jasper_papp' ...
2026-04-01 00:04:52.675920 (3862228) lic_core INFO    ... (228) checkout failed (error: -4) ("FLEXnet ERROR(-4, 0, 0): Licensed number of users already reached.")
2026-04-01 00:05:52.676154 (3862228) lic_core INFO    (229) checking out 'jasper_fpv' ...
2026-04-01 00:05:52.676250 (3862228) lic_core INFO    ... (229) checkout failed (error: -1000000008) ("License feature excluded by previous fatal license checkout attempt")
2026-04-01 00:05:52.676264 (3862228) lic_core INFO    (230) checking out 'jasper_fao' ...
2026-04-01 00:05:52.709396 (3862228) lic_core INFO    ... (230) checkout failed (error: -4) ("FLEXnet ERROR(-4, 0, 0): Licensed number of users already reached.")
2026-04-01 00:05:52.709451 (3862228) lic_core INFO    (231) checking out 'jasper_papp' ...
2026-04-01 00:05:52.714387 (3862228) lic_core INFO    ... (231) checkout failed (error: -4) ("FLEXnet ERROR(-4, 0, 0): Licensed number of users already reached.")
2026-04-01 00:06:52.720759 (3862228) lic_core INFO    (232) checking out 'jasper_fpv' ...
2026-04-01 00:06:52.720852 (3862228) lic_core INFO    ... (232) checkout failed (error: -1000000008) ("License feature excluded by previous fatal license checkout attempt")
2026-04-01 00:06:52.720866 (3862228) lic_core INFO    (233) checking out 'jasper_fao' ...
2026-04-01 00:06:52.725327 (3862228) lic_core INFO    ... (233) checkout failed (error: -4) ("FLEXnet ERROR(-4, 0, 0): Licensed number of users already reached.")
2026-04-01 00:06:52.725370 (3862228) lic_core INFO    (234) checking out 'jasper_papp' ...
2026-04-01 00:06:52.728677 (3862228) lic_core INFO    ... (234) checkout failed (error: -4) ("FLEXnet ERROR(-4, 0, 0): Licensed number of users already reached.")
2026-04-01 00:07:52.736862 (3862228) lic_core INFO    (235) checking out 'jasper_fpv' ...
2026-04-01 00:07:52.736942 (3862228) lic_core INFO    ... (235) checkout failed (error: -1000000008) ("License feature excluded by previous fatal license checkout attempt")
2026-04-01 00:07:52.736954 (3862228) lic_core INFO    (236) checking out 'jasper_fao' ...
2026-04-01 00:07:52.759465 (3862228) lic_core INFO    ... (236) checkout failed (error: -4) ("FLEXnet ERROR(-4, 0, 0): Licensed number of users already reached.")
2026-04-01 00:07:52.759512 (3862228) lic_core INFO    (237) checking out 'jasper_papp' ...
2026-04-01 00:07:52.770187 (3862228) lic_core INFO    ... (237) checkout succeeded
2026-04-01 00:07:53.008995 (3862228) session_ INFO    Starting analysis session with session id 'session_0' (launcher: <local>) ...
2026-04-01 00:07:53.013847 (3862228) session_ INFO    Analysis session with session id 'session_0' started (pid: 3869745)
2026-04-01 00:07:57.453532 (3862228) session_ INFO    Analysis session 'session_0' connected to the console (host: 127.0.0.1:32768)
2026-04-01 00:08:11.149709 (3862228) lic__man INFO    Unclaim everything for 'session_0'.
2026-04-01 00:08:11.649536 (3862228) lic__man INFO    Claim 'fpv' for 'session_0'.
2026-04-01 00:08:11.649590 (3862228) lic__man INFO    Claim 'fpv' for 'session_0/prove-0'.
2026-04-01 00:08:39.186557 (3862228) lic__man INFO    Unclaim everything for 'session_0/prove-0'.
2026-04-01 00:08:39.592073 (3862228) main____ INFO    About to exit: request to exit with status 0 received from analysis session 'session_0'
2026-04-01 00:08:40.123306 (3862228) bridge__ INFO    jg_bridge has exited with exit status '0'.
2026-04-01 00:08:41.195448 (3862228) session_ INFO    Analysis session 'session_0' disconnected.
2026-04-01 00:08:41.195620 (3862228) lic__man INFO    Unclaim everything for 'session_0'.
2026-04-01 00:08:41.214171 (3862228) session_ INFO    Process for analysis session 'session_0' has exited with exit status '0'.
2026-04-01 00:08:41.701235 (3862228) lic_core INFO    (237) checkin jasper_papp
2026-04-01 00:08:41.725413 (3862228) lic_core INFO    Lic Summary:
2026-04-01 00:08:41.725472 (3862228) lic_core INFO      [00:08:41.200835] Cdslmd servers:/opt/cadence/licenses/license.dat
2026-04-01 00:08:41.725479 (3862228) lic_core INFO      [00:08:41.725137] Feature usage summary:
2026-04-01 00:08:41.725482 (3862228) lic_core INFO      [00:08:41.725138] jasper_papp
2026-04-01 00:08:41.739783 (3862228) main____ INFO    Exiting with status 0.
