# ----------------------------------------
# Jasper Version Info
# tool      : Jasper 2025.06
# platform  : Linux 4.18.0-477.15.1.el8_8.x86_64
# version   : 2025.06 FCS 64 bits
# build date: 2025.06.25 13:01:28 UTC
# ----------------------------------------
# started   : 2026-03-24 19:47:57 +08
# hostname  : everest3.comp.nus.edu.sg.(none)
# pid       : 3359169
# arguments : '-style' 'windows' '-label' 'session_0' '-console' '//127.0.0.1:42175' '-nowindow' '-exitonerror' '-data' 'AAABDnicjY5BCsIwEEVfSt1Ir9L2Al2Ke09Q2iCopCptLXSlR/Um6TeCEtw4EGbe/3+GGKC6e+8JZZ7vTmWI68VJrOweUYfV10z1MnJaGkYsB/FafKXnwkm00bRn4IZTYqCkY6b+JGqOnMPuKMWJrfROvpPTyLPah+3PnUncK/PfhSIkXPj1ArATJ5o=' '-bridge_url' '172.28.176.73:34903' '-proj' '/home/zhenyu.lei/ShadowLogicArtifact/results/my_proj_intctrl_compliance/sessionLogs/session_0' '-init' '-hidden' '/home/zhenyu.lei/ShadowLogicArtifact/results/my_proj_intctrl_compliance/.tmp/.initCmds.tcl' 'results/veri_intctrl_compliance.tcl' '-hidden' '/home/zhenyu.lei/ShadowLogicArtifact/results/my_proj_intctrl_compliance/.tmp/.postCmds.tcl'

Any disclosure about the Cadence Design Systems software or its use
model to any third party violates the written Non-Disclosure Agreement
between Cadence Design Systems, Inc. and the customer.

THIS SOFTWARE CONTAINS CONFIDENTIAL INFORMATION AND TRADE SECRETS OF
CADENCE DESIGN SYSTEMS, INC. USE, DISCLOSURE, OR REPRODUCTION IS
PROHIBITED WITHOUT THE PRIOR EXPRESS WRITTEN PERMISSION OF CADENCE
DESIGN SYSTEMS, INC.

Copyright (C) 2000-2025 Cadence Design Systems, Inc. All Rights
Reserved.  Unpublished -- rights reserved under the copyright laws of
the United States.

This product includes software developed by others and redistributed
according to license agreement. See doc/third_party_readme.txt for
further details.

RESTRICTED RIGHTS LEGEND

Use, duplication, or disclosure by the Government is subject to
restrictions as set forth in subparagraph (c) (1) (ii) of the Rights in
Technical Data and Computer Software clause at DFARS 252.227-7013 or
subparagraphs (c) (1) and (2) of Commercial Computer Software -- Restricted
Rights at 48 CFR 52.227-19, as applicable.


                          Cadence Design Systems, Inc.
                          2655 Seely Avenue
                          San Jose, CA 95134
                          Phone: 408.943.1234

For technical assistance visit http://support.cadence.com.

Jasper Apps Analysis Session - /home/zhenyu.lei/ShadowLogicArtifact/results/my_proj_intctrl_compliance/sessionLogs/session_0

INFO: successfully checked out license "jasper_fao".
INFO: reading configuration file "/home/zhenyu.lei/.config/cadence/jasper.conf".
% # =============================================================================
% # Platform_C2 / Platform_C3: Interrupt Controller Compliance Verification
% # =============================================================================
% # Platform_C2: wdata must NOT affect int → expected FAIL
% # Platform_C3: wdata CAN affect int → expected PASS (trivially)
% # =============================================================================
% 
% analyze -sva src/sodor2/intctrl_miter_verify.v src/sodor2/interrupt_controller.v src/sodor2/param.vh
[-- (VERI-1482)] Analyzing Verilog file '/opt/cadence/jasper_2025.06/lib/verilog/packages/std/std.sv' into library 'std'
[-- (VERI-1482)] Analyzing Verilog file 'src/sodor2/intctrl_miter_verify.v'
[INFO (VERI-1328)] src/sodor2/intctrl_miter_verify.v(1): analyzing included file 'src/sodor2/param.vh'
[INFO (VERI-1328)] src/sodor2/intctrl_miter_verify.v(2): analyzing included file 'src/sodor2/interrupt_controller.v'
[-- (VERI-1482)] Analyzing Verilog file 'src/sodor2/interrupt_controller.v'
[WARN (VERI-1206)] src/sodor2/interrupt_controller.v(30): overwriting previous definition of module 'interrupt_controller'
[INFO (VERI-2142)] src/sodor2/interrupt_controller.v(30): previous definition of module 'interrupt_controller' is here
[-- (VERI-1482)] Analyzing Verilog file 'src/sodor2/param.vh'
% 
% elaborate -top intctrl_compliance_top
INFO (ISW003): Top module name is "intctrl_compliance_top".
[INFO (HIER-8002)] src/sodor2/intctrl_miter_verify.v(47): Disabling old hierarchical reference handler
[INFO (VERI-1018)] src/sodor2/interrupt_controller.v(9): compiling module 'interrupt_controller'
[INFO (VERI-1018)] src/sodor2/intctrl_miter_verify.v(11): compiling module 'intctrl_compliance_top'
[WARN (VDB-1002)] src/sodor2/intctrl_miter_verify.v(19): net 'wr_valid' does not have a driver
[WARN (VDB-1002)] src/sodor2/intctrl_miter_verify.v(20): net 'wdata_1[31]' does not have a driver
[WARN (VDB-1002)] src/sodor2/intctrl_miter_verify.v(20): net 'wdata_2[31]' does not have a driver
INFO (INL208): Elaboration synthesis summary:
  Number of synthesized netlists          2 (0 packages)
  Single run mode                         On
  Pipeline                                On (2 pipelined netlists)
  Late hierarchical reference connection  On
  Number of analyzed Verilog modules      2 (2 synthesized)
  Number of analyzed VHDL entities        0 (0 synthesized)
  Advanced Incremental run mode           Off
INFO (INL003): Clearing all state information (assumes, stopats, and so forth).
intctrl_compliance_top
[<embedded>] % clock clk
[<embedded>] % reset rst -non_resettable_regs 0
WARNING (WRS016): The effects of "reset" options (such as "-non_resettable_regs", "-abstract_value") might not be reflected in the trace prefix.
    For message help, type "help -message WRS016".
INFO (IPM031): Clearing proof results of all properties.
INFO (IRS006): Current reset condition is "rst".
[<embedded>] % 
[<embedded>] % # Platform_C2: different wdata must NOT affect interrupt
[<embedded>] % assert -name c2_intctrl {c2_intctrl_pass}
c2_intctrl
[<embedded>] % 
[<embedded>] % # Platform_C3: trivially PASS (C3 allows wdata → int)
[<embedded>] % assert -name c3_intctrl {c3_intctrl_pass}
c3_intctrl
[<embedded>] % 
[<embedded>] % # Prove
[<embedded>] % set_prove_orchestration off
[<embedded>] % set_engine_mode {AM}
[<embedded>] % set_prove_time_limit 1h
[<embedded>] % 
[<embedded>] % prove -all
INFO (IPF036): Starting proof on task: "<embedded>", 2 properties to prove with 0 already proven/unreachable
INFO (IRS003): Setting non-resettable flop to value 0 during reset analysis.
INFO (IRS029): Starting reset analysis: phase 1 of 4.
INFO (IRS030): Running reset analysis: phase 2 of 4.
INFO (IRS031): Running reset analysis: phase 3 of 4.
INFO (IRS020): Starting the reset analysis simulation with a limit of 100 iterations (phase 4 of 4).
INFO (ISIM006): Running simulation: {mode = single, probe = all}.
INFO (IRS024): Reset iterations 0 to 4 analyzed.
INFO (ISIM008): Simulation is processing trace data. Total number of nets in analysis 61.
INFO (IRS018): Reset analysis simulation executed for 3 iterations. Assigned values for 64 of 64 design flops, 0 of 0 design latches, 0 of 0 internal elements.
INFO (IRS039): Reset analysis complete.
INFO (IPF031): Settings used for proof thread 0:
    orchestration                      = off
    time_limit                         = 3600s
    per_property_time_limit            = 1s * 10 ^ scan
    engine_mode                        = AM 
    proofgrid_per_engine_max_jobs      = 1
    max engine jobs                    = AM, total 1
    proofgrid_mode                     = local
    proofgrid_restarts                 = 10
0.0.PRE: A proof was found: No trace exists. [0.00 s]
INFO (IPF057): 0.0.PRE: The property "c3_intctrl" was proven in 0.00 s.
0: Found proofs for 1 properties in preprocessing
0: Using multistage preprocessing
0: Starting reduce
0: Finished reduce in 0s
0.0.PRE: Performing Proof Simplification...
0.0.AM: clocks: 1, declared: 1, looping: 0, posedge: 1, negedge: 0, noedge: 0, bothedge: 0
0.0.AM: Proof Simplification Iteration 1	[0.00 s]
0.0.PRE: A proof was found: No trace exists. [0.00 s]
INFO (IPF057): 0.0.PRE: The property ":noDeadEnd" was proven in 0.00 s.
    Use check_assumptions -show -dead_end to show this property in the property table.
0.0.PRE: A proof was found: No trace exists. [0.00 s]
INFO (IPF057): 0.0.PRE: The property ":noConflict" was proven in 0.00 s.
    Use check_assumptions -show to show this property in the property table.
INFO (IPF047): 0.0.PRE: The cover property ":live" was covered in 1 cycles in 0.00 s.
    Use check_assumptions -show -live to show this property in the property table.
0.0.PRE: Proof Simplification completed in 0.00 s
0: About to start ProofGrid in its own thread with a limit of 10000 pending notifications and a limit of 10 traces.
0: =============================== ProofGrid start ===============================
0: ProofGrid usable level: 1
0: Initial ProofGrid level: 1
0: Computed task hash in 0.00ss
0: ProofGrid is starting event handling
0.0.AM: Proofgrid shell started at 3359237@everest3.comp.nus.edu.sg(local) jg_3359169_everest3.comp.nus.edu.sg_1
0.0.AM: clocks: 1, declared: 1, looping: 0, posedge: 1, negedge: 0, noedge: 0, bothedge: 0
0.0.AM: Last scan. Per property time limit: 0s
0.0.AM: Starting proof for property "c2_intctrl"	[0.00 s].
0.0.AM: Trace Attempt  1	[0.00 s]
0.0.AM: Trace Attempt  2	[0.00 s]
0.0.AM: Requesting engine job to terminate
0.0.AM: A trace with 2 cycles was found. [0.00 s]
INFO (IPF055): 0.0.AM: A counterexample (cex) with 2 cycles was found for the property "c2_intctrl" in 0.08 s.
INFO (IPF144): 0: Initiating shutdown of proof [0.00 s]
0.0.AM: Stopped processing property "c2_intctrl"	[0.08 s].
0.0.AM: All properties determined. [0.00 s]
0.0.AM: Exited with Success (@ 0.00 s)
0: ProofGrid usable level: 0
0: --------------------------------------------------------------
ProofGrid Summary (utilization 3.35 %)
--------------------------------------------------------------
     engines started                               :     1
     engine jobs started                           :     1

    Average time in state (seconds)
    ------------------------------------------------------
    Engine  Pending     Running        Dead    Utilization
    ------------------------------------------------------
     AM        0.06        0.00        0.00        3.35 %
    all        0.06        0.00        0.00        3.35 %

    Total time in state (seconds)
    -----------------------------------------
            Pending     Running        Dead  
    -----------------------------------------
               0.06        0.00        0.00

    Data read    : 1.48 kiB
    Data written : 283.00 B

INFO (IPF180): 0: ProofGrid utilization: 3.35% slot-seconds: 0.00
0: All pending notifications were processed.
INFO (IPF059): 0: Completed proof on task: "<embedded>"

==============================================================
SUMMARY
==============================================================
           Properties Considered              : 2
                 assertions                   : 2
                  - proven                    : 1 (50%)
                  - bounded_proven (user)     : 0 (0%)
                  - bounded_proven (auto)     : 0 (0%)
                  - marked_proven             : 0 (0%)
                  - cex                       : 1 (50%)
                  - ar_cex                    : 0 (0%)
                  - undetermined              : 0 (0%)
                  - unknown                   : 0 (0%)
                  - error                     : 0 (0%)
                 covers                       : 0
                  - unreachable               : 0
                  - bounded_unreachable (user): 0
                  - covered                   : 0
                  - ar_covered                : 0
                  - undetermined              : 0
                  - unknown                   : 0
                  - error                     : 0
determined
[<embedded>] % save -jdb results/my_jdb_intctrl_compliance -capture_setup -capture_session_data -force
WARNING (WCD017): The switch "-jdb" has been deprecated.
INFO (IHT027): Saving to file "/home/zhenyu.lei/ShadowLogicArtifact/results/my_proj_intctrl_compliance/work/saveRestore/hunt/hunt.cfg".
/home/zhenyu.lei/ShadowLogicArtifact/results/my_jdb_intctrl_compliance
[<embedded>] % exit
INFO (IPL005): Received request to exit from the console.
INFO (IPL014): Waiting for the Tcl-thread to exit.
INFO: Waiting for proof threads to stop...
INFO: Proof threads stopped.
INFO (IPL018): The peak resident set memory use for this session was 0.431 GB.
INFO (IPL015): The Tcl-thread exited with status 0.
INFO (IPL016): Exiting the analysis session with status 0.
