[2026-03-23 17:16:48 +08] [INFO] IBR0122: ===========System Information==========
[2026-03-23 17:16:48 +08] [INFO] IBR0123: Start date: 2026-03-23 09:16:48 UTC
[2026-03-23 17:16:48 +08] [INFO] IBR0124: Hostname: everest3.comp.nus.edu.sg
[2026-03-23 17:16:48 +08] [INFO] IBR0125: Host IP address(es): eth0(172.28.176.73)
[2026-03-23 17:16:48 +08] [INFO] IBR0126: Username: zhenyu.lei
[2026-03-23 17:16:48 +08] [INFO] IBR0129: Limit of open files: 262144
[2026-03-23 17:16:48 +08] [INFO] IBR0145: System Info:
[2026-03-23 17:16:48 +08] [INFO] IBR0146: 	Product Type : Rocky Linux 8.8 (Green Obsidian)
[2026-03-23 17:16:48 +08] [INFO] IBR0147: 	Kernel Type : linux
[2026-03-23 17:16:48 +08] [INFO] IBR0148: 	Kernel Version : 4.18.0-477.15.1.el8_8.x86_64
[2026-03-23 17:16:48 +08] [INFO] IBR0149: 	Machine ID : everest3.comp.nus.edu.sg
[2026-03-23 17:16:48 +08] [INFO] IBR0154: Memory Info:
[2026-03-23 17:16:48 +08] [INFO] IBR0155: 	Total memory: 790648 MB
[2026-03-23 17:16:48 +08] [INFO] IBR0156: 	Available memory: 777686 MB
[2026-03-23 17:16:48 +08] [INFO] IBR0150: CPU information:
[2026-03-23 17:16:48 +08] [INFO] IBR0151: 	Architecture : x86_64
[2026-03-23 17:16:48 +08] [INFO] IBR0153: 	 Model name: Intel(R) Xeon(R) Gold 6258R CPU @ 2.70GHz
[2026-03-23 17:16:48 +08] [INFO] IBR0152: 	Core count: 56
[2026-03-23 17:16:48 +08] [INFO] IBR0130: PID: 3229502
[2026-03-23 17:16:48 +08] [INFO] IBR0131: =======================================
[2026-03-23 17:16:48 +08] [INFO] IBR0102: Bridge endpoint: ws://172.28.176.73:34631
[2026-03-23 17:16:48 +08] [INFO] IBR0096: Jasper endpoint: '172.28.176.73:44325'
[2026-03-23 17:16:53 +08] [INFO] IBR0175: Termination signal received (#2). Trying to exit.
[2026-03-23 17:16:53 +08] [INFO] IBR0168: Shutting down...
[2026-03-23 17:16:53 +08] [INFO] IBR0178: Jobs are finished and clients are disconnected.
[2026-03-23 17:16:53 +08] [INFO] IBR0179: Exiting with exit status 0.
