2026-03-23 21:25:40.644323 (3270938) main____ INFO    ----------------------------------------
2026-03-23 21:25:40.644362 (3270938) main____ INFO    Jasper version info
2026-03-23 21:25:40.644367 (3270938) main____ INFO      tool      : Jasper 2025.06
2026-03-23 21:25:40.644371 (3270938) main____ INFO      version   : 2025.06 FCS 64 bits
2026-03-23 21:25:40.644374 (3270938) main____ INFO      build date: 2025.06.25 13:01:28 UTC
2026-03-23 21:25:40.644376 (3270938) main____ INFO    ----------------------------------------
2026-03-23 21:25:40.644378 (3270938) main____ INFO    Runtime info:
2026-03-23 21:25:40.644380 (3270938) main____ INFO      platform  : Linux 4.18.0-477.15.1.el8_8.x86_64 x86_64
2026-03-23 21:25:40.644384 (3270938) main____ INFO      hostname  : everest3.comp.nus.edu.sg
2026-03-23 21:25:40.644388 (3270938) main____ INFO      pid       : 3270938
2026-03-23 21:25:40.644390 (3270938) main____ INFO      arguments : '-style' 'windows' '-batch' '-proj' 'results/my_proj_nofwd_ct_obsv0_ptci_c1' 'results/veri_nofwd_ct_obsv0_ptci_c1.tcl'
2026-03-23 21:25:40.644394 (3270938) main____ INFO      locale    : UTF-8
2026-03-23 21:25:40.644396 (3270938) main____ INFO    ----------------------------------------
2026-03-23 21:25:40.644398 (3270938) main____ INFO    System resource limits info:
2026-03-23 21:25:40.644401 (3270938) main____ INFO      virtual memory: unlimited
2026-03-23 21:25:40.644404 (3270938) main____ INFO      cpu time      : unlimited
2026-03-23 21:25:40.644409 (3270938) main____ INFO      processes     : 3088331
2026-03-23 21:25:40.644415 (3270938) main____ INFO      stack size    : 12800000 B
2026-03-23 21:25:40.644419 (3270938) main____ INFO      core file size: 0 B
2026-03-23 21:25:40.644422 (3270938) main____ INFO      open files    : 262144
2026-03-23 21:25:40.644426 (3270938) main____ INFO      file size     : unlimited
2026-03-23 21:25:40.644428 (3270938) main____ INFO    ----------------------------------------
2026-03-23 21:25:40.644430 (3270938) main____ INFO    Memory statistics:
2026-03-23 21:25:40.644433 (3270938) main____ INFO      total physical memory  : 790648116 kB
2026-03-23 21:25:40.644436 (3270938) main____ INFO      free physical memory   : 763366744 kB
2026-03-23 21:25:40.644438 (3270938) main____ INFO      committed address space: 4620740 kB
2026-03-23 21:25:40.644440 (3270938) main____ INFO    ----------------------------------------
2026-03-23 21:25:40.644986 (3270938) main____ INFO    Important environment variables:
2026-03-23 21:25:40.644999 (3270938) main____ INFO      CDS_LIC_FILE       : '/opt/cadence/licenses/license.dat'
2026-03-23 21:25:40.645002 (3270938) main____ INFO      DISPLAY            : 'localhost:10.0'
2026-03-23 21:25:40.645005 (3270938) main____ INFO      JASPER_CPU_CHECK   : '1'
2026-03-23 21:25:40.645008 (3270938) main____ INFO      JASPER_INSTALL_DIR : '/opt/cadence/jasper_2025.06'
2026-03-23 21:25:40.645010 (3270938) main____ INFO      JASPER_KERNEL_CHECK: '1'
2026-03-23 21:25:40.645013 (3270938) main____ INFO      JASPER_OS_CHECK    : '1'
2026-03-23 21:25:40.645015 (3270938) main____ INFO      JASPER_PLATFORM    : 'Linux64'
2026-03-23 21:25:40.645017 (3270938) main____ INFO      LANG               : 'C.UTF-8'
2026-03-23 21:25:40.645019 (3270938) main____ INFO    ----------------------------------------
2026-03-23 21:25:40.645061 (3270938) lic_core INFO    Initializing license system ...
2026-03-23 21:25:40.650415 (3270952) lic_core INFO    [21:25:40.415601] Configured Lic search path (24.01-s003): /opt/cadence/licenses/license.dat
2026-03-23 21:25:40.656454 (3270938) lic_core INFO    ... license system initialized.
2026-03-23 21:25:40.656600 (3270938) lic__man INFO    Claim 'fpv' for <ui>.
2026-03-23 21:25:40.656623 (3270938) lic_core INFO    (1) checking out 'jasper_fpv' ...
2026-03-23 21:25:40.659593 (3270938) lic_core INFO    ... (1) checkout failed (error: -5) ("FLEXnet ERROR(-5, 0, 0): No such feature exists.")
2026-03-23 21:25:40.659612 (3270938) lic_core INFO    (2) checking out 'jasper_fao' ...
2026-03-23 21:25:40.666432 (3270938) lic_core INFO    ... (2) checkout succeeded
2026-03-23 21:25:40.709637 (3270938) session_ INFO    Starting analysis session with session id 'session_0' (launcher: <local>) ...
2026-03-23 21:25:40.711566 (3270938) session_ INFO    Analysis session with session id 'session_0' started (pid: 3270966)
2026-03-23 21:25:41.551882 (3270938) session_ INFO    Analysis session 'session_0' connected to the console (host: 127.0.0.1:36168)
2026-03-23 21:25:42.012668 (3270938) lic__man INFO    Unclaim everything for 'session_0'.
2026-03-23 21:25:42.061080 (3270938) lic__man INFO    Claim 'fpv' for 'session_0'.
2026-03-23 21:25:42.061108 (3270938) lic__man INFO    Claim 'fpv' for 'session_0/prove-0'.
2026-03-23 21:26:40.727262 (3270952) lic_core INFO    [21:26:40.202856] Periodic Lic check successful
2026-03-23 21:26:40.727305 (3270952) lic_core INFO      [21:26:40.727153] Feature usage summary:
2026-03-23 21:26:40.727310 (3270952) lic_core INFO      [21:26:40.727153] jasper_fao
2026-03-23 21:53:13.478097 (3270938) lic__man INFO    Unclaim everything for 'session_0/prove-0'.
2026-03-23 21:53:13.677909 (3270938) main____ INFO    About to exit: request to exit with status 0 received from analysis session 'session_0'
2026-03-23 21:53:13.774892 (3270938) session_ INFO    Analysis session 'session_0' disconnected.
2026-03-23 21:53:13.774996 (3270938) lic__man INFO    Unclaim everything for 'session_0'.
2026-03-23 21:53:13.775092 (3270938) session_ INFO    Process for analysis session 'session_0' has exited with exit status '0'.
2026-03-23 21:53:14.178978 (3270938) bridge__ INFO    jg_bridge has exited with exit status '0'.
2026-03-23 21:53:15.730314 (3270938) lic_core INFO    (2) checkin jasper_fao
2026-03-23 21:53:15.731141 (3270938) lic_core INFO    Lic Summary:
2026-03-23 21:53:15.731153 (3270938) lic_core INFO      [21:53:15.206761] Cdslmd servers:/opt/cadence/licenses/license.dat
2026-03-23 21:53:15.731155 (3270938) lic_core INFO      [21:53:15.731049] Feature usage summary:
2026-03-23 21:53:15.731158 (3270938) lic_core INFO      [21:53:15.731050] jasper_fao
2026-03-23 21:53:15.731237 (3270938) main____ INFO    Exiting with status 0.
