2026-03-24 01:33:13.608584 (3299303) main____ INFO    ----------------------------------------
2026-03-24 01:33:13.608624 (3299303) main____ INFO    Jasper version info
2026-03-24 01:33:13.608630 (3299303) main____ INFO      tool      : Jasper 2025.06
2026-03-24 01:33:13.608634 (3299303) main____ INFO      version   : 2025.06 FCS 64 bits
2026-03-24 01:33:13.608637 (3299303) main____ INFO      build date: 2025.06.25 13:01:28 UTC
2026-03-24 01:33:13.608639 (3299303) main____ INFO    ----------------------------------------
2026-03-24 01:33:13.608641 (3299303) main____ INFO    Runtime info:
2026-03-24 01:33:13.608643 (3299303) main____ INFO      platform  : Linux 4.18.0-477.15.1.el8_8.x86_64 x86_64
2026-03-24 01:33:13.608648 (3299303) main____ INFO      hostname  : everest3.comp.nus.edu.sg
2026-03-24 01:33:13.608651 (3299303) main____ INFO      pid       : 3299303
2026-03-24 01:33:13.608653 (3299303) main____ INFO      arguments : '-style' 'windows' '-batch' '-proj' 'results/my_proj_nofwd_ct_obsv0_ext_mem_no_ptci' 'results/veri_nofwd_ct_obsv0_ext_mem_no_ptci.tcl'
2026-03-24 01:33:13.608658 (3299303) main____ INFO      locale    : UTF-8
2026-03-24 01:33:13.608660 (3299303) main____ INFO    ----------------------------------------
2026-03-24 01:33:13.608662 (3299303) main____ INFO    System resource limits info:
2026-03-24 01:33:13.608665 (3299303) main____ INFO      virtual memory: unlimited
2026-03-24 01:33:13.608668 (3299303) main____ INFO      cpu time      : unlimited
2026-03-24 01:33:13.608674 (3299303) main____ INFO      processes     : 3088331
2026-03-24 01:33:13.608679 (3299303) main____ INFO      stack size    : 12800000 B
2026-03-24 01:33:13.608683 (3299303) main____ INFO      core file size: 0 B
2026-03-24 01:33:13.608686 (3299303) main____ INFO      open files    : 262144
2026-03-24 01:33:13.608689 (3299303) main____ INFO      file size     : unlimited
2026-03-24 01:33:13.608691 (3299303) main____ INFO    ----------------------------------------
2026-03-24 01:33:13.608693 (3299303) main____ INFO    Memory statistics:
2026-03-24 01:33:13.608696 (3299303) main____ INFO      total physical memory  : 790648116 kB
2026-03-24 01:33:13.608699 (3299303) main____ INFO      free physical memory   : 764477016 kB
2026-03-24 01:33:13.608701 (3299303) main____ INFO      committed address space: 2760860 kB
2026-03-24 01:33:13.608703 (3299303) main____ INFO    ----------------------------------------
2026-03-24 01:33:13.609249 (3299303) main____ INFO    Important environment variables:
2026-03-24 01:33:13.609262 (3299303) main____ INFO      CDS_LIC_FILE       : '/opt/cadence/licenses/license.dat'
2026-03-24 01:33:13.609265 (3299303) main____ INFO      DISPLAY            : 'localhost:10.0'
2026-03-24 01:33:13.609268 (3299303) main____ INFO      JASPER_CPU_CHECK   : '1'
2026-03-24 01:33:13.609270 (3299303) main____ INFO      JASPER_INSTALL_DIR : '/opt/cadence/jasper_2025.06'
2026-03-24 01:33:13.609273 (3299303) main____ INFO      JASPER_KERNEL_CHECK: '1'
2026-03-24 01:33:13.609275 (3299303) main____ INFO      JASPER_OS_CHECK    : '1'
2026-03-24 01:33:13.609277 (3299303) main____ INFO      JASPER_PLATFORM    : 'Linux64'
2026-03-24 01:33:13.609280 (3299303) main____ INFO      LANG               : 'C.UTF-8'
2026-03-24 01:33:13.609282 (3299303) main____ INFO    ----------------------------------------
2026-03-24 01:33:13.609327 (3299303) lic_core INFO    Initializing license system ...
2026-03-24 01:33:13.614893 (3299317) lic_core INFO    [01:33:13.415577] Configured Lic search path (24.01-s003): /opt/cadence/licenses/license.dat
2026-03-24 01:33:13.620962 (3299303) lic_core INFO    ... license system initialized.
2026-03-24 01:33:13.621117 (3299303) lic__man INFO    Claim 'fpv' for <ui>.
2026-03-24 01:33:13.621141 (3299303) lic_core INFO    (1) checking out 'jasper_fpv' ...
2026-03-24 01:33:13.624448 (3299303) lic_core INFO    ... (1) checkout failed (error: -5) ("FLEXnet ERROR(-5, 0, 0): No such feature exists.")
2026-03-24 01:33:13.624469 (3299303) lic_core INFO    (2) checking out 'jasper_fao' ...
2026-03-24 01:33:13.631551 (3299303) lic_core INFO    ... (2) checkout succeeded
2026-03-24 01:33:13.674719 (3299303) session_ INFO    Starting analysis session with session id 'session_0' (launcher: <local>) ...
2026-03-24 01:33:13.677063 (3299303) session_ INFO    Analysis session with session id 'session_0' started (pid: 3299331)
2026-03-24 01:33:14.550172 (3299303) session_ INFO    Analysis session 'session_0' connected to the console (host: 127.0.0.1:53150)
2026-03-24 01:33:15.012181 (3299303) lic__man INFO    Unclaim everything for 'session_0'.
2026-03-24 01:33:15.060969 (3299303) lic__man INFO    Claim 'fpv' for 'session_0'.
2026-03-24 01:33:15.060991 (3299303) lic__man INFO    Claim 'fpv' for 'session_0/prove-0'.
2026-03-24 01:34:13.786066 (3299317) lic_core INFO    [01:34:13.261611] Periodic Lic check successful
2026-03-24 01:34:13.786106 (3299317) lic_core INFO      [01:34:13.785904] Feature usage summary:
2026-03-24 01:34:13.786111 (3299317) lic_core INFO      [01:34:13.785904] jasper_fao
2026-03-24 01:36:47.748542 (3299303) lic__man INFO    Unclaim everything for 'session_0/prove-0'.
2026-03-24 01:36:47.972905 (3299303) main____ INFO    About to exit: request to exit with status 0 received from analysis session 'session_0'
2026-03-24 01:36:48.070612 (3299303) session_ INFO    Analysis session 'session_0' disconnected.
2026-03-24 01:36:48.070696 (3299303) lic__man INFO    Unclaim everything for 'session_0'.
2026-03-24 01:36:48.070794 (3299303) session_ INFO    Process for analysis session 'session_0' has exited with exit status '0'.
2026-03-24 01:36:48.478729 (3299303) bridge__ INFO    jg_bridge has exited with exit status '0'.
2026-03-24 01:36:49.876515 (3299303) lic_core INFO    (2) checkin jasper_fao
2026-03-24 01:36:49.877393 (3299303) lic_core INFO    Lic Summary:
2026-03-24 01:36:49.877409 (3299303) lic_core INFO      [01:36:49.353033] Cdslmd servers:/opt/cadence/licenses/license.dat
2026-03-24 01:36:49.877412 (3299303) lic_core INFO      [01:36:49.877321] Feature usage summary:
2026-03-24 01:36:49.877414 (3299303) lic_core INFO      [01:36:49.877322] jasper_fao
2026-03-24 01:36:49.877565 (3299303) main____ INFO    Exiting with status 0.
