# ----------------------------------------
# Jasper Version Info
# tool      : Jasper 2025.06
# platform  : Linux 4.18.0-477.15.1.el8_8.x86_64
# version   : 2025.06 FCS 64 bits
# build date: 2025.06.25 13:01:28 UTC
# ----------------------------------------
# started   : 2026-03-23 20:28:48 +08
# hostname  : everest3.comp.nus.edu.sg.(none)
# pid       : 3261217
# arguments : '-style' 'windows' '-label' 'session_0' '-console' '//127.0.0.1:45607' '-nowindow' '-exitonerror' '-data' 'AAABDnicjY5BCsJADEXfSN2IV6m9QJfi3hOUVgZaqbZ0VHClR/Um4zeCMrgxEJKX/HzigPIWY8TCPd6V0pHGi2fpZHtPKsy/y0y5JKeh5sSOVrwQj0wM7EVrdZ7AmV6KQMGBK9VHUemqtkuvPhgP0ozSd9ocxV4+mx+fi3iS5j+Hlf3X29dPjaMnJg==' '-bridge_url' '172.28.176.73:33883' '-proj' '/home/zhenyu.lei/ShadowLogicArtifact/results/my_proj_cache_s_compliance/sessionLogs/session_0' '-init' '-hidden' '/home/zhenyu.lei/ShadowLogicArtifact/results/my_proj_cache_s_compliance/.tmp/.initCmds.tcl' 'results/veri_cache_s_compliance.tcl' '-hidden' '/home/zhenyu.lei/ShadowLogicArtifact/results/my_proj_cache_s_compliance/.tmp/.postCmds.tcl'

Any disclosure about the Cadence Design Systems software or its use
model to any third party violates the written Non-Disclosure Agreement
between Cadence Design Systems, Inc. and the customer.

THIS SOFTWARE CONTAINS CONFIDENTIAL INFORMATION AND TRADE SECRETS OF
CADENCE DESIGN SYSTEMS, INC. USE, DISCLOSURE, OR REPRODUCTION IS
PROHIBITED WITHOUT THE PRIOR EXPRESS WRITTEN PERMISSION OF CADENCE
DESIGN SYSTEMS, INC.

Copyright (C) 2000-2025 Cadence Design Systems, Inc. All Rights
Reserved.  Unpublished -- rights reserved under the copyright laws of
the United States.

This product includes software developed by others and redistributed
according to license agreement. See doc/third_party_readme.txt for
further details.

RESTRICTED RIGHTS LEGEND

Use, duplication, or disclosure by the Government is subject to
restrictions as set forth in subparagraph (c) (1) (ii) of the Rights in
Technical Data and Computer Software clause at DFARS 252.227-7013 or
subparagraphs (c) (1) and (2) of Commercial Computer Software -- Restricted
Rights at 48 CFR 52.227-19, as applicable.


                          Cadence Design Systems, Inc.
                          2655 Seely Avenue
                          San Jose, CA 95134
                          Phone: 408.943.1234

For technical assistance visit http://support.cadence.com.

Jasper Apps Analysis Session - /home/zhenyu.lei/ShadowLogicArtifact/results/my_proj_cache_s_compliance/sessionLogs/session_0

INFO: successfully checked out license "jasper_fao".
INFO: reading configuration file "/home/zhenyu.lei/.config/cadence/jasper.conf".
% # =============================================================================
% # Experiment B: Cache-S Contract Compliance Verification
% # =============================================================================
% # Verify Cache-S satisfies C1 contract (timing independent of address).
% # Expected result: PASS
% # =============================================================================
% 
% analyze +define+RF_SIZE=4+RF_SIZE_LOG=2+MEMI_SIZE=16+MEMI_SIZE_LOG=4+MEMD_SIZE=4+MEMD_SIZE_LOG=2+ROB_SIZE=4+ROB_SIZE_LOG=2 -sva ./src/simpleooo/cache_miter_verify.v
[-- (VERI-1482)] Analyzing Verilog file '/opt/cadence/jasper_2025.06/lib/verilog/packages/std/std.sv' into library 'std'
[-- (VERI-1482)] Analyzing Verilog file './src/simpleooo/cache_miter_verify.v'
[INFO (VERI-1328)] ./src/simpleooo/cache_miter_verify.v(1): analyzing included file 'src/simpleooo/param.v'
[WARN (VERI-9001)] src/simpleooo/param.v(7): redefinition of command line macro RF_SIZE here ignored
[WARN (VERI-9001)] src/simpleooo/param.v(8): redefinition of command line macro RF_SIZE_LOG here ignored
[WARN (VERI-9001)] src/simpleooo/param.v(9): redefinition of command line macro MEMI_SIZE here ignored
[WARN (VERI-9001)] src/simpleooo/param.v(10): redefinition of command line macro MEMI_SIZE_LOG here ignored
[WARN (VERI-9001)] src/simpleooo/param.v(11): redefinition of command line macro MEMD_SIZE here ignored
[WARN (VERI-9001)] src/simpleooo/param.v(12): redefinition of command line macro MEMD_SIZE_LOG here ignored
[WARN (VERI-9001)] src/simpleooo/param.v(36): redefinition of command line macro ROB_SIZE here ignored
[WARN (VERI-9001)] src/simpleooo/param.v(37): redefinition of command line macro ROB_SIZE_LOG here ignored
[INFO (VERI-1328)] ./src/simpleooo/cache_miter_verify.v(2): analyzing included file 'src/simpleooo/cache_secure.v'
% 
% elaborate -top cache_miter_top
INFO (ISW003): Top module name is "cache_miter_top".
[INFO (HIER-8002)] ./src/simpleooo/cache_miter_verify.v(56): Disabling old hierarchical reference handler
[INFO (VERI-1018)] src/simpleooo/cache_secure.v(8): compiling module 'cache_secure'
[INFO (VERI-1018)] ./src/simpleooo/cache_miter_verify.v(13): compiling module 'cache_miter_top'
[WARN (VDB-1002)] ./src/simpleooo/cache_miter_verify.v(21): net 'req_valid_1' does not have a driver
[WARN (VDB-1002)] ./src/simpleooo/cache_miter_verify.v(21): net 'req_valid_2' does not have a driver
[WARN (VDB-1002)] ./src/simpleooo/cache_miter_verify.v(22): net 'req_addr_1[1]' does not have a driver
[WARN (VDB-1002)] ./src/simpleooo/cache_miter_verify.v(22): net 'req_addr_2[1]' does not have a driver
INFO (INL208): Elaboration synthesis summary:
  Number of synthesized netlists          2 (0 packages)
  Single run mode                         On
  Pipeline                                On (2 pipelined netlists)
  Late hierarchical reference connection  On
  Number of analyzed Verilog modules      2 (2 synthesized)
  Number of analyzed VHDL entities        0 (0 synthesized)
  Advanced Incremental run mode           Off
INFO (INL003): Clearing all state information (assumes, stopats, and so forth).
cache_miter_top
[<embedded>] % clock clk
[<embedded>] % reset rst -non_resettable_regs 0
WARNING (WRS016): The effects of "reset" options (such as "-non_resettable_regs", "-abstract_value") might not be reflected in the trace prefix.
    For message help, type "help -message WRS016".
INFO (IPM031): Clearing proof results of all properties.
INFO (IRS006): Current reset condition is "rst".
[<embedded>] % 
[<embedded>] % # Abstract internal storage (different secrets between instances)
[<embedded>] % abstract -init_value {cache_1.mem}
[<embedded>] % abstract -init_value {cache_2.mem}
[<embedded>] % 
[<embedded>] % # C1 assertion: timing never depends on address
[<embedded>] % assert {c1_timing_safe}
INFO (IPM004): The name "property:0" is assigned to assertion "c1_timing_safe".
property:0
[<embedded>] % assert {c1_timing_equal}
INFO (IPM004): The name "property:1" is assigned to assertion "c1_timing_equal".
property:1
[<embedded>] % 
[<embedded>] % # Prove
[<embedded>] % set_prove_orchestration off
[<embedded>] % set_engine_mode {AM}
[<embedded>] % set_prove_time_limit 1h
[<embedded>] % 
[<embedded>] % prove -all
INFO (IPF036): Starting proof on task: "<embedded>", 2 properties to prove with 0 already proven/unreachable
INFO (IRS003): Setting non-resettable flop to value 0 during reset analysis.
INFO (IRS029): Starting reset analysis: phase 1 of 4.
INFO (IRS030): Running reset analysis: phase 2 of 4.
INFO (IRS031): Running reset analysis: phase 3 of 4.
INFO (IRS020): Starting the reset analysis simulation with a limit of 100 iterations (phase 4 of 4).
INFO (ISIM006): Running simulation: {mode = single, probe = all}.
INFO (IRS024): Reset iterations 0 to 4 analyzed.
INFO (ISIM008): Simulation is processing trace data. Total number of nets in analysis 78.
INFO (IRS018): Reset analysis simulation executed for 3 iterations. Assigned values for 32 of 32 design flops, 0 of 0 design latches, 0 of 0 internal elements.
INFO (IRS039): Reset analysis complete.
INFO (IPF031): Settings used for proof thread 0:
    orchestration                      = off
    time_limit                         = 3600s
    per_property_time_limit            = 1s * 10 ^ scan
    engine_mode                        = AM 
    proofgrid_per_engine_max_jobs      = 1
    max engine jobs                    = AM, total 1
    proofgrid_mode                     = local
    proofgrid_restarts                 = 10
0.0.PRE: A proof was found: No trace exists. [0.00 s]
INFO (IPF057): 0.0.PRE: The property "property:0" was proven in 0.00 s.
0.0.PRE: A proof was found: No trace exists. [0.00 s]
INFO (IPF057): 0.0.PRE: The property "property:1" was proven in 0.00 s.
0: Found proofs for 2 properties in preprocessing
INFO (IPF059): 0: Completed proof on task: "<embedded>"

==============================================================
SUMMARY
==============================================================
           Properties Considered              : 2
                 assertions                   : 2
                  - proven                    : 2 (100%)
                  - bounded_proven (user)     : 0 (0%)
                  - bounded_proven (auto)     : 0 (0%)
                  - marked_proven             : 0 (0%)
                  - cex                       : 0 (0%)
                  - ar_cex                    : 0 (0%)
                  - undetermined              : 0 (0%)
                  - unknown                   : 0 (0%)
                  - error                     : 0 (0%)
                 covers                       : 0
                  - unreachable               : 0
                  - bounded_unreachable (user): 0
                  - covered                   : 0
                  - ar_covered                : 0
                  - undetermined              : 0
                  - unknown                   : 0
                  - error                     : 0
proven
[<embedded>] % save -jdb results/my_jdb_cache_s_compliance -capture_setup -capture_session_data -force
WARNING (WCD017): The switch "-jdb" has been deprecated.
INFO (IHT027): Saving to file "/home/zhenyu.lei/ShadowLogicArtifact/results/my_proj_cache_s_compliance/work/saveRestore/hunt/hunt.cfg".
/home/zhenyu.lei/ShadowLogicArtifact/results/my_jdb_cache_s_compliance
[<embedded>] % exit
INFO (IPL005): Received request to exit from the console.
INFO: Waiting for proof threads to stop...
INFO: Proof threads stopped.
INFO (IPL018): The peak resident set memory use for this session was 0.000 GB.
INFO (IPL014): Waiting for the Tcl-thread to exit.
INFO (IPL015): The Tcl-thread exited with status 0.
INFO (IPL016): Exiting the analysis session with status 0.
