2026-03-24 13:19:14.267102 (3332197) main____ INFO    ----------------------------------------
2026-03-24 13:19:14.267139 (3332197) main____ INFO    Jasper version info
2026-03-24 13:19:14.267144 (3332197) main____ INFO      tool      : Jasper 2025.06
2026-03-24 13:19:14.267148 (3332197) main____ INFO      version   : 2025.06 FCS 64 bits
2026-03-24 13:19:14.267151 (3332197) main____ INFO      build date: 2025.06.25 13:01:28 UTC
2026-03-24 13:19:14.267153 (3332197) main____ INFO    ----------------------------------------
2026-03-24 13:19:14.267155 (3332197) main____ INFO    Runtime info:
2026-03-24 13:19:14.267157 (3332197) main____ INFO      platform  : Linux 4.18.0-477.15.1.el8_8.x86_64 x86_64
2026-03-24 13:19:14.267162 (3332197) main____ INFO      hostname  : everest3.comp.nus.edu.sg
2026-03-24 13:19:14.267165 (3332197) main____ INFO      pid       : 3332197
2026-03-24 13:19:14.267168 (3332197) main____ INFO      arguments : '-style' 'windows' '-batch' '-proj' 'results/my_proj_ct_2copy_RF4_MEMI16_MEMD4_ROB4_CACHE1_PDOM_OPTMem' 'results/veri_ct_2copy_RF4_MEMI16_MEMD4_ROB4_CACHE1_PDOM_OPTMem.tcl'
2026-03-24 13:19:14.267171 (3332197) main____ INFO      locale    : UTF-8
2026-03-24 13:19:14.267173 (3332197) main____ INFO    ----------------------------------------
2026-03-24 13:19:14.267175 (3332197) main____ INFO    System resource limits info:
2026-03-24 13:19:14.267179 (3332197) main____ INFO      virtual memory: unlimited
2026-03-24 13:19:14.267181 (3332197) main____ INFO      cpu time      : unlimited
2026-03-24 13:19:14.267186 (3332197) main____ INFO      processes     : 3088331
2026-03-24 13:19:14.267193 (3332197) main____ INFO      stack size    : 12800000 B
2026-03-24 13:19:14.267197 (3332197) main____ INFO      core file size: 0 B
2026-03-24 13:19:14.267199 (3332197) main____ INFO      open files    : 262144
2026-03-24 13:19:14.267202 (3332197) main____ INFO      file size     : unlimited
2026-03-24 13:19:14.267204 (3332197) main____ INFO    ----------------------------------------
2026-03-24 13:19:14.267206 (3332197) main____ INFO    Memory statistics:
2026-03-24 13:19:14.267209 (3332197) main____ INFO      total physical memory  : 790648116 kB
2026-03-24 13:19:14.267212 (3332197) main____ INFO      free physical memory   : 757325224 kB
2026-03-24 13:19:14.267215 (3332197) main____ INFO      committed address space: 9516820 kB
2026-03-24 13:19:14.267217 (3332197) main____ INFO    ----------------------------------------
2026-03-24 13:19:14.267763 (3332197) main____ INFO    Important environment variables:
2026-03-24 13:19:14.267777 (3332197) main____ INFO      CDS_LIC_FILE       : '/opt/cadence/licenses/license.dat'
2026-03-24 13:19:14.267781 (3332197) main____ INFO      DISPLAY            : 'localhost:10.0'
2026-03-24 13:19:14.267783 (3332197) main____ INFO      JASPER_CPU_CHECK   : '1'
2026-03-24 13:19:14.267786 (3332197) main____ INFO      JASPER_INSTALL_DIR : '/opt/cadence/jasper_2025.06'
2026-03-24 13:19:14.267789 (3332197) main____ INFO      JASPER_KERNEL_CHECK: '1'
2026-03-24 13:19:14.267791 (3332197) main____ INFO      JASPER_OS_CHECK    : '1'
2026-03-24 13:19:14.267793 (3332197) main____ INFO      JASPER_PLATFORM    : 'Linux64'
2026-03-24 13:19:14.267796 (3332197) main____ INFO      LANG               : 'C.UTF-8'
2026-03-24 13:19:14.267798 (3332197) main____ INFO    ----------------------------------------
2026-03-24 13:19:14.267842 (3332197) lic_core INFO    Initializing license system ...
2026-03-24 13:19:14.415912 (3332211) lic_core INFO    [13:19:14.415641] Configured Lic search path (24.01-s003): /opt/cadence/licenses/license.dat
2026-03-24 13:19:14.422309 (3332197) lic_core INFO    ... license system initialized.
2026-03-24 13:19:14.422485 (3332197) lic__man INFO    Claim 'fpv' for <ui>.
2026-03-24 13:19:14.422511 (3332197) lic_core INFO    (1) checking out 'jasper_fpv' ...
2026-03-24 13:19:14.425901 (3332197) lic_core INFO    ... (1) checkout failed (error: -5) ("FLEXnet ERROR(-5, 0, 0): No such feature exists.")
2026-03-24 13:19:14.425924 (3332197) lic_core INFO    (2) checking out 'jasper_fao' ...
2026-03-24 13:19:14.432978 (3332197) lic_core INFO    ... (2) checkout succeeded
2026-03-24 13:19:14.475025 (3332197) session_ INFO    Starting analysis session with session id 'session_0' (launcher: <local>) ...
2026-03-24 13:19:14.477221 (3332197) session_ INFO    Analysis session with session id 'session_0' started (pid: 3332226)
2026-03-24 13:19:15.114426 (3332197) session_ INFO    Analysis session 'session_0' connected to the console (host: 127.0.0.1:39944)
2026-03-24 13:19:15.554908 (3332197) lic__man INFO    Unclaim everything for 'session_0'.
2026-03-24 13:19:15.603054 (3332197) lic__man INFO    Claim 'fpv' for 'session_0'.
2026-03-24 13:19:15.603083 (3332197) lic__man INFO    Claim 'fpv' for 'session_0/prove-0'.
2026-03-24 13:20:14.780138 (3332211) lic_core INFO    [13:20:14.255682] Periodic Lic check successful
2026-03-24 13:20:14.780175 (3332211) lic_core INFO      [13:20:14.779979] Feature usage summary:
2026-03-24 13:20:14.780180 (3332211) lic_core INFO      [13:20:14.779979] jasper_fao
2026-03-31 13:19:18.318170 (3332197) lic__man INFO    Unclaim everything for 'session_0/prove-0'.
2026-03-31 13:19:18.507953 (3332197) main____ INFO    About to exit: request to exit with status 0 received from analysis session 'session_0'
2026-03-31 13:19:18.604869 (3332197) session_ INFO    Analysis session 'session_0' disconnected.
2026-03-31 13:19:18.604978 (3332197) lic__man INFO    Unclaim everything for 'session_0'.
2026-03-31 13:19:18.605074 (3332197) session_ INFO    Process for analysis session 'session_0' has exited with exit status '0'.
2026-03-31 13:19:19.004108 (3332197) bridge__ INFO    jg_bridge has exited with exit status '0'.
2026-03-31 13:19:20.613107 (3332197) lic_core INFO    (2) checkin jasper_fao
2026-03-31 13:19:20.614062 (3332197) lic_core INFO    Lic Summary:
2026-03-31 13:19:20.614076 (3332197) lic_core INFO      [13:19:20.089698] Cdslmd servers:/opt/cadence/licenses/license.dat
2026-03-31 13:19:20.614079 (3332197) lic_core INFO      [13:19:20.613992] Feature usage summary:
2026-03-31 13:19:20.614082 (3332197) lic_core INFO      [13:19:20.613992] jasper_fao
2026-03-31 13:19:20.614175 (3332197) main____ INFO    Exiting with status 0.
