2026-03-24 02:03:46.307672 (3310447) main____ INFO    ----------------------------------------
2026-03-24 02:03:46.307709 (3310447) main____ INFO    Jasper version info
2026-03-24 02:03:46.307714 (3310447) main____ INFO      tool      : Jasper 2025.06
2026-03-24 02:03:46.307718 (3310447) main____ INFO      version   : 2025.06 FCS 64 bits
2026-03-24 02:03:46.307721 (3310447) main____ INFO      build date: 2025.06.25 13:01:28 UTC
2026-03-24 02:03:46.307726 (3310447) main____ INFO    ----------------------------------------
2026-03-24 02:03:46.307731 (3310447) main____ INFO    Runtime info:
2026-03-24 02:03:46.307733 (3310447) main____ INFO      platform  : Linux 4.18.0-477.15.1.el8_8.x86_64 x86_64
2026-03-24 02:03:46.307737 (3310447) main____ INFO      hostname  : everest3.comp.nus.edu.sg
2026-03-24 02:03:46.307741 (3310447) main____ INFO      pid       : 3310447
2026-03-24 02:03:46.307743 (3310447) main____ INFO      arguments : '-style' 'windows' '-batch' '-proj' 'results/my_proj_nofwd_ct_obsv0_cache_s' 'results/veri_nofwd_ct_obsv0_cache_s.tcl'
2026-03-24 02:03:46.307747 (3310447) main____ INFO      locale    : UTF-8
2026-03-24 02:03:46.307749 (3310447) main____ INFO    ----------------------------------------
2026-03-24 02:03:46.307751 (3310447) main____ INFO    System resource limits info:
2026-03-24 02:03:46.307754 (3310447) main____ INFO      virtual memory: unlimited
2026-03-24 02:03:46.307757 (3310447) main____ INFO      cpu time      : unlimited
2026-03-24 02:03:46.307762 (3310447) main____ INFO      processes     : 3088331
2026-03-24 02:03:46.307769 (3310447) main____ INFO      stack size    : 12800000 B
2026-03-24 02:03:46.307773 (3310447) main____ INFO      core file size: 0 B
2026-03-24 02:03:46.307776 (3310447) main____ INFO      open files    : 262144
2026-03-24 02:03:46.307779 (3310447) main____ INFO      file size     : unlimited
2026-03-24 02:03:46.307781 (3310447) main____ INFO    ----------------------------------------
2026-03-24 02:03:46.307783 (3310447) main____ INFO    Memory statistics:
2026-03-24 02:03:46.307786 (3310447) main____ INFO      total physical memory  : 790648116 kB
2026-03-24 02:03:46.307788 (3310447) main____ INFO      free physical memory   : 763606332 kB
2026-03-24 02:03:46.307792 (3310447) main____ INFO      committed address space: 3341724 kB
2026-03-24 02:03:46.307793 (3310447) main____ INFO    ----------------------------------------
2026-03-24 02:03:46.308336 (3310447) main____ INFO    Important environment variables:
2026-03-24 02:03:46.308346 (3310447) main____ INFO      CDS_LIC_FILE       : '/opt/cadence/licenses/license.dat'
2026-03-24 02:03:46.308350 (3310447) main____ INFO      DISPLAY            : 'localhost:10.0'
2026-03-24 02:03:46.308352 (3310447) main____ INFO      JASPER_CPU_CHECK   : '1'
2026-03-24 02:03:46.308355 (3310447) main____ INFO      JASPER_INSTALL_DIR : '/opt/cadence/jasper_2025.06'
2026-03-24 02:03:46.308357 (3310447) main____ INFO      JASPER_KERNEL_CHECK: '1'
2026-03-24 02:03:46.308360 (3310447) main____ INFO      JASPER_OS_CHECK    : '1'
2026-03-24 02:03:46.308362 (3310447) main____ INFO      JASPER_PLATFORM    : 'Linux64'
2026-03-24 02:03:46.308365 (3310447) main____ INFO      LANG               : 'C.UTF-8'
2026-03-24 02:03:46.308367 (3310447) main____ INFO    ----------------------------------------
2026-03-24 02:03:46.308413 (3310447) lic_core INFO    Initializing license system ...
2026-03-24 02:03:46.415873 (3310466) lic_core INFO    [02:03:46.415609] Configured Lic search path (24.01-s003): /opt/cadence/licenses/license.dat
2026-03-24 02:03:46.423307 (3310447) lic_core INFO    ... license system initialized.
2026-03-24 02:03:46.423473 (3310447) lic__man INFO    Claim 'fpv' for <ui>.
2026-03-24 02:03:46.423497 (3310447) lic_core INFO    (1) checking out 'jasper_fpv' ...
2026-03-24 02:03:46.427067 (3310447) lic_core INFO    ... (1) checkout failed (error: -5) ("FLEXnet ERROR(-5, 0, 0): No such feature exists.")
2026-03-24 02:03:46.427088 (3310447) lic_core INFO    (2) checking out 'jasper_fao' ...
2026-03-24 02:03:46.433931 (3310447) lic_core INFO    ... (2) checkout succeeded
2026-03-24 02:03:46.478272 (3310447) session_ INFO    Starting analysis session with session id 'session_0' (launcher: <local>) ...
2026-03-24 02:03:46.480522 (3310447) session_ INFO    Analysis session with session id 'session_0' started (pid: 3310480)
2026-03-24 02:03:47.108027 (3310447) session_ INFO    Analysis session 'session_0' connected to the console (host: 127.0.0.1:51680)
2026-03-24 02:03:47.555470 (3310447) lic__man INFO    Unclaim everything for 'session_0'.
2026-03-24 02:03:47.603912 (3310447) lic__man INFO    Claim 'fpv' for 'session_0'.
2026-03-24 02:03:47.603935 (3310447) lic__man INFO    Claim 'fpv' for 'session_0/prove-0'.
2026-03-24 02:04:46.772136 (3310466) lic_core INFO    [02:04:46.247683] Periodic Lic check successful
2026-03-24 02:04:46.772176 (3310466) lic_core INFO      [02:04:46.771977] Feature usage summary:
2026-03-24 02:04:46.772181 (3310466) lic_core INFO      [02:04:46.771977] jasper_fao
2026-03-24 02:07:14.972094 (3310447) lic__man INFO    Unclaim everything for 'session_0/prove-0'.
2026-03-24 02:07:15.204892 (3310447) main____ INFO    About to exit: request to exit with status 0 received from analysis session 'session_0'
2026-03-24 02:07:15.301850 (3310447) session_ INFO    Analysis session 'session_0' disconnected.
2026-03-24 02:07:15.301953 (3310447) lic__man INFO    Unclaim everything for 'session_0'.
2026-03-24 02:07:15.302043 (3310447) session_ INFO    Process for analysis session 'session_0' has exited with exit status '0'.
2026-03-24 02:07:15.729012 (3310447) bridge__ INFO    jg_bridge has exited with exit status '0'.
2026-03-24 02:07:17.229699 (3310447) lic_core INFO    (2) checkin jasper_fao
2026-03-24 02:07:17.230375 (3310447) lic_core INFO    Lic Summary:
2026-03-24 02:07:17.230387 (3310447) lic_core INFO      [02:07:17.230283] Cdslmd servers:/opt/cadence/licenses/license.dat
2026-03-24 02:07:17.230391 (3310447) lic_core INFO      [02:07:17.230289] Feature usage summary:
2026-03-24 02:07:17.230393 (3310447) lic_core INFO      [02:07:17.230289] jasper_fao
2026-03-24 02:07:17.230771 (3310447) main____ INFO    Exiting with status 0.
