Jasper Apps 2025.06 FCS 64 bits 2025.06.25 13:01:28 UTC

Any disclosure about the Cadence Design Systems software or its use
model to any third party violates the written Non-Disclosure Agreement
between Cadence Design Systems, Inc. and the customer.

THIS SOFTWARE CONTAINS CONFIDENTIAL INFORMATION AND TRADE SECRETS OF
CADENCE DESIGN SYSTEMS, INC. USE, DISCLOSURE, OR REPRODUCTION IS
PROHIBITED WITHOUT THE PRIOR EXPRESS WRITTEN PERMISSION OF CADENCE
DESIGN SYSTEMS, INC.

Copyright (C) 2000-2025 Cadence Design Systems, Inc. All Rights
Reserved.  Unpublished -- rights reserved under the copyright laws of
the United States.

This product includes software developed by others and redistributed
according to license agreement. See doc/third_party_readme.txt for
further details.

RESTRICTED RIGHTS LEGEND

Use, duplication, or disclosure by the Government is subject to
restrictions as set forth in subparagraph (c) (1) (ii) of the Rights in
Technical Data and Computer Software clause at DFARS 252.227-7013 or
subparagraphs (c) (1) and (2) of Commercial Computer Software -- Restricted
Rights at 48 CFR 52.227-19, as applicable.


                          Cadence Design Systems, Inc.
                          2655 Seely Avenue
                          San Jose, CA 95134
                          Phone: 408.943.1234

For technical assistance visit http://support.cadence.com.

Jasper Apps Analysis Session - /home/zhenyu.lei/ShadowLogicArtifact/results/my_proj_delay_ct_obsv0_ptci/sessionLogs/session_0

INFO: successfully checked out license "jasper_fao".
INFO: reading configuration file "/home/zhenyu.lei/.config/cadence/jasper.conf".
% # =============================================================================
% # Experiment 4: Delay_spectre + CT + OBSV_COMMITTED_ADDR + PTCI (C2)
% # =============================================================================
% # Delay_spectre prevents speculative loads from issuing entirely.
% # Expected result: PASS (even with C2 PTCI, no speculative memory access)
% # =============================================================================
% 
% analyze +define+RF_SIZE=4+RF_SIZE_LOG=2+MEMI_SIZE=16+MEMI_SIZE_LOG=4+MEMD_SIZE=4+MEMD_SIZE_LOG=2+ROB_SIZE=4+ROB_SIZE_LOG=2+BR_PREDICT=0+USE_DEFENSE_PARTIAL_DOM=+OBSV=0+INIT_VALUE=0+IMM_STALL= -sva ./src/simpleooo/two_copy_top_ct_ptci.v
[-- (VERI-1482)] Analyzing Verilog file '/opt/cadence/jasper_2025.06/lib/verilog/packages/std/std.sv' into library 'std'
[-- (VERI-1482)] Analyzing Verilog file './src/simpleooo/two_copy_top_ct_ptci.v'
[INFO (VERI-1328)] ./src/simpleooo/two_copy_top_ct_ptci.v(1): analyzing included file 'src/simpleooo/param.v'
[WARN (VERI-9001)] src/simpleooo/param.v(7): redefinition of command line macro RF_SIZE here ignored
[WARN (VERI-9001)] src/simpleooo/param.v(8): redefinition of command line macro RF_SIZE_LOG here ignored
[WARN (VERI-9001)] src/simpleooo/param.v(9): redefinition of command line macro MEMI_SIZE here ignored
[WARN (VERI-9001)] src/simpleooo/param.v(10): redefinition of command line macro MEMI_SIZE_LOG here ignored
[WARN (VERI-9001)] src/simpleooo/param.v(11): redefinition of command line macro MEMD_SIZE here ignored
[WARN (VERI-9001)] src/simpleooo/param.v(12): redefinition of command line macro MEMD_SIZE_LOG here ignored
[WARN (VERI-9001)] src/simpleooo/param.v(36): redefinition of command line macro ROB_SIZE here ignored
[WARN (VERI-9001)] src/simpleooo/param.v(37): redefinition of command line macro ROB_SIZE_LOG here ignored
[WARN (VERI-9001)] src/simpleooo/param.v(59): redefinition of command line macro BR_PREDICT here ignored
[WARN (VERI-9001)] src/simpleooo/param.v(101): redefinition of command line macro OBSV here ignored
[WARN (VERI-9001)] src/simpleooo/param.v(112): redefinition of command line macro INIT_VALUE here ignored
[WARN (VERI-9001)] src/simpleooo/param.v(115): redefinition of command line macro IMM_STALL here ignored
[INFO (VERI-1328)] ./src/simpleooo/two_copy_top_ct_ptci.v(3): analyzing included file 'src/simpleooo/decode.v'
[INFO (VERI-1328)] src/simpleooo/decode.v(3): analyzing included file 'src/simpleooo/param.v'
[INFO (VERI-1328)] ./src/simpleooo/two_copy_top_ct_ptci.v(4): analyzing included file 'src/simpleooo/execute.v'
[INFO (VERI-1328)] src/simpleooo/execute.v(3): analyzing included file 'src/simpleooo/param.v'
[INFO (VERI-1328)] ./src/simpleooo/two_copy_top_ct_ptci.v(5): analyzing included file 'src/simpleooo/param.v'
[INFO (VERI-1328)] ./src/simpleooo/two_copy_top_ct_ptci.v(6): analyzing included file 'src/simpleooo/rf.v'
[INFO (VERI-1328)] src/simpleooo/rf.v(3): analyzing included file 'src/simpleooo/param.v'
[INFO (VERI-1328)] ./src/simpleooo/two_copy_top_ct_ptci.v(7): analyzing included file 'src/simpleooo/memi.v'
[INFO (VERI-1328)] src/simpleooo/memi.v(3): analyzing included file 'src/simpleooo/param.v'
[INFO (VERI-1328)] ./src/simpleooo/two_copy_top_ct_ptci.v(9): analyzing included file 'src/simpleooo/cpu_ooo_ext_mem.v'
[INFO (VERI-1328)] src/simpleooo/cpu_ooo_ext_mem.v(3): analyzing included file 'src/simpleooo/param.v'
[INFO (VERI-1328)] src/simpleooo/cpu_ooo_ext_mem.v(5): analyzing included file 'src/simpleooo/decode.v'
[INFO (VERI-1328)] src/simpleooo/decode.v(3): analyzing included file 'src/simpleooo/param.v'
[WARN (VERI-1206)] src/simpleooo/decode.v(50): overwriting previous definition of module 'decode'
[INFO (VERI-2142)] src/simpleooo/decode.v(50): previous definition of module 'decode' is here
[INFO (VERI-1328)] src/simpleooo/cpu_ooo_ext_mem.v(6): analyzing included file 'src/simpleooo/execute.v'
[INFO (VERI-1328)] src/simpleooo/execute.v(3): analyzing included file 'src/simpleooo/param.v'
[WARN (VERI-1206)] src/simpleooo/execute.v(56): overwriting previous definition of module 'execute'
[INFO (VERI-2142)] src/simpleooo/execute.v(56): previous definition of module 'execute' is here
[INFO (VERI-1328)] src/simpleooo/cpu_ooo_ext_mem.v(8): analyzing included file 'src/simpleooo/param.v'
[INFO (VERI-1328)] src/simpleooo/cpu_ooo_ext_mem.v(9): analyzing included file 'src/simpleooo/rf.v'
[INFO (VERI-1328)] src/simpleooo/rf.v(3): analyzing included file 'src/simpleooo/param.v'
[WARN (VERI-1206)] src/simpleooo/rf.v(49): overwriting previous definition of module 'rf'
[INFO (VERI-2142)] src/simpleooo/rf.v(49): previous definition of module 'rf' is here
[INFO (VERI-1328)] src/simpleooo/cpu_ooo_ext_mem.v(10): analyzing included file 'src/simpleooo/memi.v'
[INFO (VERI-1328)] src/simpleooo/memi.v(3): analyzing included file 'src/simpleooo/param.v'
[WARN (VERI-1206)] src/simpleooo/memi.v(90): overwriting previous definition of module 'memi'
[INFO (VERI-2142)] src/simpleooo/memi.v(90): previous definition of module 'memi' is here
[INFO (VERI-2561)] src/simpleooo/cpu_ooo_ext_mem.v(137): undeclared symbol 'C_valid', assumed default net type 'wire'
[INFO (VERI-2561)] src/simpleooo/cpu_ooo_ext_mem.v(137): undeclared symbol 'C_wen', assumed default net type 'wire'
[INFO (VERI-2561)] src/simpleooo/cpu_ooo_ext_mem.v(137): undeclared symbol 'C_rd', assumed default net type 'wire'
[INFO (VERI-2561)] src/simpleooo/cpu_ooo_ext_mem.v(137): undeclared symbol 'C_rd_data', assumed default net type 'wire'
[WARN (VERI-2170)] src/simpleooo/cpu_ooo_ext_mem.v(147): data object 'F_next_pc' is already declared
[INFO (VERI-1967)] src/simpleooo/cpu_ooo_ext_mem.v(26): previous declaration of 'F_next_pc' is from here
[WARN (VERI-1329)] src/simpleooo/cpu_ooo_ext_mem.v(147): second declaration of 'F_next_pc' is ignored
[WARN (VERI-1362)] src/simpleooo/cpu_ooo_ext_mem.v(709): 'C_valid' is already implicitly declared on line 137
[WARN (VERI-1362)] src/simpleooo/cpu_ooo_ext_mem.v(721): 'C_wen' is already implicitly declared on line 137
[WARN (VERI-1362)] src/simpleooo/cpu_ooo_ext_mem.v(722): 'C_rd' is already implicitly declared on line 137
[WARN (VERI-1362)] src/simpleooo/cpu_ooo_ext_mem.v(723): 'C_rd_data' is already implicitly declared on line 137
[WARN (VERI-1875)] src/simpleooo/cpu_ooo_ext_mem.v(115): identifier 'C_squash' is used before its declaration
[WARN (VERI-1875)] src/simpleooo/cpu_ooo_ext_mem.v(115): identifier 'C_valid' is used before its declaration
[WARN (VERI-1875)] src/simpleooo/cpu_ooo_ext_mem.v(117): identifier 'ROB_full' is used before its declaration
[WARN (VERI-1875)] src/simpleooo/cpu_ooo_ext_mem.v(119): identifier 'ROB_tail' is used before its declaration
[WARN (VERI-1875)] src/simpleooo/cpu_ooo_ext_mem.v(121): identifier 'C_valid' is used before its declaration
[WARN (VERI-1875)] src/simpleooo/cpu_ooo_ext_mem.v(121): identifier 'C_is_br' is used before its declaration
[WARN (VERI-1875)] src/simpleooo/cpu_ooo_ext_mem.v(121): identifier 'ROB_head' is used before its declaration
[WARN (VERI-1875)] src/simpleooo/cpu_ooo_ext_mem.v(151): identifier 'C_is_br' is used before its declaration
[WARN (VERI-1875)] src/simpleooo/cpu_ooo_ext_mem.v(151): identifier 'C_taken' is used before its declaration
[WARN (VERI-1875)] src/simpleooo/cpu_ooo_ext_mem.v(160): identifier 'F_rs2_stall' is used before its declaration
[WARN (VERI-1875)] src/simpleooo/cpu_ooo_ext_mem.v(160): identifier 'F_rs2_data' is used before its declaration
[WARN (VERI-1875)] src/simpleooo/cpu_ooo_ext_mem.v(162): identifier 'F_rs2_stall' is used before its declaration
[WARN (VERI-1875)] src/simpleooo/cpu_ooo_ext_mem.v(162): identifier 'F_rs2_data' is used before its declaration
[WARN (VERI-1875)] src/simpleooo/cpu_ooo_ext_mem.v(164): identifier 'C_squash' is used before its declaration
[WARN (VERI-1875)] src/simpleooo/cpu_ooo_ext_mem.v(164): identifier 'C_next_pc' is used before its declaration
[WARN (VERI-1875)] src/simpleooo/cpu_ooo_ext_mem.v(165): identifier 'ROB_full' is used before its declaration
[WARN (VERI-1875)] src/simpleooo/cpu_ooo_ext_mem.v(199): identifier 'ROB_head' is used before its declaration
[WARN (VERI-1875)] src/simpleooo/cpu_ooo_ext_mem.v(200): identifier 'ROB_full' is used before its declaration
[WARN (VERI-1875)] src/simpleooo/cpu_ooo_ext_mem.v(204): identifier 'i' is used before its declaration
[WARN (VERI-1875)] src/simpleooo/cpu_ooo_ext_mem.v(204): identifier 'i' is used before its declaration
[WARN (VERI-1875)] src/simpleooo/cpu_ooo_ext_mem.v(204): identifier 'i' is used before its declaration
[WARN (VERI-1875)] src/simpleooo/cpu_ooo_ext_mem.v(204): identifier 'i' is used before its declaration
[WARN (VERI-1875)] src/simpleooo/cpu_ooo_ext_mem.v(205): identifier 'i' is used before its declaration
[WARN (VERI-1875)] src/simpleooo/cpu_ooo_ext_mem.v(213): identifier 'C_squash' is used before its declaration
[WARN (VERI-1875)] src/simpleooo/cpu_ooo_ext_mem.v(214): identifier 'i' is used before its declaration
[WARN (VERI-1875)] src/simpleooo/cpu_ooo_ext_mem.v(214): identifier 'i' is used before its declaration
[WARN (VERI-1875)] src/simpleooo/cpu_ooo_ext_mem.v(214): identifier 'i' is used before its declaration
[WARN (VERI-1875)] src/simpleooo/cpu_ooo_ext_mem.v(214): identifier 'i' is used before its declaration
[WARN (VERI-1875)] src/simpleooo/cpu_ooo_ext_mem.v(215): identifier 'i' is used before its declaration
[WARN (VERI-1875)] src/simpleooo/cpu_ooo_ext_mem.v(257): identifier 'ROB_full' is used before its declaration
[WARN (VERI-1875)] src/simpleooo/cpu_ooo_ext_mem.v(257): identifier 'ROB_tail' is used before its declaration
[WARN (VERI-1875)] src/simpleooo/cpu_ooo_ext_mem.v(285): identifier 'ROB_state' is used before its declaration
[WARN (VERI-1875)] src/simpleooo/cpu_ooo_ext_mem.v(288): identifier 'ROB_state' is used before its declaration
[WARN (VERI-1875)] src/simpleooo/cpu_ooo_ext_mem.v(293): identifier 'ROB_rd_data' is used before its declaration
[WARN (VERI-1875)] src/simpleooo/cpu_ooo_ext_mem.v(297): identifier 'ROB_rd_data' is used before its declaration
[WARN (VERI-1875)] src/simpleooo/cpu_ooo_ext_mem.v(430): identifier 'C_squash' is used before its declaration
[WARN (VERI-1875)] src/simpleooo/cpu_ooo_ext_mem.v(514): identifier 'ROB_exe_this_cycle' is used before its declaration
[WARN (VERI-1875)] src/simpleooo/cpu_ooo_ext_mem.v(515): identifier 'ROB_rd_data_wire' is used before its declaration
[WARN (VERI-1875)] src/simpleooo/cpu_ooo_ext_mem.v(516): identifier 'ROB_mem_addr_wire' is used before its declaration
[WARN (VERI-1875)] src/simpleooo/cpu_ooo_ext_mem.v(517): identifier 'ROB_mem_data_wire' is used before its declaration
[WARN (VERI-1875)] src/simpleooo/cpu_ooo_ext_mem.v(518): identifier 'ROB_taken_wire' is used before its declaration
[WARN (VERI-1875)] src/simpleooo/cpu_ooo_ext_mem.v(519): identifier 'ROB_next_pc_wire' is used before its declaration
[WARN (VERI-1875)] src/simpleooo/cpu_ooo_ext_mem.v(692): identifier 'C_mem_rdwt' is used before its declaration
[WARN (VERI-1875)] src/simpleooo/cpu_ooo_ext_mem.v(692): identifier 'C_mem_valid' is used before its declaration
[WARN (VERI-1875)] src/simpleooo/cpu_ooo_ext_mem.v(692): identifier 'C_squash' is used before its declaration
[WARN (VERI-1875)] src/simpleooo/cpu_ooo_ext_mem.v(692): identifier 'C_mem_addr' is used before its declaration
% 
% elaborate -top top -bbox_mul 256
INFO (ISW003): Top module name is "top".
[INFO (HIER-8002)] ./src/simpleooo/two_copy_top_ct_ptci.v(216): Disabling old hierarchical reference handler
[WARN (VERI-1927)] ./src/simpleooo/two_copy_top_ct_ptci.v(93): port 'dmem_req_valid' remains unconnected for this instance
[WARN (VERI-1927)] ./src/simpleooo/two_copy_top_ct_ptci.v(100): port 'dmem_req_valid' remains unconnected for this instance
[INFO (VERI-1018)] src/simpleooo/memi.v(5): compiling module 'memi'
[INFO (VERI-1018)] src/simpleooo/decode.v(5): compiling module 'decode'
[INFO (VERI-1018)] src/simpleooo/rf.v(5): compiling module 'rf'
[INFO (VERI-1018)] src/simpleooo/execute.v(5): compiling module 'execute'
[WARN (VERI-1209)] src/simpleooo/execute.v(43): expression size 32 truncated to fit in target size 2
[WARN (VERI-1209)] src/simpleooo/execute.v(53): expression size 32 truncated to fit in target size 4
[WARN (VERI-1209)] src/simpleooo/execute.v(54): expression size 32 truncated to fit in target size 4
[INFO (VERI-1018)] src/simpleooo/cpu_ooo_ext_mem.v(13): compiling module 'cpu_ooo_ext_mem'
[WARN (VERI-1209)] src/simpleooo/cpu_ooo_ext_mem.v(167): expression size 32 truncated to fit in target size 4
[WARN (VERI-1209)] src/simpleooo/cpu_ooo_ext_mem.v(484): expression size 32 truncated to fit in target size 2
[WARN (VERI-1209)] src/simpleooo/cpu_ooo_ext_mem.v(599): expression size 32 truncated to fit in target size 2
[WARN (VERI-1209)] src/simpleooo/cpu_ooo_ext_mem.v(663): expression size 32 truncated to fit in target size 2
[WARN (VERI-1209)] src/simpleooo/cpu_ooo_ext_mem.v(692): expression size 32 truncated to fit in target size 2
[INFO (VERI-1018)] ./src/simpleooo/two_copy_top_ct_ptci.v(21): compiling module 'top'
[WARN (VERI-1330)] ./src/simpleooo/two_copy_top_ct_ptci.v(89): actual bit length 32 differs from formal bit length 1 for port 'clk'
[WARN (VERI-8028)] ./src/simpleooo/two_copy_top_ct_ptci.v(88): missing/open ports on instance copy1 of module cpu_ooo_ext_mem
[WARN (VERI-1330)] ./src/simpleooo/two_copy_top_ct_ptci.v(96): actual bit length 32 differs from formal bit length 1 for port 'clk'
[WARN (VERI-8028)] ./src/simpleooo/two_copy_top_ct_ptci.v(95): missing/open ports on instance copy2 of module cpu_ooo_ext_mem
[INFO (VERI-8005)] ./src/simpleooo/two_copy_top_ct_ptci.v(84): Unintentional sequential element inferred for stall_1 read before write using blocking assignment
[INFO (VERI-8005)] ./src/simpleooo/two_copy_top_ct_ptci.v(84): Unintentional sequential element inferred for stall_2 read before write using blocking assignment
[INFO (VERI-8005)] ./src/simpleooo/two_copy_top_ct_ptci.v(84): Unintentional sequential element inferred for invalid_program read before write using blocking assignment
[WARN (VDB-1002)] ./src/simpleooo/two_copy_top_ct_ptci.v(67): net 'ptci_delay' does not have a driver
INFO (INL208): Elaboration synthesis summary:
  Number of synthesized netlists          6 (0 packages)
  Single run mode                         On
  Pipeline                                On (6 pipelined netlists)
  Late hierarchical reference connection  On
  Number of analyzed Verilog modules      6 (6 synthesized)
  Number of analyzed VHDL entities        0 (0 synthesized)
  Advanced Incremental run mode           Off
INFO (INL003): Clearing all state information (assumes, stopats, and so forth).
top
[<embedded>] % clock clk
[<embedded>] % reset rst -non_resettable_regs 0
WARNING (WRS016): The effects of "reset" options (such as "-non_resettable_regs", "-abstract_value") might not be reflected in the trace prefix.
    For message help, type "help -message WRS016".
INFO (IPM031): Clearing proof results of all properties.
INFO (IRS006): Current reset condition is "rst".
[<embedded>] % 
[<embedded>] % # Same program for both copies
[<embedded>] % abstract -init_value {copy1.memi_instance.array}
[<embedded>] % abstract -init_value {copy2.memi_instance.array}
[<embedded>] % assume {copy1.memi_instance.array == copy2.memi_instance.array}
INFO (IPM005): The name "<embedded>::assume:0" is assigned to assumption "copy1.memi_instance.array == copy2.memi_instance.array".
assume:0
[<embedded>] % 
[<embedded>] % # CT contract constraint
[<embedded>] % assume {invalid_program==0}
WARNING (WNL023): Expression sizes mismatch.
INFO (IPM005): The name "<embedded>::assume:1" is assigned to assumption "invalid_program==0".
assume:1
[<embedded>] % 
[<embedded>] % # Abstract memory: public entries same, secret (memd[1]) can differ
[<embedded>] % abstract -init_value {memd_1}
[<embedded>] % abstract -init_value {memd_2}
[<embedded>] % assume {init -> memd_1[0] == memd_2[0]}
INFO (IPM005): The name "<embedded>::assume:2" is assigned to assumption "init -> memd_1[0] == memd_2[0]".
assume:2
[<embedded>] % assume {init -> memd_1[2] == memd_2[2]}
INFO (IPM005): The name "<embedded>::assume:3" is assigned to assumption "init -> memd_1[2] == memd_2[2]".
assume:3
[<embedded>] % assume {init -> memd_1[3] == memd_2[3]}
INFO (IPM005): The name "<embedded>::assume:4" is assigned to assumption "init -> memd_1[3] == memd_2[3]".
assume:4
[<embedded>] % 
[<embedded>] % # Security property
[<embedded>] % assert {!((commit_deviation || addr_deviation) && finish_1 && finish_2 && !stall_1 && !stall_2)}
INFO (IPM004): The name "property:0" is assigned to assertion "!((commit_deviation || addr_deviation) && finish_1 && finish_2 && !stall_1 && !stall_2)".
property:0
[<embedded>] % 
[<embedded>] % # PTCI reachability covers
[<embedded>] % cover {sticky_dmem_addr}
INFO (IPM033): The name "cover:0" is assigned to cover "sticky_dmem_addr".
cover:0
[<embedded>] % cover {diff_dmem_addr}
INFO (IPM033): The name "cover:1" is assigned to cover "diff_dmem_addr".
cover:1
[<embedded>] % cover {allow_timing_diff}
INFO (IPM033): The name "cover:2" is assigned to cover "allow_timing_diff".
cover:2
[<embedded>] % cover {commit_deviation}
INFO (IPM033): The name "cover:3" is assigned to cover "commit_deviation".
cover:3
[<embedded>] % 
[<embedded>] % # Prove configuration (AM for unbounded proof)
[<embedded>] % set_prove_orchestration off
[<embedded>] % set_engine_mode {AM}
[<embedded>] % 
[<embedded>] % set_prove_time_limit 7d
[<embedded>] % 
[<embedded>] % prove -all
INFO (IPF036): Starting proof on task: "<embedded>", 5 properties to prove with 0 already proven/unreachable
INFO (IRS003): Setting non-resettable flop to value 0 during reset analysis.
INFO (IRS029): Starting reset analysis: phase 1 of 4.
INFO (IRS030): Running reset analysis: phase 2 of 4.
INFO (IRS031): Running reset analysis: phase 3 of 4.
INFO (IRS020): Starting the reset analysis simulation with a limit of 100 iterations (phase 4 of 4).
INFO (ISIM006): Running simulation: {mode = single, probe = all}.
INFO (IRS024): Reset iterations 0 to 4 analyzed.
INFO (ISIM008): Simulation is processing trace data. Total number of nets in analysis 3775.
INFO (IRS018): Reset analysis simulation executed for 3 iterations. Assigned values for 956 of 956 design flops, 0 of 0 design latches, 0 of 0 internal elements.
INFO (IRS039): Reset analysis complete.
INFO (IPF031): Settings used for proof thread 0:
    orchestration                      = off
    time_limit                         = 604800s
    per_property_time_limit            = 1s * 10 ^ scan
    engine_mode                        = AM 
    proofgrid_per_engine_max_jobs      = 1
    max engine jobs                    = AM, total 1
    proofgrid_mode                     = local
    proofgrid_restarts                 = 10
0: Using multistage preprocessing
0: Starting reduce
0: Finished reduce in 0.005s
0.0.PRE: Performing Proof Simplification...
0.0.AM: clocks: 3, declared: 1, looping: 0, posedge: 3, negedge: 0, noedge: 0, bothedge: 0
0.0.AM: Proof Simplification Iteration 1	[0.00 s]
0.0.AM: Proof Simplification Iteration 2	[0.00 s]
0.0.AM: Proof Simplification Iteration 3	[0.01 s]
0.0.AM: Proof Simplification Iteration 4	[0.01 s]
0.0.AM: Proof Simplification Iteration 5	[0.01 s]
0.0.PRE: Proof Simplification completed in 0.02 s
0.0.AM: Identified and disabled 1 duplicated target.
0: About to start ProofGrid in its own thread with a limit of 10000 pending notifications and a limit of 10 traces.
0: =============================== ProofGrid start ===============================
0: ProofGrid usable level: 4
0: Initial ProofGrid level: 1
0: Computed task hash in 0.00ss
0: ProofGrid is starting event handling
0.0.AM: Proofgrid shell started at 3254162@everest3.comp.nus.edu.sg(local) jg_3254094_everest3.comp.nus.edu.sg_1
0.0.AM: clocks: 1, declared: 1, looping: 0, posedge: 1, negedge: 0, noedge: 0, bothedge: 0
0.0.AM: Next scan (0) will use per property time limit: 1s * 10 ^ 0 = 1s
0.0.AM: Starting proof for property "property:0"	[0.00 s].
0.0.AM: Trace Attempt  1	[0.00 s]
0.0.AM: Trace Attempt  2	[0.00 s]
0.0.AM: Trace Attempt  3	[0.00 s]
0.0.AM: Trace Attempt  4	[0.00 s]
0.0.AM: Trace Attempt  5	[0.00 s]
0.0.AM: Trace Attempt 10	[0.32 s]
0.0.AM: Per property time limit expired (1.00 s) [1.04 s]
0.0.AM: Stopped processing property "property:0"	[1.04 s].
0.0.AM: Starting proof for property "cover:0"	[0.00 s].
0.0.AM: Starting proof for property "cover:2"	[0.00 s].
0.0.AM: Trace Attempt  1	[0.00 s]
0.0.AM: Trace Attempt  2	[0.00 s]
0.0.AM: Trace Attempt  3	[0.00 s]
0.0.AM: Trace Attempt  4	[0.00 s]
0.0.AM: Trace Attempt  5	[0.03 s]
0.0.AM: Trace Attempt  9	[0.81 s]
0.0.AM: Per property time limit expired (1.00 s) [1.01 s]
0.0.AM: Per property time limit expired (1.00 s) [1.01 s]
0.0.AM: Stopped processing property "cover:0"	[1.01 s].
0.0.AM: Stopped processing property "cover:2"	[1.01 s].
0.0.AM: Starting proof for property "cover:1"	[0.00 s].
0.0.AM: Trace Attempt  1	[0.00 s]
0.0.AM: Trace Attempt  2	[0.00 s]
0.0.AM: Trace Attempt  3	[0.00 s]
0.0.AM: Trace Attempt  4	[0.03 s]
0.0.AM: Trace Attempt  5	[0.03 s]
0.0.AM: Trace Attempt  8	[0.91 s]
0.0.AM: Per property time limit expired (1.00 s) [1.00 s]
0.0.AM: Stopped processing property "cover:1"	[1.00 s].
0.0.AM: Starting proof for property "cover:3"	[0.00 s].
0.0.AM: Trace Attempt  1	[0.00 s]
0.0.AM: Trace Attempt  2	[0.00 s]
0.0.AM: Trace Attempt  3	[0.00 s]
0.0.AM: Trace Attempt  4	[0.00 s]
0.0.AM: Trace Attempt  5	[0.00 s]
0.0.AM: Trace Attempt  9	[0.31 s]
0.0.AM: Per property time limit expired (1.00 s) [1.03 s]
0.0.AM: Stopped processing property "cover:3"	[1.03 s].
0.0.AM: Next scan (1) will use per property time limit: 1s * 10 ^ 1 = 10s
0.0.AM: Starting proof for property "property:0"	[0.00 s].
0.0.AM: Trace Attempt  1	[0.00 s]
0.0.AM: Trace Attempt  2	[0.00 s]
0.0.AM: Trace Attempt  3	[0.00 s]
0.0.AM: Trace Attempt  4	[0.00 s]
0.0.AM: Trace Attempt  5	[0.00 s]
0.0.AM: Trace Attempt 13	[4.37 s]
0.0.AM: Trace Attempt 14	[9.79 s]
0.0.AM: Per property time limit expired (10.00 s) [10.02 s]
0.0.AM: Stopped processing property "property:0"	[10.02 s].
0.0.AM: Starting proof for property "cover:0"	[0.00 s].
0.0.AM: Starting proof for property "cover:2"	[0.00 s].
0.0.AM: Trace Attempt  1	[0.00 s]
0.0.AM: Trace Attempt  2	[0.00 s]
0.0.AM: Trace Attempt  3	[0.00 s]
0.0.AM: Trace Attempt  4	[0.00 s]
0.0.AM: Trace Attempt  5	[0.03 s]
0.0.AM: Trace Attempt 10	[1.52 s]
0.0.AM: A trace with 10 cycles was found. [1.63 s]
INFO (IPF047): 0.0.AM: The cover property "cover:0" was covered in 10 cycles in 1.77 s.
INFO (IPF047): 0.0.AM: The cover property "cover:1" was covered in 9 cycles in 1.77 s by the incidental trace "cover:0".
INFO (IPF047): 0.0.AM: The cover property "cover:2" was covered in 10 cycles in 1.77 s.
0.0.AM: Stopped processing property "cover:0"	[1.77 s].
0.0.AM: Stopped processing property "cover:2"	[1.77 s].
0.0.AM: Starting proof for property "cover:3"	[0.00 s].
0.0.AM: Trace Attempt  1	[0.00 s]
0.0.AM: Trace Attempt  2	[0.00 s]
0.0.AM: Trace Attempt  3	[0.00 s]
0.0.AM: Trace Attempt  4	[0.00 s]
0.0.AM: Trace Attempt  5	[0.00 s]
0: ProofGrid usable level: 2
0.0.AM: Trace Attempt 12	[4.72 s]
0.0.AM: A trace with 12 cycles was found. [8.22 s]
INFO (IPF047): 0.0.AM: The cover property "cover:3" was covered in 12 cycles in 8.09 s.
0.0.AM: Stopped processing property "cover:3"	[8.09 s].
0.0.AM: Last scan. Per property time limit: 0s
0.0.AM: Starting proof for property "property:0"	[0.00 s].
0.0.AM: Trace Attempt  1	[0.00 s]
0.0.AM: Trace Attempt  2	[0.00 s]
0.0.AM: Trace Attempt  3	[0.00 s]
0.0.AM: Trace Attempt  4	[0.00 s]
0.0.AM: Trace Attempt  5	[0.00 s]
0: ProofGrid usable level: 1
0.0.AM: Trace Attempt 13	[4.38 s]
0.0.AM: Trace Attempt 14	[9.80 s]
0.0.AM: Trace Attempt 15	[22.84 s]
0.0.AM: Trace Attempt 16	[124.63 s]
0.0.AM: Trace Attempt  1	[185.12 s]
0.0.AM: Trace Attempt  2	[185.13 s]
0.0.AM: Trace Attempt  3	[185.13 s]
0.0.AM: Trace Attempt  4	[185.14 s]
0.0.AM: Trace Attempt  5	[185.23 s]
0.0.AM: Trace Attempt 11	[191.49 s]
0.0.AM: Trace Attempt 13	[201.02 s]
0.0.AM: Trace Attempt 14	[210.53 s]
0.0.AM: Trace Attempt 15	[232.80 s]
0.0.AM: Trace Attempt 16	[342.88 s]
0.0.AM: Trace Attempt 17	[1122.25 s]
0.0.AM: Trace Attempt 18	[2320.86 s]
0.0.AM: Trace Attempt 19	[3190.93 s]
0.0.AM: Trace Attempt 20	[3841.76 s]
0.0.AM: Trace Attempt 21	[4372.00 s]
0.0.AM: Trace Attempt 22	[4749.92 s]
0.0.AM: Trace Attempt 23	[5389.14 s]
0.0.AM: Trace Attempt 24	[6384.65 s]
0.0.AM: Trace Attempt 25	[6654.14 s]
0.0.AM: Trace Attempt 26	[6899.15 s]
