Jasper Apps 2025.06 FCS 64 bits 2025.06.25 13:01:28 UTC

Any disclosure about the Cadence Design Systems software or its use
model to any third party violates the written Non-Disclosure Agreement
between Cadence Design Systems, Inc. and the customer.

THIS SOFTWARE CONTAINS CONFIDENTIAL INFORMATION AND TRADE SECRETS OF
CADENCE DESIGN SYSTEMS, INC. USE, DISCLOSURE, OR REPRODUCTION IS
PROHIBITED WITHOUT THE PRIOR EXPRESS WRITTEN PERMISSION OF CADENCE
DESIGN SYSTEMS, INC.

Copyright (C) 2000-2025 Cadence Design Systems, Inc. All Rights
Reserved.  Unpublished -- rights reserved under the copyright laws of
the United States.

This product includes software developed by others and redistributed
according to license agreement. See doc/third_party_readme.txt for
further details.

RESTRICTED RIGHTS LEGEND

Use, duplication, or disclosure by the Government is subject to
restrictions as set forth in subparagraph (c) (1) (ii) of the Rights in
Technical Data and Computer Software clause at DFARS 252.227-7013 or
subparagraphs (c) (1) and (2) of Commercial Computer Software -- Restricted
Rights at 48 CFR 52.227-19, as applicable.


                          Cadence Design Systems, Inc.
                          2655 Seely Avenue
                          San Jose, CA 95134
                          Phone: 408.943.1234

For technical assistance visit http://support.cadence.com.

Jasper Apps Analysis Session - /home/zhenyu.lei/ShadowLogicArtifact/results/my_proj_cache_compliance/sessionLogs/session_0

INFO: successfully checked out license "jasper_fao".
INFO: reading configuration file "/home/zhenyu.lei/.config/cadence/jasper.conf".
% # =============================================================================
% # Experiment II: Cache Contract Compliance Verification
% # =============================================================================
% # II-a: Regular Cache C2 compliance → expected PASS
% # II-b: Regular Cache C1 compliance → expected FAIL
% # II-c: Cache-S C1 compliance       → expected PASS
% # =============================================================================
% 
% analyze +define+RF_SIZE=4+RF_SIZE_LOG=2+MEMI_SIZE=16+MEMI_SIZE_LOG=4+MEMD_SIZE=4+MEMD_SIZE_LOG=2+ROB_SIZE=4+ROB_SIZE_LOG=2 -sva ./src/simpleooo/cache_miter_c2.v
[-- (VERI-1482)] Analyzing Verilog file '/opt/cadence/jasper_2025.06/lib/verilog/packages/std/std.sv' into library 'std'
[-- (VERI-1482)] Analyzing Verilog file './src/simpleooo/cache_miter_c2.v'
[INFO (VERI-1328)] ./src/simpleooo/cache_miter_c2.v(1): analyzing included file 'src/simpleooo/param.v'
[WARN (VERI-9001)] src/simpleooo/param.v(7): redefinition of command line macro RF_SIZE here ignored
[WARN (VERI-9001)] src/simpleooo/param.v(8): redefinition of command line macro RF_SIZE_LOG here ignored
[WARN (VERI-9001)] src/simpleooo/param.v(9): redefinition of command line macro MEMI_SIZE here ignored
[WARN (VERI-9001)] src/simpleooo/param.v(10): redefinition of command line macro MEMI_SIZE_LOG here ignored
[WARN (VERI-9001)] src/simpleooo/param.v(11): redefinition of command line macro MEMD_SIZE here ignored
[WARN (VERI-9001)] src/simpleooo/param.v(12): redefinition of command line macro MEMD_SIZE_LOG here ignored
[WARN (VERI-9001)] src/simpleooo/param.v(36): redefinition of command line macro ROB_SIZE here ignored
[WARN (VERI-9001)] src/simpleooo/param.v(37): redefinition of command line macro ROB_SIZE_LOG here ignored
[INFO (VERI-1328)] ./src/simpleooo/cache_miter_c2.v(2): analyzing included file 'src/simpleooo/cache_regular.v'
[INFO (VERI-1328)] ./src/simpleooo/cache_miter_c2.v(3): analyzing included file 'src/simpleooo/cache_secure.v'
% 
% elaborate -top cache_compliance_top
INFO (ISW003): Top module name is "cache_compliance_top".
[INFO (HIER-8002)] ./src/simpleooo/cache_miter_c2.v(116): Disabling old hierarchical reference handler
[INFO (VERI-1018)] src/simpleooo/cache_regular.v(9): compiling module 'cache_regular'
[INFO (VERI-1018)] src/simpleooo/cache_secure.v(8): compiling module 'cache_secure'
[INFO (VERI-1018)] ./src/simpleooo/cache_miter_c2.v(15): compiling module 'cache_compliance_top'
[WARN (VDB-1002)] ./src/simpleooo/cache_miter_c2.v(23): net 'req_valid' does not have a driver
[WARN (VDB-1002)] ./src/simpleooo/cache_miter_c2.v(24): net 'addr_shared[1]' does not have a driver
[WARN (VDB-1002)] ./src/simpleooo/cache_miter_c2.v(25): net 'addr_1[1]' does not have a driver
[WARN (VDB-1002)] ./src/simpleooo/cache_miter_c2.v(25): net 'addr_2[1]' does not have a driver
[WARN (VDB-1002)] ./src/simpleooo/cache_miter_c2.v(28): net 'wr_valid' does not have a driver
[WARN (VDB-1002)] ./src/simpleooo/cache_miter_c2.v(29): net 'wr_addr_shared[1]' does not have a driver
[WARN (VDB-1002)] ./src/simpleooo/cache_miter_c2.v(30): net 'wdata_1[3]' does not have a driver
[WARN (VDB-1002)] ./src/simpleooo/cache_miter_c2.v(30): net 'wdata_2[3]' does not have a driver
INFO (INL208): Elaboration synthesis summary:
  Number of synthesized netlists          3 (0 packages)
  Single run mode                         On
  Pipeline                                On (3 pipelined netlists)
  Late hierarchical reference connection  On
  Number of analyzed Verilog modules      3 (3 synthesized)
  Number of analyzed VHDL entities        0 (0 synthesized)
  Advanced Incremental run mode           Off
INFO (INL003): Clearing all state information (assumes, stopats, and so forth).
cache_compliance_top
[<embedded>] % clock clk
[<embedded>] % reset rst -non_resettable_regs 0
WARNING (WRS016): The effects of "reset" options (such as "-non_resettable_regs", "-abstract_value") might not be reflected in the trace prefix.
    For message help, type "help -message WRS016".
INFO (IPM031): Clearing proof results of all properties.
INFO (IRS006): Current reset condition is "rst".
[<embedded>] % 
[<embedded>] % # Abstract all cache internal storage
[<embedded>] % abstract -init_value {reg_cache_c2_1.mem}
[<embedded>] % abstract -init_value {reg_cache_c2_2.mem}
[<embedded>] % abstract -init_value {reg_cache_c1_1.mem}
[<embedded>] % abstract -init_value {reg_cache_c1_2.mem}
[<embedded>] % abstract -init_value {sec_cache_c1_1.mem}
[<embedded>] % abstract -init_value {sec_cache_c1_2.mem}
[<embedded>] % 
[<embedded>] % # Abstract cache tags (initial cached_addr)
[<embedded>] % abstract -init_value {reg_cache_c2_1.cached_addr}
[<embedded>] % abstract -init_value {reg_cache_c2_2.cached_addr}
[<embedded>] % abstract -init_value {reg_cache_c1_1.cached_addr}
[<embedded>] % abstract -init_value {reg_cache_c1_2.cached_addr}
[<embedded>] % 
[<embedded>] % # C2 caches must have same initial cache state
[<embedded>] % assume {reg_cache_c2_1.cached_addr == reg_cache_c2_2.cached_addr}
INFO (IPM005): The name "<embedded>::assume:0" is assigned to assumption "reg_cache_c2_1.cached_addr == reg_cache_c2_2.cached_addr".
assume:0
[<embedded>] % 
[<embedded>] % # C1 caches must have same initial cache state
[<embedded>] % assume {reg_cache_c1_1.cached_addr == reg_cache_c1_2.cached_addr}
INFO (IPM005): The name "<embedded>::assume:1" is assigned to assumption "reg_cache_c1_1.cached_addr == reg_cache_c1_2.cached_addr".
assume:1
[<embedded>] % 
[<embedded>] % # II-a: Regular Cache satisfies C2 (wdata doesn't affect gnt)
[<embedded>] % assert -name c2_regular {c2_regular_pass}
c2_regular
[<embedded>] % 
[<embedded>] % # II-b: Regular Cache satisfies C1 (addr doesn't affect gnt) — expect FAIL
[<embedded>] % assert -name c1_regular {c1_regular_pass}
c1_regular
[<embedded>] % 
[<embedded>] % # II-c: Cache-S satisfies C1 (addr doesn't affect gnt) — expect PASS
[<embedded>] % assert -name c1_secure {c1_secure_pass}
c1_secure
[<embedded>] % 
[<embedded>] % # Prove
[<embedded>] % set_prove_orchestration off
[<embedded>] % set_engine_mode {AM}
[<embedded>] % set_prove_time_limit 1h
[<embedded>] % 
[<embedded>] % prove -all
INFO (IPF036): Starting proof on task: "<embedded>", 3 properties to prove with 0 already proven/unreachable
INFO (IRS003): Setting non-resettable flop to value 0 during reset analysis.
INFO (IRS029): Starting reset analysis: phase 1 of 4.
INFO (IRS030): Running reset analysis: phase 2 of 4.
INFO (IRS031): Running reset analysis: phase 3 of 4.
INFO (IRS020): Starting the reset analysis simulation with a limit of 100 iterations (phase 4 of 4).
INFO (ISIM006): Running simulation: {mode = single, probe = all}.
INFO (IRS024): Reset iterations 0 to 4 analyzed.
INFO (ISIM008): Simulation is processing trace data. Total number of nets in analysis 307.
INFO (IRS018): Reset analysis simulation executed for 3 iterations. Assigned values for 104 of 104 design flops, 0 of 0 design latches, 0 of 0 internal elements.
INFO (IRS039): Reset analysis complete.
INFO (IPF031): Settings used for proof thread 0:
    orchestration                      = off
    time_limit                         = 3600s
    per_property_time_limit            = 1s * 10 ^ scan
    engine_mode                        = AM 
    proofgrid_per_engine_max_jobs      = 1
    max engine jobs                    = AM, total 1
    proofgrid_mode                     = local
    proofgrid_restarts                 = 10
0.0.PRE: A proof was found: No trace exists. [0.00 s]
INFO (IPF057): 0.0.PRE: The property "c1_secure" was proven in 0.00 s.
0: Found proofs for 1 properties in preprocessing
0: Using multistage preprocessing
0: Starting reduce
0: Finished reduce in 0s
0.0.PRE: Performing Proof Simplification...
0.0.AM: clocks: 1, declared: 1, looping: 0, posedge: 1, negedge: 0, noedge: 0, bothedge: 0
0.0.AM: Proof Simplification Iteration 1	[0.00 s]
0.0.PRE: A proof was found: No trace exists. [0.00 s]
INFO (IPF057): 0.0.PRE: The property "c2_regular" was proven in 0.00 s.
0.0.AM: Proof Simplification Iteration 2	[0.00 s]
0.0.AM: Proof Simplification Iteration 3	[0.00 s]
0.0.AM: Proof Simplification Iteration 4	[0.00 s]
0.0.PRE: Proof Simplification completed in 0.00 s
0: About to start ProofGrid in its own thread with a limit of 10000 pending notifications and a limit of 10 traces.
0: =============================== ProofGrid start ===============================
0: ProofGrid usable level: 1
0: Initial ProofGrid level: 1
0: Computed task hash in 0.00ss
0: ProofGrid is starting event handling
0.0.AM: Proofgrid shell started at 3298519@everest3.comp.nus.edu.sg(local) jg_3298451_everest3.comp.nus.edu.sg_1
0.0.AM: clocks: 1, declared: 1, looping: 0, posedge: 1, negedge: 0, noedge: 0, bothedge: 0
0.0.AM: Last scan. Per property time limit: 0s
0.0.AM: Starting proof for property "c1_regular"	[0.00 s].
0.0.AM: Trace Attempt  1	[0.00 s]
0.0.AM: Requesting engine job to terminate
0.0.AM: A trace with 1 cycles was found. [0.00 s]
INFO (IPF055): 0.0.AM: A counterexample (cex) with 1 cycles was found for the property "c1_regular" in 0.08 s.
INFO (IPF144): 0: Initiating shutdown of proof [0.00 s]
0.0.AM: Stopped processing property "c1_regular"	[0.08 s].
0.0.AM: All properties determined. [0.00 s]
0.0.AM: Exited with Success (@ 0.00 s)
0: ProofGrid usable level: 0
0: --------------------------------------------------------------
ProofGrid Summary (utilization 0.75 %)
--------------------------------------------------------------
     engines started                               :     1
     engine jobs started                           :     1

    Average time in state (seconds)
    ------------------------------------------------------
    Engine  Pending     Running        Dead    Utilization
    ------------------------------------------------------
     AM        0.06        0.00        0.00        0.75 %
    all        0.06        0.00        0.00        0.75 %

    Total time in state (seconds)
    -----------------------------------------
            Pending     Running        Dead  
    -----------------------------------------
               0.06        0.00        0.00

    Data read    : 555.00 B
    Data written : 273.00 B

INFO (IPF180): 0: ProofGrid utilization: 0.75% slot-seconds: 0.00
0: All pending notifications were processed.
INFO (IPF059): 0: Completed proof on task: "<embedded>"

==============================================================
SUMMARY
==============================================================
           Properties Considered              : 3
                 assertions                   : 3
                  - proven                    : 2 (66.6667%)
                  - bounded_proven (user)     : 0 (0%)
                  - bounded_proven (auto)     : 0 (0%)
                  - marked_proven             : 0 (0%)
                  - cex                       : 1 (33.3333%)
                  - ar_cex                    : 0 (0%)
                  - undetermined              : 0 (0%)
                  - unknown                   : 0 (0%)
                  - error                     : 0 (0%)
                 covers                       : 0
                  - unreachable               : 0
                  - bounded_unreachable (user): 0
                  - covered                   : 0
                  - ar_covered                : 0
                  - undetermined              : 0
                  - unknown                   : 0
                  - error                     : 0
determined
[<embedded>] % save -jdb results/my_jdb_cache_compliance -capture_setup -capture_session_data -force
WARNING (WCD017): The switch "-jdb" has been deprecated.
INFO (IHT027): Saving to file "/home/zhenyu.lei/ShadowLogicArtifact/results/my_proj_cache_compliance/work/saveRestore/hunt/hunt.cfg".
/home/zhenyu.lei/ShadowLogicArtifact/results/my_jdb_cache_compliance
[<embedded>] % exit
[<embedded>] % INFO (IPL005): Received request to exit from the console.
INFO (IPL014): Waiting for the Tcl-thread to exit.
INFO: Waiting for proof threads to stop...
INFO: Proof threads stopped.
INFO (IPL018): The peak resident set memory use for this session was 0.432 GB.
INFO (IPL015): The Tcl-thread exited with status 0.
INFO (IPL016): Exiting the analysis session with status 0.

real	0m3.804s
user	0m1.198s
sys	0m0.299s
