# ----------------------------------------
# Jasper Version Info
# tool      : Jasper 2025.06
# platform  : Linux 4.18.0-477.15.1.el8_8.x86_64
# version   : 2025.06 FCS 64 bits
# build date: 2025.06.25 13:01:28 UTC
# ----------------------------------------
# started   : 2026-03-24 13:19:14 +08
# hostname  : everest3.comp.nus.edu.sg.(none)
# pid       : 3332226
# arguments : '-style' 'windows' '-label' 'session_0' '-console' '//127.0.0.1:37177' '-nowindow' '-exitonerror' '-data' 'AAABinicvZDNCoJQEIU/ozbRq1QY0apNv9QiNGkvFUKFYagFrYroQXsTO97AkPYNzJw5c85lLmMB/VuWZZiwXh+kb1GOnFfKk+W9hFD7ilVlgyYb1qRs2YnXxU/ERBzEHuoCEs6EciS0OXLFLxy+XqWqHWGkaa55TOkKF0yUc2x6BRsbxcNhaLoRA+VMmi3mSnfk8lVdVuoC7YPnzy8u4jH7v+xvmduE5mJvZ003ug==' '-bridge_url' '172.28.176.73:35771' '-proj' '/home/zhenyu.lei/ShadowLogicArtifact/results/my_proj_ct_2copy_RF4_MEMI16_MEMD4_ROB4_CACHE1_PDOM_OPTMem/sessionLogs/session_0' '-init' '-hidden' '/home/zhenyu.lei/ShadowLogicArtifact/results/my_proj_ct_2copy_RF4_MEMI16_MEMD4_ROB4_CACHE1_PDOM_OPTMem/.tmp/.initCmds.tcl' 'results/veri_ct_2copy_RF4_MEMI16_MEMD4_ROB4_CACHE1_PDOM_OPTMem.tcl' '-hidden' '/home/zhenyu.lei/ShadowLogicArtifact/results/my_proj_ct_2copy_RF4_MEMI16_MEMD4_ROB4_CACHE1_PDOM_OPTMem/.tmp/.postCmds.tcl'

Any disclosure about the Cadence Design Systems software or its use
model to any third party violates the written Non-Disclosure Agreement
between Cadence Design Systems, Inc. and the customer.

THIS SOFTWARE CONTAINS CONFIDENTIAL INFORMATION AND TRADE SECRETS OF
CADENCE DESIGN SYSTEMS, INC. USE, DISCLOSURE, OR REPRODUCTION IS
PROHIBITED WITHOUT THE PRIOR EXPRESS WRITTEN PERMISSION OF CADENCE
DESIGN SYSTEMS, INC.

Copyright (C) 2000-2025 Cadence Design Systems, Inc. All Rights
Reserved.  Unpublished -- rights reserved under the copyright laws of
the United States.

This product includes software developed by others and redistributed
according to license agreement. See doc/third_party_readme.txt for
further details.

RESTRICTED RIGHTS LEGEND

Use, duplication, or disclosure by the Government is subject to
restrictions as set forth in subparagraph (c) (1) (ii) of the Rights in
Technical Data and Computer Software clause at DFARS 252.227-7013 or
subparagraphs (c) (1) and (2) of Commercial Computer Software -- Restricted
Rights at 48 CFR 52.227-19, as applicable.


                          Cadence Design Systems, Inc.
                          2655 Seely Avenue
                          San Jose, CA 95134
                          Phone: 408.943.1234

For technical assistance visit http://support.cadence.com.

Jasper Apps Analysis Session - /home/zhenyu.lei/ShadowLogicArtifact/results/my_proj_ct_2copy_RF4_MEMI16_MEMD4_ROB4_CACHE1_PDOM_OPTMem/sessionLogs/session_0

INFO: successfully checked out license "jasper_fao".
INFO: reading configuration file "/home/zhenyu.lei/.config/cadence/jasper.conf".
% analyze +define+RF_SIZE=4+RF_SIZE_LOG=2+MEMI_SIZE=16+MEMI_SIZE_LOG=4+MEMD_SIZE=4+MEMD_SIZE_LOG=2+ROB_SIZE=4+ROB_SIZE_LOG=2+BR_PREDICT=0+USE_DEFENSE_PARTIAL_DOM=+USE_CACHE=+OBSV=1+INIT_VALUE=0 -sva ./src/simpleooo/two_copy_top_ct.v
[-- (VERI-1482)] Analyzing Verilog file '/opt/cadence/jasper_2025.06/lib/verilog/packages/std/std.sv' into library 'std'
[-- (VERI-1482)] Analyzing Verilog file './src/simpleooo/two_copy_top_ct.v'
[INFO (VERI-1328)] ./src/simpleooo/two_copy_top_ct.v(1): analyzing included file 'src/simpleooo/param.v'
[WARN (VERI-9001)] src/simpleooo/param.v(7): redefinition of command line macro RF_SIZE here ignored
[WARN (VERI-9001)] src/simpleooo/param.v(8): redefinition of command line macro RF_SIZE_LOG here ignored
[WARN (VERI-9001)] src/simpleooo/param.v(9): redefinition of command line macro MEMI_SIZE here ignored
[WARN (VERI-9001)] src/simpleooo/param.v(10): redefinition of command line macro MEMI_SIZE_LOG here ignored
[WARN (VERI-9001)] src/simpleooo/param.v(11): redefinition of command line macro MEMD_SIZE here ignored
[WARN (VERI-9001)] src/simpleooo/param.v(12): redefinition of command line macro MEMD_SIZE_LOG here ignored
[WARN (VERI-9001)] src/simpleooo/param.v(36): redefinition of command line macro ROB_SIZE here ignored
[WARN (VERI-9001)] src/simpleooo/param.v(37): redefinition of command line macro ROB_SIZE_LOG here ignored
[WARN (VERI-9001)] src/simpleooo/param.v(59): redefinition of command line macro BR_PREDICT here ignored
[WARN (VERI-9001)] src/simpleooo/param.v(101): redefinition of command line macro OBSV here ignored
[WARN (VERI-9001)] src/simpleooo/param.v(112): redefinition of command line macro INIT_VALUE here ignored
[INFO (VERI-1328)] ./src/simpleooo/two_copy_top_ct.v(3): analyzing included file 'src/simpleooo/cpu_ooo.v'
[INFO (VERI-1328)] src/simpleooo/cpu_ooo.v(3): analyzing included file 'src/simpleooo/param.v'
[INFO (VERI-1328)] src/simpleooo/cpu_ooo.v(5): analyzing included file 'src/simpleooo/decode.v'
[INFO (VERI-1328)] src/simpleooo/decode.v(3): analyzing included file 'src/simpleooo/param.v'
[INFO (VERI-1328)] src/simpleooo/cpu_ooo.v(6): analyzing included file 'src/simpleooo/execute.v'
[INFO (VERI-1328)] src/simpleooo/execute.v(3): analyzing included file 'src/simpleooo/param.v'
[INFO (VERI-1328)] src/simpleooo/cpu_ooo.v(8): analyzing included file 'src/simpleooo/param.v'
[INFO (VERI-1328)] src/simpleooo/cpu_ooo.v(9): analyzing included file 'src/simpleooo/rf.v'
[INFO (VERI-1328)] src/simpleooo/rf.v(3): analyzing included file 'src/simpleooo/param.v'
[INFO (VERI-1328)] src/simpleooo/cpu_ooo.v(10): analyzing included file 'src/simpleooo/memi.v'
[INFO (VERI-1328)] src/simpleooo/memi.v(3): analyzing included file 'src/simpleooo/param.v'
[INFO (VERI-2561)] src/simpleooo/cpu_ooo.v(131): undeclared symbol 'C_valid', assumed default net type 'wire'
[INFO (VERI-2561)] src/simpleooo/cpu_ooo.v(131): undeclared symbol 'C_wen', assumed default net type 'wire'
[INFO (VERI-2561)] src/simpleooo/cpu_ooo.v(131): undeclared symbol 'C_rd', assumed default net type 'wire'
[INFO (VERI-2561)] src/simpleooo/cpu_ooo.v(131): undeclared symbol 'C_rd_data', assumed default net type 'wire'
[WARN (VERI-2170)] src/simpleooo/cpu_ooo.v(141): data object 'F_next_pc' is already declared
[INFO (VERI-1967)] src/simpleooo/cpu_ooo.v(20): previous declaration of 'F_next_pc' is from here
[WARN (VERI-1329)] src/simpleooo/cpu_ooo.v(141): second declaration of 'F_next_pc' is ignored
[WARN (VERI-1362)] src/simpleooo/cpu_ooo.v(731): 'C_valid' is already implicitly declared on line 131
[WARN (VERI-1362)] src/simpleooo/cpu_ooo.v(743): 'C_wen' is already implicitly declared on line 131
[WARN (VERI-1362)] src/simpleooo/cpu_ooo.v(744): 'C_rd' is already implicitly declared on line 131
[WARN (VERI-1362)] src/simpleooo/cpu_ooo.v(745): 'C_rd_data' is already implicitly declared on line 131
[WARN (VERI-1875)] src/simpleooo/cpu_ooo.v(109): identifier 'C_squash' is used before its declaration
[WARN (VERI-1875)] src/simpleooo/cpu_ooo.v(109): identifier 'C_valid' is used before its declaration
[WARN (VERI-1875)] src/simpleooo/cpu_ooo.v(111): identifier 'ROB_full' is used before its declaration
[WARN (VERI-1875)] src/simpleooo/cpu_ooo.v(113): identifier 'ROB_tail' is used before its declaration
[WARN (VERI-1875)] src/simpleooo/cpu_ooo.v(115): identifier 'C_valid' is used before its declaration
[WARN (VERI-1875)] src/simpleooo/cpu_ooo.v(115): identifier 'C_is_br' is used before its declaration
[WARN (VERI-1875)] src/simpleooo/cpu_ooo.v(115): identifier 'ROB_head' is used before its declaration
[WARN (VERI-1875)] src/simpleooo/cpu_ooo.v(145): identifier 'C_is_br' is used before its declaration
[WARN (VERI-1875)] src/simpleooo/cpu_ooo.v(145): identifier 'C_taken' is used before its declaration
[WARN (VERI-1875)] src/simpleooo/cpu_ooo.v(154): identifier 'F_rs2_stall' is used before its declaration
[WARN (VERI-1875)] src/simpleooo/cpu_ooo.v(154): identifier 'F_rs2_data' is used before its declaration
[WARN (VERI-1875)] src/simpleooo/cpu_ooo.v(156): identifier 'F_rs2_stall' is used before its declaration
[WARN (VERI-1875)] src/simpleooo/cpu_ooo.v(156): identifier 'F_rs2_data' is used before its declaration
[WARN (VERI-1875)] src/simpleooo/cpu_ooo.v(158): identifier 'C_squash' is used before its declaration
[WARN (VERI-1875)] src/simpleooo/cpu_ooo.v(158): identifier 'C_next_pc' is used before its declaration
[WARN (VERI-1875)] src/simpleooo/cpu_ooo.v(159): identifier 'ROB_full' is used before its declaration
[WARN (VERI-1875)] src/simpleooo/cpu_ooo.v(193): identifier 'ROB_head' is used before its declaration
[WARN (VERI-1875)] src/simpleooo/cpu_ooo.v(194): identifier 'ROB_full' is used before its declaration
[WARN (VERI-1875)] src/simpleooo/cpu_ooo.v(198): identifier 'i' is used before its declaration
[WARN (VERI-1875)] src/simpleooo/cpu_ooo.v(198): identifier 'i' is used before its declaration
[WARN (VERI-1875)] src/simpleooo/cpu_ooo.v(198): identifier 'i' is used before its declaration
[WARN (VERI-1875)] src/simpleooo/cpu_ooo.v(198): identifier 'i' is used before its declaration
[WARN (VERI-1875)] src/simpleooo/cpu_ooo.v(199): identifier 'i' is used before its declaration
[WARN (VERI-1875)] src/simpleooo/cpu_ooo.v(207): identifier 'C_squash' is used before its declaration
[WARN (VERI-1875)] src/simpleooo/cpu_ooo.v(208): identifier 'i' is used before its declaration
[WARN (VERI-1875)] src/simpleooo/cpu_ooo.v(208): identifier 'i' is used before its declaration
[WARN (VERI-1875)] src/simpleooo/cpu_ooo.v(208): identifier 'i' is used before its declaration
[WARN (VERI-1875)] src/simpleooo/cpu_ooo.v(208): identifier 'i' is used before its declaration
[WARN (VERI-1875)] src/simpleooo/cpu_ooo.v(209): identifier 'i' is used before its declaration
[WARN (VERI-1875)] src/simpleooo/cpu_ooo.v(251): identifier 'ROB_full' is used before its declaration
[WARN (VERI-1875)] src/simpleooo/cpu_ooo.v(251): identifier 'ROB_tail' is used before its declaration
[WARN (VERI-1875)] src/simpleooo/cpu_ooo.v(279): identifier 'ROB_state' is used before its declaration
[WARN (VERI-1875)] src/simpleooo/cpu_ooo.v(282): identifier 'ROB_state' is used before its declaration
[WARN (VERI-1875)] src/simpleooo/cpu_ooo.v(287): identifier 'ROB_rd_data' is used before its declaration
[WARN (VERI-1875)] src/simpleooo/cpu_ooo.v(291): identifier 'ROB_rd_data' is used before its declaration
[WARN (VERI-1875)] src/simpleooo/cpu_ooo.v(428): identifier 'C_squash' is used before its declaration
[WARN (VERI-1875)] src/simpleooo/cpu_ooo.v(511): identifier 'ROB_exe_this_cycle' is used before its declaration
[WARN (VERI-1875)] src/simpleooo/cpu_ooo.v(512): identifier 'ROB_rd_data_wire' is used before its declaration
[WARN (VERI-1875)] src/simpleooo/cpu_ooo.v(513): identifier 'ROB_mem_addr_wire' is used before its declaration
[WARN (VERI-1875)] src/simpleooo/cpu_ooo.v(514): identifier 'ROB_mem_data_wire' is used before its declaration
[WARN (VERI-1875)] src/simpleooo/cpu_ooo.v(515): identifier 'ROB_taken_wire' is used before its declaration
[WARN (VERI-1875)] src/simpleooo/cpu_ooo.v(516): identifier 'ROB_next_pc_wire' is used before its declaration
[WARN (VERI-1875)] src/simpleooo/cpu_ooo.v(519): identifier 'ROB_mem_addr_wire' is used before its declaration
[WARN (VERI-1875)] src/simpleooo/cpu_ooo.v(697): identifier 'C_mem_rdwt' is used before its declaration
[WARN (VERI-1875)] src/simpleooo/cpu_ooo.v(697): identifier 'C_mem_valid' is used before its declaration
[WARN (VERI-1875)] src/simpleooo/cpu_ooo.v(697): identifier 'C_squash' is used before its declaration
[WARN (VERI-1875)] src/simpleooo/cpu_ooo.v(697): identifier 'C_mem_addr' is used before its declaration
% 
% elaborate -top top -bbox_mul 256
INFO (ISW003): Top module name is "top".
[INFO (HIER-8002)] ./src/simpleooo/two_copy_top_ct.v(152): Disabling old hierarchical reference handler
[INFO (VERI-1018)] src/simpleooo/memi.v(5): compiling module 'memi'
[INFO (VERI-1018)] src/simpleooo/decode.v(5): compiling module 'decode'
[INFO (VERI-1018)] src/simpleooo/rf.v(5): compiling module 'rf'
[INFO (VERI-1018)] src/simpleooo/execute.v(5): compiling module 'execute'
[WARN (VERI-1209)] src/simpleooo/execute.v(43): expression size 32 truncated to fit in target size 2
[WARN (VERI-1209)] src/simpleooo/execute.v(53): expression size 32 truncated to fit in target size 4
[WARN (VERI-1209)] src/simpleooo/execute.v(54): expression size 32 truncated to fit in target size 4
[INFO (VERI-1018)] src/simpleooo/cpu_ooo.v(13): compiling module 'cpu_ooo'
[WARN (VERI-1209)] src/simpleooo/cpu_ooo.v(161): expression size 32 truncated to fit in target size 4
[WARN (VERI-1209)] src/simpleooo/cpu_ooo.v(482): expression size 32 truncated to fit in target size 2
[WARN (VERI-1209)] src/simpleooo/cpu_ooo.v(606): expression size 32 truncated to fit in target size 2
[WARN (VERI-1209)] src/simpleooo/cpu_ooo.v(670): expression size 32 truncated to fit in target size 2
[WARN (VERI-1209)] src/simpleooo/cpu_ooo.v(702): expression size 32 truncated to fit in target size 2
[INFO (VERI-1018)] ./src/simpleooo/two_copy_top_ct.v(5): compiling module 'top'
[WARN (VERI-1330)] ./src/simpleooo/two_copy_top_ct.v(25): actual bit length 32 differs from formal bit length 1 for port 'clk'
[WARN (VERI-1330)] ./src/simpleooo/two_copy_top_ct.v(26): actual bit length 32 differs from formal bit length 1 for port 'clk'
[INFO (VERI-8005)] ./src/simpleooo/two_copy_top_ct.v(20): Unintentional sequential element inferred for stall_1 read before write using blocking assignment
[INFO (VERI-8005)] ./src/simpleooo/two_copy_top_ct.v(20): Unintentional sequential element inferred for stall_2 read before write using blocking assignment
[INFO (VERI-8005)] ./src/simpleooo/two_copy_top_ct.v(20): Unintentional sequential element inferred for invalid_program read before write using blocking assignment
INFO (INL208): Elaboration synthesis summary:
  Number of synthesized netlists          6 (0 packages)
  Single run mode                         On
  Pipeline                                On (6 pipelined netlists)
  Late hierarchical reference connection  On
  Number of analyzed Verilog modules      6 (6 synthesized)
  Number of analyzed VHDL entities        0 (0 synthesized)
  Advanced Incremental run mode           Off
INFO (INL003): Clearing all state information (assumes, stopats, and so forth).
top
[<embedded>] % clock clk
[<embedded>] % reset rst -non_resettable_regs 0
WARNING (WRS016): The effects of "reset" options (such as "-non_resettable_regs", "-abstract_value") might not be reflected in the trace prefix.
    For message help, type "help -message WRS016".
INFO (IPM031): Clearing proof results of all properties.
INFO (IRS006): Current reset condition is "rst".
[<embedded>] % 
[<embedded>] % abstract -init_value {copy1.memi_instance.array}
[<embedded>] % abstract -init_value {copy2.memi_instance.array}
[<embedded>] % assume {copy1.memi_instance.array == copy2.memi_instance.array}
INFO (IPM005): The name "<embedded>::assume:0" is assigned to assumption "copy1.memi_instance.array == copy2.memi_instance.array".
assume:0
[<embedded>] % 
[<embedded>] % assume {invalid_program==0}
WARNING (WNL023): Expression sizes mismatch.
INFO (IPM005): The name "<embedded>::assume:1" is assigned to assumption "invalid_program==0".
assume:1
[<embedded>] % 
[<embedded>] % abstract -init_value {copy1.memd}
[<embedded>] % abstract -init_value {copy2.memd}
[<embedded>] % assume {init -> copy1.memd[0] == copy2.memd[0]}
INFO (IPM005): The name "<embedded>::assume:2" is assigned to assumption "init -> copy1.memd[0] == copy2.memd[0]".
assume:2
[<embedded>] % assume {init -> copy1.memd[2] == copy2.memd[2]}
INFO (IPM005): The name "<embedded>::assume:3" is assigned to assumption "init -> copy1.memd[2] == copy2.memd[2]".
assume:3
[<embedded>] % assume {init -> copy1.memd[3] == copy2.memd[3]}
INFO (IPM005): The name "<embedded>::assume:4" is assigned to assumption "init -> copy1.memd[3] == copy2.memd[3]".
assume:4
[<embedded>] % 
[<embedded>] % abstract -init_value {copy1.cached_addr}
[<embedded>] % abstract -init_value {copy2.cached_addr}
[<embedded>] % assume {init -> copy1.cached_addr == copy2.cached_addr}
INFO (IPM005): The name "<embedded>::assume:5" is assigned to assumption "init -> copy1.cached_addr == copy2.cached_addr".
assume:5
[<embedded>] % assert {!((commit_deviation || addr_deviation) && finish_1 && finish_2 && !stall_1 && !stall_2)}
INFO (IPM004): The name "property:0" is assigned to assertion "!((commit_deviation || addr_deviation) && finish_1 && finish_2 && !stall_1 && !stall_2)".
property:0
[<embedded>] % 
[<embedded>] % set_prove_orchestration off
[<embedded>] % set_engine_mode {AM}
[<embedded>] % 
[<embedded>] % set_prove_time_limit 7d
[<embedded>] % 
[<embedded>] % prove -all
INFO (IPF036): Starting proof on task: "<embedded>", 1 properties to prove with 0 already proven/unreachable
INFO (IRS003): Setting non-resettable flop to value 0 during reset analysis.
INFO (IRS029): Starting reset analysis: phase 1 of 4.
INFO (IRS030): Running reset analysis: phase 2 of 4.
INFO (IRS031): Running reset analysis: phase 3 of 4.
INFO (IRS020): Starting the reset analysis simulation with a limit of 100 iterations (phase 4 of 4).
INFO (ISIM006): Running simulation: {mode = single, probe = all}.
INFO (IRS024): Reset iterations 0 to 4 analyzed.
INFO (ISIM008): Simulation is processing trace data. Total number of nets in analysis 3807.
INFO (IRS018): Reset analysis simulation executed for 3 iterations. Assigned values for 960 of 960 design flops, 0 of 0 design latches, 0 of 0 internal elements.
INFO (IRS039): Reset analysis complete.
INFO (IPF031): Settings used for proof thread 0:
    orchestration                      = off
    time_limit                         = 604800s
    per_property_time_limit            = 1s * 10 ^ scan
    engine_mode                        = AM 
    proofgrid_per_engine_max_jobs      = 1
    max engine jobs                    = AM, total 1
    proofgrid_mode                     = local
    proofgrid_restarts                 = 10
0: Using multistage preprocessing
0: Starting reduce
0: Finished reduce in 0.005s
0.0.PRE: Performing Proof Simplification...
0.0.AM: clocks: 3, declared: 1, looping: 0, posedge: 3, negedge: 0, noedge: 0, bothedge: 0
0.0.AM: Proof Simplification Iteration 1	[0.00 s]
0.0.AM: Proof Simplification Iteration 2	[0.00 s]
0.0.AM: Proof Simplification Iteration 3	[0.01 s]
0.0.AM: Proof Simplification Iteration 4	[0.01 s]
0.0.AM: Proof Simplification Iteration 5	[0.01 s]
0.0.PRE: Proof Simplification completed in 0.02 s
0: About to start ProofGrid in its own thread with a limit of 10000 pending notifications and a limit of 10 traces.
0: =============================== ProofGrid start ===============================
0: ProofGrid usable level: 1
0: Initial ProofGrid level: 1
0: Computed task hash in 0.00ss
0: ProofGrid is starting event handling
0.0.AM: Proofgrid shell started at 3332296@everest3.comp.nus.edu.sg(local) jg_3332226_everest3.comp.nus.edu.sg_1
0.0.AM: clocks: 1, declared: 1, looping: 0, posedge: 1, negedge: 0, noedge: 0, bothedge: 0
0.0.AM: Last scan. Per property time limit: 0s
0.0.AM: Starting proof for property "property:0"	[0.00 s].
0.0.AM: Trace Attempt  1	[0.00 s]
0.0.AM: Trace Attempt  2	[0.00 s]
0.0.AM: Trace Attempt  3	[0.00 s]
0.0.AM: Trace Attempt  4	[0.00 s]
0.0.AM: Trace Attempt  5	[0.00 s]
0.0.AM: Trace Attempt 13	[7.17 s]
0.0.AM: Trace Attempt 14	[17.00 s]
0.0.AM: Trace Attempt 15	[48.92 s]
0.0.AM: Trace Attempt  1	[111.83 s]
0.0.AM: Trace Attempt  2	[111.84 s]
0.0.AM: Trace Attempt  3	[111.85 s]
0.0.AM: Trace Attempt  4	[111.86 s]
0.0.AM: Trace Attempt  5	[111.88 s]
0.0.AM: Trace Attempt  9	[116.93 s]
0.0.AM: Trace Attempt 10	[122.87 s]
0.0.AM: Trace Attempt 11	[129.58 s]
0.0.AM: Trace Attempt 12	[224.41 s]
0.0.AM: Trace Attempt 13	[843.70 s]
0.0.AM: Trace Attempt 14	[15417.07 s]
0.0.AM: Trace Attempt 15	[156458.33 s]
0.0.AM: Trace Attempt 16	[519035.63 s]
INFO (IPF144): 0: Initiating shutdown of proof [604800.45 s]
0.0.AM: Requesting engine job to terminate
0.0.AM: Sending SIGKILL
0.0.AM: Stopped processing property "property:0"	[604802.57 s].
0.0.AM: Terminated by signal SIGKILL (@ 604802.57 s)
0: ProofGrid usable level: 0
0: --------------------------------------------------------------
ProofGrid Summary (utilization 100.00 %)
--------------------------------------------------------------
     engines started                               :     1
     engine jobs started                           :     1
     jobs terminated without termination cause     :     1
       (0.AM)
     no jobs delivered termination cause
     jobs where 1 minute load exceeded core count  :     1
     jobs where 5 minute load exceeded core count  :     1
     jobs where 15 minute load exceeded core count :     1

    Average time in state (seconds)
    ------------------------------------------------------
    Engine  Pending     Running        Dead    Utilization
    ------------------------------------------------------
     AM        0.06   604800.46        0.00      100.00 %
    all        0.06   604800.46        0.00      100.00 %

    Total time in state (seconds)
    -----------------------------------------
            Pending     Running        Dead  
    -----------------------------------------
               0.06   604800.46        0.00

    Data read    : 4.60 MiB
    Data written : 118.43 kiB

INFO (IPF180): 0: ProofGrid utilization: 100.00% slot-seconds: 604800.46
0: All pending notifications were processed.
----------------------------------------
| INFO (ICD005): 0: The proof thread was terminated because of a time_limit expiration.
|     The current limit is 604800 seconds.
|     Modify it with the "-time_limit" switch or "set_prove_time_limit" command.
----------------------------------------
INFO (IPF059): 0: Completed proof on task: "<embedded>"

==============================================================
SUMMARY
==============================================================
           Properties Considered              : 1
                 assertions                   : 1
                  - proven                    : 0 (0%)
                  - bounded_proven (user)     : 0 (0%)
                  - bounded_proven (auto)     : 0 (0%)
                  - marked_proven             : 0 (0%)
                  - cex                       : 0 (0%)
                  - ar_cex                    : 0 (0%)
                  - undetermined              : 1 (100%)
                  - unknown                   : 0 (0%)
                  - error                     : 0 (0%)
                 covers                       : 0
                  - unreachable               : 0
                  - bounded_unreachable (user): 0
                  - covered                   : 0
                  - ar_covered                : 0
                  - undetermined              : 0
                  - unknown                   : 0
                  - error                     : 0
time_limit
[<embedded>] % save -jdb results/my_jdb_ct_2copy_RF4_MEMI16_MEMD4_ROB4_CACHE1_PDOM_OPTMem -capture_setup -capture_session_data
WARNING (WCD017): The switch "-jdb" has been deprecated.
INFO (IHT027): Saving to file "/home/zhenyu.lei/ShadowLogicArtifact/results/my_proj_ct_2copy_RF4_MEMI16_MEMD4_ROB4_CACHE1_PDOM_OPTMem/work/saveRestore/hunt/hunt.cfg".
/home/zhenyu.lei/ShadowLogicArtifact/results/my_jdb_ct_2copy_RF4_MEMI16_MEMD4_ROB4_CACHE1_PDOM_OPTMem
[<embedded>] % get_design_info
Statistics [for instance "top"]
--------------------------
# Flops:         230 (960) (0 property flop bits)
# Latches:       0 (0)
# Gates:         1841 (13744)
# Nets:          2158
# Ports:         2
# RTL Lines:     1883
# RTL Instances: 11
# Embedded Assumptions: 0
# Embedded Assertions:  0
# Embedded Covers:      0
960
[<embedded>] % exit
INFO (IPL005): Received request to exit from the console.
INFO: Waiting for proof threads to stop...
INFO: Proof threads stopped.
INFO (IPL018): The peak resident set memory use for this session was 3.259 GB.
INFO (IPL014): Waiting for the Tcl-thread to exit.
INFO (IPL015): The Tcl-thread exited with status 0.
INFO (IPL016): Exiting the analysis session with status 0.
