2026-03-23 17:19:41.605114 (3230452) main____ INFO    ----------------------------------------
2026-03-23 17:19:41.605149 (3230452) main____ INFO    Jasper version info
2026-03-23 17:19:41.605154 (3230452) main____ INFO      tool      : Jasper 2025.06
2026-03-23 17:19:41.605159 (3230452) main____ INFO      version   : 2025.06 FCS 64 bits
2026-03-23 17:19:41.605162 (3230452) main____ INFO      build date: 2025.06.25 13:01:28 UTC
2026-03-23 17:19:41.605164 (3230452) main____ INFO    ----------------------------------------
2026-03-23 17:19:41.605166 (3230452) main____ INFO    Runtime info:
2026-03-23 17:19:41.605168 (3230452) main____ INFO      platform  : Linux 4.18.0-477.15.1.el8_8.x86_64 x86_64
2026-03-23 17:19:41.605172 (3230452) main____ INFO      hostname  : everest3.comp.nus.edu.sg
2026-03-23 17:19:41.605176 (3230452) main____ INFO      pid       : 3230452
2026-03-23 17:19:41.605178 (3230452) main____ INFO      arguments : '-style' 'windows' '-batch' '-proj' 'results/my_proj_ct_2copy_RF4_MEMI16_MEMD4_ROB4_CACHE0_PSTT_USESPEC_OPTMem' 'results/veri_ct_2copy_RF4_MEMI16_MEMD4_ROB4_CACHE0_PSTT_USESPEC_OPTMem.tcl'
2026-03-23 17:19:41.605182 (3230452) main____ INFO      locale    : UTF-8
2026-03-23 17:19:41.605184 (3230452) main____ INFO    ----------------------------------------
2026-03-23 17:19:41.605186 (3230452) main____ INFO    System resource limits info:
2026-03-23 17:19:41.605189 (3230452) main____ INFO      virtual memory: unlimited
2026-03-23 17:19:41.605192 (3230452) main____ INFO      cpu time      : unlimited
2026-03-23 17:19:41.605197 (3230452) main____ INFO      processes     : 3088331
2026-03-23 17:19:41.605203 (3230452) main____ INFO      stack size    : 12800000 B
2026-03-23 17:19:41.605207 (3230452) main____ INFO      core file size: 0 B
2026-03-23 17:19:41.605210 (3230452) main____ INFO      open files    : 262144
2026-03-23 17:19:41.605213 (3230452) main____ INFO      file size     : unlimited
2026-03-23 17:19:41.605215 (3230452) main____ INFO    ----------------------------------------
2026-03-23 17:19:41.605217 (3230452) main____ INFO    Memory statistics:
2026-03-23 17:19:41.605220 (3230452) main____ INFO      total physical memory  : 790648116 kB
2026-03-23 17:19:41.605222 (3230452) main____ INFO      free physical memory   : 764726624 kB
2026-03-23 17:19:41.605226 (3230452) main____ INFO      committed address space: 2352148 kB
2026-03-23 17:19:41.605228 (3230452) main____ INFO    ----------------------------------------
2026-03-23 17:19:41.605775 (3230452) main____ INFO    Important environment variables:
2026-03-23 17:19:41.605787 (3230452) main____ INFO      CDS_LIC_FILE       : '/opt/cadence/licenses/license.dat'
2026-03-23 17:19:41.605791 (3230452) main____ INFO      DISPLAY            : 'localhost:10.0'
2026-03-23 17:19:41.605793 (3230452) main____ INFO      JASPER_CPU_CHECK   : '1'
2026-03-23 17:19:41.605796 (3230452) main____ INFO      JASPER_INSTALL_DIR : '/opt/cadence/jasper_2025.06'
2026-03-23 17:19:41.605799 (3230452) main____ INFO      JASPER_KERNEL_CHECK: '1'
2026-03-23 17:19:41.605801 (3230452) main____ INFO      JASPER_OS_CHECK    : '1'
2026-03-23 17:19:41.605803 (3230452) main____ INFO      JASPER_PLATFORM    : 'Linux64'
2026-03-23 17:19:41.605806 (3230452) main____ INFO      LANG               : 'C.UTF-8'
2026-03-23 17:19:41.605808 (3230452) main____ INFO    ----------------------------------------
2026-03-23 17:19:41.605852 (3230452) lic_core INFO    Initializing license system ...
2026-03-23 17:19:41.614324 (3230466) lic_core INFO    [17:19:41.415673] Configured Lic search path (24.01-s003): /opt/cadence/licenses/license.dat
2026-03-23 17:19:41.620589 (3230452) lic_core INFO    ... license system initialized.
2026-03-23 17:19:41.620736 (3230452) lic__man INFO    Claim 'fpv' for <ui>.
2026-03-23 17:19:41.620759 (3230452) lic_core INFO    (1) checking out 'jasper_fpv' ...
2026-03-23 17:19:41.624640 (3230452) lic_core INFO    ... (1) checkout failed (error: -5) ("FLEXnet ERROR(-5, 0, 0): No such feature exists.")
2026-03-23 17:19:41.624659 (3230452) lic_core INFO    (2) checking out 'jasper_fao' ...
2026-03-23 17:19:41.633115 (3230452) lic_core INFO    ... (2) checkout succeeded
2026-03-23 17:19:41.678337 (3230452) session_ INFO    Starting analysis session with session id 'session_0' (launcher: <local>) ...
2026-03-23 17:19:41.680384 (3230452) session_ INFO    Analysis session with session id 'session_0' started (pid: 3230480)
2026-03-23 17:19:42.548279 (3230452) session_ INFO    Analysis session 'session_0' connected to the console (host: 127.0.0.1:55684)
2026-03-23 17:19:43.006597 (3230452) lic__man INFO    Unclaim everything for 'session_0'.
2026-03-23 17:19:43.054070 (3230452) lic__man INFO    Claim 'fpv' for 'session_0'.
2026-03-23 17:19:43.054095 (3230452) lic__man INFO    Claim 'fpv' for 'session_0/prove-0'.
2026-03-23 17:19:43.363079 (3230452) lic__man INFO    Unclaim everything for 'session_0/prove-0'.
2026-03-23 17:19:43.678878 (3230452) main____ INFO    About to exit: request to exit with status 0 received from analysis session 'session_0'
2026-03-23 17:19:43.842628 (3230452) session_ INFO    Analysis session 'session_0' disconnected.
2026-03-23 17:19:43.842763 (3230452) lic__man INFO    Unclaim everything for 'session_0'.
2026-03-23 17:19:43.842858 (3230452) session_ INFO    Process for analysis session 'session_0' has exited with exit status '0'.
2026-03-23 17:19:44.178784 (3230452) bridge__ INFO    jg_bridge has exited with exit status '0'.
2026-03-23 17:19:45.731100 (3230452) lic_core INFO    (2) checkin jasper_fao
2026-03-23 17:19:45.732006 (3230452) lic_core INFO    Lic Summary:
2026-03-23 17:19:45.732020 (3230452) lic_core INFO      [17:19:45.207625] Cdslmd servers:/opt/cadence/licenses/license.dat
2026-03-23 17:19:45.732023 (3230452) lic_core INFO      [17:19:45.731922] Feature usage summary:
2026-03-23 17:19:45.732025 (3230452) lic_core INFO      [17:19:45.731922] jasper_fao
2026-03-23 17:19:45.732099 (3230452) main____ INFO    Exiting with status 0.
